0.499928179379
0.481034765499
0.439570907207
0.499927614892
0.499898630905
0.499921220072
0.499896252643
0.499922809516
0.499945460447
0.499925872008
0.499927178999
0.499866433515
0.499942904794
0.4999573865
0.499908230989
0.499952142441
0.44249349065
0.499863359609
0.499883037951
0.499912430983
0.42568580041
0.499935927926
0.416513206532
0.471540958589
0.499962807751
0.499911169422
0.460872785807
0.499859991316
0.499880811306
0.499945350647
0.4997887764
0.499866445449
0.499962693755
0.366742679205
0.499920994102
0.499888508641
0.499963491457
0.49987758475
0.499957038326
0.49795337241
0.499967517932
0.499951949494
0.418915216807
0.499903880765
0.499902989635
0.499880487386
0.499885998448
0.499933202103
0.476178614492
0.47138770943
0.499952191714
0.499963118932
0.499830283737
0.499923109187
0.499932599311
0.391785400032
0.499887265255
0.482719349093
0.499807722063
0.41454877624
0.499932371505
0.499911500442
0.499941903636
0.499936311764
0.499935714484
0.499925747719
0.499945921351
0.489242473236
0.499936611677
0.499860499187
0.499938284261
0.49986843731
0.470300207498
0.49998215582
0.499946816793
0.499912802763
0.499909734162
0.499906049893
0.49987335894
0.356279157435
0.499914563226
0.367583845862
0.499937075857
0.499919957826
0.499938856567
0.499817647678
0.499929324782
0.467949476919
0.499979564086
0.499950218532
0.499942055853
0.499939543532
0.463285814247
0.499935547548
0.499853257451
0.499898251618
0.437652811758
0.499915108108
0.499883891811
0.499879685807
0.499952465759
0.499939699088
0.483277378407
0.499905673803
0.499859452092
0.499964917741
0.49995426208
0.469878783533
0.495438324577
0.499935103445
0.469355452207
0.499953032028
0.499945734739
0.405017628143
0.49989954231
0.499959203794
0.499734452599
0.476288285931
0.49992548438
0.447604823401
0.497467051505
0.499920263922
0.499952785692
0.499939741505
0.388615239899
0.499946814907
0.499902251353
0.443623724354
0.499871656087
0.499924298571
0.477770512084
0.499953273234
0.499954894873
0.499937512817
0.499927194567
0.499903085345
0.499925093528
0.499966892069
0.462786655754
0.499863912247
0.4999753459
0.49867853688
0.499938557779
0.437038436122
0.499945032519
0.461539048067
0.499932601677
0.499903905067
0.499866657462
0.498360083781
0.477975633857
0.499947428704
0.499899252063
0.499952817297
0.499941900285
0.499904048617
0.499871624168
0.42834379234
0.432945716504
0.499843781747
0.499930443505
0.499933346705
0.499853161184
0.499927472467
0.499951381829
0.457291247918
0.490228494891
0.499917637671
0.499886804266
0.435833293887
0.48751901449
0.499074934771
0.49992180325
0.499952851676
0.499839621126
0.499925522481
0.499895113873
0.499933611525
0.360121808718
0.4999114989
0.420341481027
0.499908229584
0.472187662496
0.49995405583
0.499873271392
0.499954655021
0.499877178197
0.4999134462
0.422537232658
0.411434259668
0.499899650487
0.413422204393
0.492527919119
0.40205925734
0.499909122173
0.499839645972
0.499970891932
0.499955368726
0.496230958676
0.499987113366
0.386534219817
0.499956460476
0.455163640941
0.445208852879
0.499928663175
0.485789167091
0.479255814904
0.396347032813
0.499925916946
0.499960827238
0.499972613353
0.499881858961
0.446587535732
0.428348349312
0.398544581386
0.429724784561
0.450989498006
0.499927641819
0.499960266258
0.499957104285
0.468246878876
0.499876339623
0.499847015511
0.496528321381
0.418170079942
0.48854299566
0.451586048642
0.465407562026
0.479805929503
0.472377621318
0.376293785978
0.388338441859
0.499936673432
0.390015145286
0.499921011006
0.347896848133
0.499935414102
0.358928864489
0.49993069053
0.499916490492
0.499939673939
0.499914456765
0.359776638667
0.429399783356
0.480439653563
0.499953903991
0.499896405138
0.491709846811
0.499917838706
0.499888122066
0.479425140045
0.499980532442
0.499943817993
0.499973520204
0.499874626185
0.499709983312
0.499949206017
0.49968495732
0.308520144061
0.471812043451
0.472349797217
0.455199918093
0.447461068735
0.495079701455
0.499967726062
0.499889178666
0.499939179614
0.450402852513
0.49992482129
0.499952813931
0.339334132984
0.247820519093
0.400318518858
0.49990752211
0.499827625015
0.432188532329
0.499951407084
0.488504863335
0.440466834069
0.49129636243
0.499867870775
0.480110005652
0.499968502755
0.49768315771
0.494435711406
0.310544943733
0.423958084726
0.499948337274
0.499805082362
0.443758449248
0.484608323069
0.42991384389
0.499829958652
0.460455564204
0.499876456183
0.499945246051
0.485207027134
0.499935882744
0.49996949526
0.49389637917
0.480075489285
0.416554814279
0.471925472369
0.499966608723
0.499936580025
0.457023094595
0.499962096916
0.478613737753
0.499945776297
0.476293755974
0.499938748492
0.499863239938
0.499957689262
0.499874571571
0.394838303278
0.499859781232
0.499841563997
0.499919427962
0.499912251578
0.44197938832
0.499970955394
0.453174536877
0.499971706204
0.499959920981
0.499967300954
0.499930273889
0.4238147475
0.488338954465
0.363612945602
0.499984519291
0.308172880554
0.497465079196
0.499907237331
0.485563430121
0.355304635882
0.499920120139
0.43683122321
0.385079953258
0.499880618262
0.49176418515
0.433597870704
0.499953235571
0.4999326215
0.499901862682
0.499967948664
0.246204945023
0.292976165539
0.49994172973
0.431277440957
0.499952128932
0.493241875685
0.489700647249
0.499937115392
0.499875486819
0.499980570575
0.469764325539
0.499888365114
0.413145795861
0.499907263826
0.377485238316
0.433858995751
0.499897033057
0.499961593974
0.499866986452
0.499822615497
0.499921453353
0.49994035383
0.429166248219
0.499942409493
0.2787632315
0.49994039901
0.294120197041
0.499802144635
0.49761167891
0.379510123738
0.499893493445
0.463433352386
0.499974261192
0.478822935773
0.499979885269
0.427352440279
0.499909466434
0.499893267862
0.499906607822
0.499898320838
0.485536234843
0.252569094713
0.286739651636
0.473809076377
0.340656719463
0.499912850817
0.499876325808
0.499976202572
0.357341860244
0.499950440731
0.286341988888
0.482967161546
0.393483140979
0.403830845703
0.499903046289
0.383673920799
0.499885604852
0.492646808257
0.499951791855
0.499901964932
0.49995474505
0.447286384934
0.499893263178
0.495403102861
0.499903377881
0.49995999287
0.469842177257
0.499890101346
0.49994354997
0.494535382798
0.49994622618
0.303977500341
0.493372456394
0.49986552199
0.485906886675
0.499935207074
0.499950365658
0.499915965741
0.387439091658
0.451584784261
0.378897889119
0.49994253933
0.499913179965
0.499923609524
0.49994426019
0.499961970162
0.499912176074
0.412236610376
0.476596996275
0.28039223694
0.366152948772
0.499864357099
0.478790494562
0.426672787206
0.476818407492
0.381500211115
0.499867168298
0.499919419512
0.499911591098
0.417132918927
0.499920188421
0.499861015781
0.368386744255
0.499929552579
0.49991970869
0.495544596185
0.36720739758
0.492122145116
0.499938697765
0.499927168729
0.499944423102
0.499919101786
0.473477119603
0.383644352813
0.499921759032
0.41223362281
0.499907519331
0.499914783116
0.499910875408
0.499958776534
0.499969385443
0.484559504101
0.369577854181
0.397530429131
0.499941348438
0.49996992351
0.49994252632
0.392871813439
0.491321280152
0.455815702623
0.343164857733
0.49994785532
0.466756716213
0.352921490334
0.319731117195
0.478944641784
0.499753215367
0.366191845755
0.499989580344
0.342563921958
0.499845459851
0.396495828131
0.499874302852
0.499836481704
0.437898137346
0.499890410575
0.350800193816
0.301658071165
0.384672450503
0.499885059692
0.335396372663
0.410034697298
0.499891528065
0.499887639111
0.352617570714
0.398093709852
0.411894705
0.499891134725
0.309870685008
0.367203648407
0.394856587911
0.380133239068
0.499947425583
0.426368182381
0.499890881652
0.499894524393
0.458492868292
0.472914322424
0.267317202645
0.499917153084
0.499910790808
0.395491112832
0.449567919847
0.423749022334
0.447854980228
0.499962238249
0.351591801392
0.413737667155
0.499773258963
0.49994411596
0.499899250541
0.499936390498
0.470457113225
0.499917092297
0.499954899861
0.331165185549
0.499893472577
0.460471145554
0.374060984181
0.315952849399
0.499944924256
0.499955826139
0.499749074134
0.294953950929
0.314641230587
0.368948548055
0.364619180615
0.464450851194
0.433308110903
0.397116606423
0.364105637903
0.499897482064
0.499930209689
0.422815811368
0.351965194058
0.367597120755
0.354801313254
0.49996344653
0.48715383352
0.499927134491
0.494511043266
0.380928642635
0.430926315357
0.488010976957
0.369407522651
0.366575485938
0.499897472693
0.499968368558
0.433076757586
0.296896549633
0.343226816606
0.386448978417
0.372243740625
0.454600820514
0.435590549904
0.499906726986
0.461774473284
0.431932849338
0.379465056618
0.430436118616
0.499920973121
0.316211967766
0.499894075076
0.499938891895
0.499877827068
0.494116154798
0.281728906562
0.437738113057
0.232686389051
0.153026857557
0.328069755275
0.499873543502
0.432226352479
0.499951743346
0.499840807444
0.237408046223
0.420525264628
0.374207771213
0.327781029999
0.400877687113
0.418407864408
0.378344163691
0.499866252325
0.276260679914
0.499910027018
0.334432152117
0.356749328109
0.466608606838
0.380485483998
0.313303885635
0.42640323339
0.499956515369
0.499930000128
0.499879495169
0.492858414501
0.450214493521
0.268302360119
0.487650241442
0.3099050203
0.418906938891
0.499946791823
0.499951703731
0.499947512935
0.499897168235
0.4999290549
0.499856958324
0.278098868033
0.499807336808
0.346333471161
0.258507490748
0.49994731397
0.499974695466
0.373293478974
0.369985869294
0.440504884021
0.488296885842
0.499903906507
0.311465526377
0.499728057874
0.49988040329
0.410846327309
0.499938204436
0.262725642651
0.438577705729
0.499894759473
0.499913558064
0.499970200082
0.497964214403
0.423930024374
0.437023498737
0.294253775206
0.491663542434
0.389777499823
0.49993733032
0.428699708241
0.423725815031
0.499922021552
0.495425814731
0.290114017311
0.384053668519
0.344644201318
0.499920468088
0.499918807278
0.308306878478
0.270691057974
0.325733098367
0.448620364789
0.439744031478
0.499818319057
0.468715590159
0.420806876406
0.321208907401
0.380775410723
0.362066844096
0.201141492448
0.499939210687
0.499946071756
0.434064475369
0.406698142709
0.313699761083
0.499961625808
0.423134812985
0.430873666074
0.34018052985
0.316087705241
0.477031403092
0.3786657934
0.372892809075
0.499840013835
0.29244061265
0.402159855588
0.415379378187
0.361479226436
0.350247799093
0.249534711082
0.40296338469
0.446477659233
0.349198921019
0.499906580125
0.499907763481
0.499932153325
0.350417177693
0.350073872775
0.386303625557
0.419967233835
0.499922899803
0.266449050639
0.325541978759
0.28296852178
0.443912746452
0.330391369573
0.463613311766
0.450512326665
0.311091424959
0.413642885734
0.4999458788
0.381797849191
0.364242645656
0.256928726494
0.499921475537
0.430965450429
0.295003780333
0.421870649636
0.49997383047
0.291855562927
0.391208066729
0.499972950892
0.281529511154
0.405217635727
0.339074034013
0.499970522022
0.271113018728
0.499923484339
0.262224640566
0.40299474568
0.12633314939
0.312266815447
0.411316676946
0.245992712685
0.499881026522
0.315721951356
0.425597940029
0.353031633512
0.273534784094
0.409356872838
0.406054208816
0.499861866773
0.423111431197
0.49992047596
0.353709548829
0.499977670099
0.266533247694
0.499898988668
0.416940010869
0.36348156448
0.473766193411
0.499944627243
0.266449275235
0.266505505141
0.192063340733
0.362433245461
0.426105110339
0.423112734042
0.436508628297
0.433913979954
0.423121429768
0.499887842326
0.342455136263
0.205373100885
0.440723533752
0.42804746071
0.344034713125
0.49993948565
0.31947849401
0.499913111988
0.499904687612
0.348050247131
0.499966419906
0.276394539233
0.25397756588
0.402698994968
0.350922967027
0.373049927734
0.346311802176
0.389289918736
0.155194261947
0.314425655069
0.21026773052
0.499940525775
0.202253104606
0.499948250327
0.499860088901
0.436325307114
0.417067502002
0.499947467679
0.25542275061
0.275912077097
0.431894758027
0.30990902791
0.402451405207
0.346142555218
0.45374779302
0.350999750769
0.43481930901
0.499945331657
0.261935569898
0.191614812426
0.339970964173
0.434248541057
0.344837470415
0.447781046064
0.14619405586
0.45931564208
0.339232273748
0.247650786603
0.300910340288
0.474481823402
0.335810722867
0.482431168774
0.292639117618
0.499927983706
0.325058300877
0.467218562828
0.499934591458
0.31162899002
0.490584571938
0.499945804852
0.418195839927
0.499909940185
0.197256078066
0.311560219606
0.499954022611
0.499884883135
0.49995523812
0.400558673509
0.359253996939
0.302095803764
0.499885707916
0.499952011106
0.499930847922
0.405961660222
0.278522675644
0.49991167055
0.182406709459
0.347509732163
0.152149456292
0.0824024476983
0.309892217016
0.2978100862
0.203572919194
0.492034133009
0.279938863562
0.22756776361
0.338041120588
0.328095588493
0.355453817502
0.365278361618
0.499954996452
0.259060455785
0.499920765055
0.368346591373
0.49991432316
0.408374082802
0.336132537773
0.257078900642
0.316070878207
0.4999489282
0.382850714885
0.338485841327
0.387445638012
0.348218256888
0.376349903683
0.454945882492
0.203681738804
0.499954515579
0.499943650681
0.392032717188
0.286243511283
0.209536382048
0.45218524328
0.499861302127
0.499899790409
0.393607229972
0.38036319168
0.499903899268
0.499889057222
0.369545831537
0.499935785652
0.41744501619
0.499875937042
0.375637397999
0.333876513768
0.499935942076
0.277838224044
0.488200886334
0.468729898769
0.434502525784
0.34187505719
0.359466450038
0.499955726831
0.4998921049
0.499980684464
0.413468694404
0.292051433199
0.499945813715
0.499875822343
0.40208709637
0.418632381152
0.433376063009
0.176470971722
0.181371626895
0.284164896177
0.487785379904
0.189800875679
0.499931027766
0.465242990564
0.279609816462
0.417923905909
0.376999394213
0.499946910409
0.308875342575
0.369263568805
0.413212503952
0.499934034756
0.241679092857
0.333459474467
0.203951119962
0.49991346039
0.294632361642
0.239168077269
0.355530063491
0.499929110185
0.276392578737
0.499970713419
0.270392344218
0.346692511692
0.433812608154
0.186059374057
0.29303523534
0.415090214506
0.499886102396
0.179536553381
0.499947644766
0.399978611948
0.499885040594
0.499905121274
0.282252281569
0.3186693693
0.301376554792
0.49988069658
0.259825160674
0.277290231019
0.252450818663
0.49993015444
0.276207114326
0.377512685678
0.499918875945
0.351626339625
0.230684876171
0.472526337159
0.358943644887
0.320338203659
0.275298571817
0.326943036515
0.350748255007
0.386432998339
0.180073517135
0.345471559166
0.367089583317
0.499872458483
0.499910874772
0.247977060016
0.395245057713
0.499978089181
0.261229427149
0.128324001098
0.233064475008
0.290934407079
0.49992672443
0.246821234838
0.288821438427
0.348703361763
0.363452710053
0.268292799822
0.311813412457
0.344464771988
0.243262651849
0.280667843961
0.324633199173
0.339677522634
0.499957842345
0.232332893533
0.463024493874
0.49987091606
0.462900504862
0.377729902061
0.354460191904
0.499977408186
0.304772766111
0.315626436777
0.269232128053
0.328000044328
0.285691921434
0.277163702516
0.291642438344
0.499939541161
0.350777764577
0.201613857244
0.428455147101
0.342883877503
0.304442980109
0.499944639371
0.365771143851
0.275693145697
0.152600100648
0.499932024432
0.274959111234
0.468846167163
0.304050994452
0.282731627963
0.499882994015
0.346891163682
0.143141384797
0.499934729489
0.15283132344
0.206766953172
0.499965922004
0.355497823443
0.168270834368
0.499924034816
0.279625148158
0.429044659664
0.377831367741
0.499950884066
0.499926826304
0.25699522841
0.499954088871
0.168029860338
0.499937410025
0.445514836703
0.198970823804
0.499967578724
0.499925375513
0.27586384608
0.265711226924
0.153598887868
0.499926072169
0.347175114548
0.499903247586
0.237131667982
0.499891047767
0.112057363652
0.121411885385
0.15514823933
0.499929079683
0.49994509874
0.300587802142
0.499942162921
0.499919855287
0.373505219514
0.190815301289
0.223286900307
0.153011017571
0.292175052688
0.284536550333
0.256211954647
0.333592354021
0.283561683282
0.499960170137
0.499876912752
0.298682759271
0.38706139999
0.133794052233
0.320136851766
0.348571217752
0.499862553119
0.206041807708
0.404515438822
0.250420362438
0.156546459619
0.229990086776
0.273572201565
0.499962335531
0.130506778816
0.499885635104
0.499964815535
0.499900366986
0.275813435053
0.499923525433
0.499918614658
0.499947629004
0.499939115608
0.499960993074
0.499917190081
0.122236341538
0.289464518402
0.40060933854
0.231708352348
0.408571938642
0.245560607965
0.387867921651
0.248311885141
0.263128247509
0.343309785258
0.193148471379
0.313899495522
0.256830253655
0.499950603112
0.37891741049
0.387049013928
0.226326132695
0.38706478651
0.278755159322
0.352892476629
0.499832684667
0.253263390667
0.230056901984
0.263789737279
0.49992132665
0.499975813525
0.499912621184
0.200652192208
0.499910553974
0.268572164465
0.499750093603
0.414271688667
0.166166058689
0.182526554134
0.499920093988
0.499887120878
0.499907799424
0.163839705459
0.326408552385
0.266270847316
0.49989633678
0.274383123704
0.292497186143
0.499893758576
0.19377798561
0.168553133506
0.49992651459
0.499927779658
0.499914747058
0.499891898973
0.190988119835
0.0979123231299
0.49982995522
0.203339339109
0.328008788282
0.499851575482
0.220790694252
0.436098390986
0.240352858292
0.19930527904
0.242393462222
0.499771826643
0.499935419849
0.214540811003
0.29668600959
0.499855037512
0.499856477273
0.394355857435
0.156678017942
0.239620293211
0.194756557128
0.304334570887
0.216150792579
0.296021960782
0.499965388501
0.276096741544
0.499905586417
0.170521878674
0.499857507253
0.49981543278
0.310629701036
0.499899301371
0.499937610316
0.499824461214
0.414523794722
0.485047912969
0.499897876746
0.470907653266
0.173257093224
0.135548592637
0.412697825239
0.290595175828
0.171397534197
0.282828136131
0.184366583174
0.243175704739
0.274782857907
0.260020620145
0.499856428987
0.141470009048
0.386366779348
0.499873055762
0.41984658885
0.409211270334
0.131973119413
0.261449564999
0.386394951752
0.327813877002
0.247021728484
0.386570848467
0.453847562126
0.134034611367
0.49996877583
0.197983966131
0.401906927652
0.394871630076
0.440209273393
0.407589747793
0.499979458817
0.448539009095
0.445866868817
0.49989713705
0.499926637803
0.499658655832
0.302893308193
0.194384644127
0.32085582688
0.235248953955
0.499900056822
0.329078049307
0.459496542718
0.39657439713
0.375396792494
0.337566858161
0.311984014546
0.32603635491
0.192611607361
0.252074952706
0.250916915363
0.459924385352
0.499540663661
0.440175086807
0.166284030262
0.253962274106
0.194873288919
0.499965890585
0.338525025174
0.2147215946
0.499880338905
0.499928925629
0.269285358884
0.342194601628
0.499931964606
0.499907223021
0.3507207887
0.416732681706
0.296824827006
0.353694108446
0.434218049585
0.499930734784
0.368975276924
0.436670186171
0.496018601967
0.251424870854
0.251645417038
0.491726594708
0.162355782937
0.49990624675
0.266653199435
0.459261204532
0.499931381124
0.374372755071
0.284926394005
0.166570032249
0.499934564986
0.303241641618
0.213451443726
0.269683589054
0.376077393585
0.143576830722
0.415806743478
0.380362052601
0.383779434085
0.385196208819
0.45504027568
0.221516054244
0.367166433529
0.274349913809
0.434842627636
0.406061637096
0.49991790297
0.126649579152
0.247747186601
0.499903620452
0.496606096437
0.362489726074
0.151380238125
0.310801553404
0.499906489479
0.196240135378
0.392786392479
0.247233160301
0.173032002193
0.415085693633
0.290594920002
0.417063370683
0.42617875399
0.323170896082
0.311791192947
0.284805046468
0.285652666006
0.42300848841
0.196715026211
0.388005079118
0.499948944816
0.381491320734
0.419572681393
0.499937516446
0.295561941859
0.259894726423
0.499865795183
0.428456155209
0.388570955524
0.367608995206
0.24379246995
0.369148493128
0.420695712872
0.238247337635
0.119943442099
0.499950712798
0.49989576288
0.353589647004
0.354169101822
0.22556469693
0.211359633044
0.305206121351
0.294797503562
0.179104198591
0.305918588819
0.217258686383
0.20203217672
0.499919002481
0.35543675721
0.32098758912
0.230557262174
0.478768570517
0.231755031975
0.231359795137
0.220700886388
0.21071304754
0.499908039466
0.246317047659
0.491147116034
0.195616896673
0.499912920693
0.425010405617
0.235748245743
0.429666933685
0.137824348094
0.307809140927
0.141066212279
0.483028038794
0.499892186795
0.210885537886
0.499906400366
0.215834927653
0.192729512268
0.214119474723
0.412575014921
0.341986327857
0.499919171659
0.499830518126
0.334411976408
0.118836373495
0.217972418632
0.108828728579
0.148436225416
0.392568825859
0.269733328983
0.222681618247
0.194111650075
0.499964601394
0.0899142790417
0.170063721982
0.22602910734
0.302517840388
0.126471431888
0.262576774936
0.219089972604
0.155078811553
0.258793836752
0.32156508813
0.214424480654
0.209813015646
0.367002385214
0.145994564886
0.162181282121
0.215869084626
0.499919360514
0.279786425583
0.229953855349
0.286531615697
0.239328699258
0.236321026221
0.239312939992
0.190623166211
0.232550008789
0.21031940147
0.499811938054
0.137968508428
0.141297541104
0.49996288688
0.499976729018
0.336681051945
0.49993120727
0.462476979879
0.125518138155
0.499912425416
0.499938196875
0.389148785496
0.231632764233
0.0968869936556
0.186650420394
0.421017084146
0.32556810976
0.408570036833
0.299464515751
0.257961466794
0.312560101952
0.219039149241
0.418425717
0.240969580352
0.378224367626
0.186639396577
0.49993130932
0.232864006264
0.499868099754
0.309003197332
0.283837722612
0.499763884116
0.365631161402
0.246732819694
0.273867646693
0.441106255389
0.499973938801
0.190278061334
0.231557667781
0.221655599249
0.499902758447
0.2747495158
0.250582499498
0.188320535226
0.264485359487
0.218067452518
0.309651366012
0.348708550268
0.413988092949
0.328099798198
0.212745514197
0.397080717847
0.172119260045
0.156863881562
0.186208838434
0.270530612955
0.283248700324
0.274946601894
0.285587886758
0.129931591999
0.301354659035
0.210021600768
0.251390399483
0.207894904701
0.344940777874
0.291131999673
0.314237434807
0.198232265791
0.483355959669
0.273956826949
0.114145589878
0.209401994334
0.499963985955
0.217925433206
0.220494618088
0.499862969745
0.327997275864
0.404768796025
0.204185349878
0.265895451232
0.118953088065
0.290392474392
0.120568939597
0.260288636389
0.32184515584
0.181085440875
0.329473290889
0.454151799761
0.326188457988
0.383250809901
0.253204784732
0.356148411496
0.276378906505
0.274468286679
0.282481742968
0.23314896817
0.27177569385
0.499896091595
0.231113949653
0.33309473881
0.165700033445
0.187807304375
0.444125442057
0.306982520541
0.499916837291
0.16863188235
0.165293249996
0.186973810081
0.447669566742
0.368788704446
0.208132708511
0.275455153281
0.128065518061
0.197676523922
0.235860147581
0.269986156244
0.499948190772
0.260755929842
0.499951728095
0.150453967974
0.199322228996
0.294481310846
0.170476446431
0.499869880464
0.211122323884
0.405376357021
0.16429382044
0.4998542375
0.16645000494
0.285394063643
0.218192069671
0.225597136654
0.438395543841
0.253042363456
0.430285886941
0.229215108926
0.20894668498
0.378897047953
0.325218054835
0.178685867528
0.18900364212
0.222855872606
0.234960789219
0.212568342249
0.343445761009
0.257204526589
0.161436057109
0.164500658644
0.499920818919
0.216413532839
0.277582095652
0.239280858638
0.15099542927
0.359228122453
0.164945962702
0.274561842352
0.331300030039
0.343992821473
0.358572715506
0.183214887643
0.369870774846
0.28950265236
0.228582343944
0.18518861147
0.242721042012
0.0845950516704
0.3680661568
0.209800391233
0.309060110648
0.272171026563
0.152172808003
0.354105255687
0.193043656093
0.120899513366
0.270621334962
0.142369819568
0.260011608656
0.311373416661
0.152173486513
0.376910205771
0.207286484061
0.288598955763
0.352349722648
0.178718626121
0.278254857755
0.236302278377
0.222722677536
0.233087231625
0.322466398787
0.28140742995
0.127209431333
0.14786341788
0.287825756942
0.15734457622
0.173193211434
0.316584788291
0.236529362039
0.221245640563
0.160701318605
0.230352660587
0.231585144131
0.165401712339
0.41742026519
0.159969859644
0.220353079053
0.499943728737
0.252421291351
0.293316486016
0.211882781156
0.306345553678
0.250448031461
0.282171018431
0.164190325011
0.209852693295
0.205100699988
0.166571601773
0.25493911975
0.16524615852
0.168433470204
0.178165130946
0.29715248178
0.386079186003
0.140831699931
0.2318034456
0.18583077842
0.37189166734
0.311418456479
0.141882784246
0.242421855896
0.118196988116
0.293103931638
0.499952979835
0.245355763963
0.304307765533
0.24722566515
0.152754985448
0.499949617775
0.231330943702
0.35551417735
0.145487912752
0.191127212202
0.450974332391
0.299770150691
0.199280448855
0.423914996548
0.192909923408
0.226881600603
0.384776156686
0.454446943916
0.148389683694
0.2287535306
0.166724561557
0.251745346556
0.198668195119
0.49991603338
0.277752043691
0.256066212652
0.255348170304
0.302385825449
0.294498587452
0.203560128944
0.250501297842
0.205672776661
0.244829410513
0.15411717467
0.358001618777
0.282092847981
0.360014848588
0.188551102058
0.19065155694
0.293720996268
0.421482002295
0.30127948422
0.233971508355
0.242291323176
0.230134982138
0.252579398619
0.434637112821
0.281338744342
0.166071175594
0.14502299376
0.429302147889
0.215899641961
0.277146072501
0.27825830896
0.263618892014
0.289006901151
0.319781027854
0.25151343262
0.188160846849
0.371581798731
0.322176912697
0.258142697827
0.129325223993
0.260982661845
0.0820810063416
0.351730402053
0.282167196584
0.270732984696
0.34587665435
0.446205038267
0.313621953124
0.321370251817
0.249229760314
0.3752724163
0.301505514805
0.225686077943
0.419538133366
0.26523615659
0.172425180002
0.200050777537
0.170124885538
0.357828440372
0.182665745501
0.14520289378
0.22671528643
0.138497920707
0.39772238736
0.217675049982
0.183383467005
0.397369109098
0.267820742314
0.126370644205
0.238025629575
0.20004244015
0.195273460708
0.47485906997
0.206360800686
0.258588793982
0.153817173574
0.268862917036
0.19551439747
0.499946025314
0.235418450395
0.491804777745
0.303936724261
0.231389401006
0.116616150584
0.472547859211
0.216049410603
0.168640968443
0.213312120198
0.187509794935
0.13603829974
0.373728784151
0.287443344362
0.156629218797
0.207684516478
0.277563749683
0.298157252886
0.226660056602
0.499931520291
0.237014893216
0.219629581971
0.422845978253
0.186699134734
0.363750485558
0.214008017122
0.211210988697
0.247671599979
0.295699180514
0.222836346604
0.204475722415
0.301126971423
0.240554881893
0.302303779005
0.341232794336
0.334384936354
0.29702511797
0.16604151987
0.486174964797
0.16250390169
0.337078391062
0.0953129977505
0.499907557967
0.237907706772
0.364818648607
0.464151578276
0.0985209810328
0.15771169108
0.121765585846
0.209967971438
0.245803863655
0.234597710079
0.160031230371
0.166402949147
0.28879166302
0.161591249731
0.153378116686
0.181849714414
0.209940193141
0.499809061254
0.26437903235
0.499967692132
0.256323379517
0.354412841995
0.228330194154
0.387155582432
0.283204895581
0.217106016311
0.341526265557
0.430943120787
0.276179714268
0.1871332281
0.499930107981
0.241641760217
0.499899887374
0.206541282275
0.499815225586
0.484390478572
0.165000803179
0.441750726923
0.131814738911
0.260224369714
0.290438293978
0.142812477899
0.249297085111
0.17161021787
0.174625146651
0.162381944676
0.229378954605
0.499926133598
0.188706707967
0.255110977394
0.113334970625
0.499891541144
0.243408777283
0.374118770992
0.357796605309
0.125727871189
0.229648178105
0.428855656435
0.314634737106
0.237902236051
0.243368675317
0.200131663569
0.499917587658
0.49994399564
0.358189815485
0.479729761116
0.252423283682
0.215701709924
0.391306850896
0.499716164791
0.0931765278828
0.170131278509
0.243583572437
0.349431273093
0.189165147459
0.309864350966
0.215777383133
0.220517572671
0.222088572971
0.27612567155
0.287445791725
0.281233089632
0.219210569609
0.465521028503
0.499907677689
0.263647874019
0.287204847633
0.269971977016
0.256029751494
0.192794405726
0.43539859736
0.256352382955
0.248139377571
0.237014988352
0.202846379591
0.274927195011
0.204823780403
0.256552319464
0.499901513326
0.248317541599
0.241909822336
0.272971993694
0.499894036477
0.184748545619
0.153032947415
0.358943725614
0.266800017787
0.282482818854
0.354406544537
0.268682280905
0.147504896853
0.221458705316
0.268586876976
0.130940598974
0.154374044127
0.205935481809
0.208132715123
0.176703806332
0.484541349454
0.288575975249
0.362219371151
0.18168779458
0.186785657872
0.125656083345
0.355937989127
0.293625707784
0.263285342281
0.499826999799
0.139560096451
0.128744604028
0.215383914291
0.279220304655
0.44170684913
0.269002111788
0.339268363682
0.392041078548
0.208037113938
0.400630808913
0.154542435902
0.297177364458
0.366116856062
0.0922605993743
0.345133276237
0.499939611635
0.163670359835
0.269652471155
0.311427219173
0.499880628374
0.30038326645
0.34743356478
0.195772668967
0.129260126596
0.288378615446
0.286278291335
0.155348573357
0.208069066836
0.267928328882
0.219761857732
0.243159377505
0.158567403943
0.21229181759
0.161820300993
0.389581636642
0.499981962537
0.135995670808
0.275696879442
0.132635584832
0.220484385276
0.235960834309
0.356103883086
0.329119191178
0.251945682586
0.207500336694
0.273248420368
0.115099732208
0.158364372248
0.154285748979
0.214972642374
0.383044749576
0.307314650866
0.349456671918
0.253387041479
0.279698024449
0.190750421013
0.472635608527
0.203653423452
0.241866841117
0.329994678719
0.267239563937
0.499890454369
0.208889468706
0.269377834645
0.200422488661
0.307391956991
0.498415247401
0.409056039113
0.13960685144
0.187483497654
0.200456217412
0.421857557817
0.231390249773
0.109691367905
0.415582433214
0.247739198675
0.264395296855
0.464434808923
0.17695627345
0.199302479838
0.1094745378
0.284745474969
0.204046980102
0.129900902767
0.245256784597
0.404812646221
0.343126353236
0.326045082317
0.217886865387
0.290019846464
0.312806538609
0.1944588544
0.159935048803
0.444733003908
0.388595897368
0.210384886805
0.13081539029
0.164230415223
0.287276290029
0.419224641365
0.138325279053
0.247540323172
0.275319382042
0.252936368069
0.309790122981
0.243048056402
0.235306604509
0.265415230252
0.146009833492
0.302267798451
0.150579676908
0.465788051713
0.263067451285
0.125605324768
0.254550262215
0.128488525924
0.210799688743
0.354549690479
0.120834090829
0.187771552358
0.494167331475
0.241814165058
0.370151669996
0.0839045188479
0.17483018349
0.360228138977
0.192832841585
0.236728194783
0.353533081013
0.27154354511
0.206909847373
0.493244561068
0.116712034892
0.138935098126
0.473717098521
0.205839873556
0.0848200587771
0.498956835797
0.30097502781
0.255241429607
0.440316552827
0.354354752414
0.353803235457
0.205351907853
0.213766395448
0.489315881339
0.242806281202
0.240652618696
0.236601285393
0.19281224391
0.49147478205
0.2729425163
0.20334032035
0.371177896446
0.145365563432
0.482869835902
0.192054812985
0.494321631244
0.146958798688
0.246657920727
0.499926921034
0.176952151982
0.195255703665
0.47827428439
0.184872846782
0.324625356639
0.141677338028
0.12431182578
0.499924530003
0.208696072499
0.170420447926
0.161083079342
0.368904964465
0.173721146296
0.207286553365
0.145907057861
0.174205072258
0.180074379634
0.362989920291
0.184566468057
0.305230579059
0.352828677324
0.0944486828044
0.231902828214
0.349117564182
0.223469744661
0.2557136742
0.141652398429
0.136467416417
0.202573690862
0.309836871032
0.297439582863
0.199810507812
0.192644700827
0.260831553267
0.106595155726
0.18178258034
0.241078296976
0.195565946739
0.167013632894
0.27249380931
0.151658476368
0.492510241354
0.289826708726
0.113688757171
0.244985821334
0.145739926147
0.207703865456
0.0912565712342
0.254630242386
0.187577618431
0.191936042413
0.231738200572
0.139788892496
0.478050323797
0.254648539425
0.185011235717
0.0812717608625
0.499916163992
0.499829972697
0.154771772002
0.178392132553
0.147272931049
0.238217113037
0.242947464976
0.262916995779
0.157573647096
0.226913133904
0.499881904399
0.274616067356
0.117510114188
0.279651683075
0.102016261809
0.23251998433
0.124761346777
0.254455104077
0.38680378767
0.201842730077
0.155598392726
0.173272606916
0.233085274461
0.491883378631
0.247188202903
0.256869194385
0.262802230334
0.192731643749
0.195443315612
0.162729122975
0.306048629248
0.123623483228
0.193530647075
0.292763882761
0.167848150443
0.118419631087
0.475966790451
0.251625197377
0.147957755408
0.152728689096
0.20766893059
0.445221570553
0.415388637662
0.122191327208
0.39338264303
0.168976906058
0.228177911445
0.234545924088
0.232188785701
0.207247193047
0.184245601277
0.282738944205
0.19076377647
0.106125017168
0.117054079817
0.252622738903
0.208885809539
0.156946018124
0.193829925994
0.141243757615
0.200854405335
0.127071306676
0.123147637112
0.307965221287
0.191303584367
0.200476023899
0.157639365092
0.338201448606
0.195088359053
0.250534892033
0.153337423138
0.499940031491
0.188746239875
0.221244449265
0.170924297558
0.198712776324
0.408418087866
0.499935544946
0.129901737493
0.193708227163
0.175288668369
0.195898025609
0.16807862613
0.170237550972
0.208396031497
0.0861761060951
0.151136656292
0.126880396744
0.206657998885
0.226719007381
0.227356854314
0.247570014864
0.180073953199
0.225659350373
0.227005775159
0.199285997524
0.341239200871
0.456608550888
0.241122151916
0.164266847922
0.2703126066
0.275555619969
0.137077049127
0.317703904198
0.185298445296
0.199492834255
0.23322782754
0.161885673381
0.366806718104
0.313487823582
0.304597382567
0.340486824128
0.121046190636
0.206479121828
0.273257452853
0.217159300188
0.186291556959
0.262385174916
0.178024981231
0.249176065543
0.140746648865
0.179681704882
0.296400718299
0.354926565049
0.272342684223
0.212978195598
0.234845931414
0.257262135355
0.228813869146
0.499939495359
0.286153028079
0.266906925611
0.303610418424
0.244739211849
0.140165544835
0.115529389622
0.188888783299
0.26937154256
0.185331512757
0.306068319842
0.112000619676
0.177882685876
0.184875053257
0.262167168785
0.191309160227
0.451761181925
0.127895902302
0.20012149978
0.26635894935
0.276548119295
0.2511202884
0.131678863154
0.266013654594
0.183857157515
0.238437302037
0.476454238464
0.0890931805338
0.158071905534
0.282769763816
0.185546555616
0.295951256435
0.196002905857
0.193443439922
0.185572922895
0.218591823911
0.229900795839
0.499904511021
0.287489600071
0.218027368197
0.212200521856
0.247222947622
0.157803297018
0.19842010269
0.0866676838836
0.298443187043
0.187048724607
0.436359806477
0.13760443508
0.193358493848
0.132469157693
0.176991707096
0.499943250012
0.249132273625
0.122558691607
0.164495077919
0.161323473727
0.416767677168
0.25561349699
0.224188210241
0.152892475376
0.128970847127
0.152794034225
0.366097581293
0.280577666707
0.133217779289
0.162633042096
0.215021476147
0.133677435669
0.166567739101
0.24522271141
0.110503777349
0.181016273677
0.313011640859
0.254485406801
0.226317506443
0.499959849188
0.305493784444
0.153858287216
0.499974109213
0.199342776116
0.305866051615
0.158164901657
0.189671747388
0.232142043845
0.257556205439
0.264889047271
0.206612677425
0.131019026178
0.22541421903
0.250024876176
0.21313091327
0.297111378044
0.277732406394
0.204537470813
0.304370101269
0.155691025109
0.123519122549
0.167198728521
0.148586391564
0.193149783177
0.131720818184
0.156463473693
0.226842417974
0.140879957116
0.365419000911
0.159311078973
0.235678146942
0.499836068805
0.164972329411
0.116785118544
0.179761822619
0.245029079281
0.153963109152
0.171082879392
0.118002874674
0.184587606903
0.14966040726
0.153073631382
0.499876116605
0.132340013481
0.277276026868
0.0892457256628
0.100099700074
0.294880660887
0.187038793145
0.231934605254
0.114993608442
0.267074493269
0.36117509263
0.260626770674
0.255063786003
0.201583214851
0.237283230938
0.269610682774
0.256005810852
0.276195891036
0.176664776113
0.49985407799
0.236845764434
0.230356766181
0.278799741484
0.162135389562
0.29539631609
0.202124547395
0.246632170426
0.274853817727
0.183760117185
0.307228488227
0.309267014781
0.342098736781
0.111836532273
0.229513336333
0.192709396586
0.177295901102
0.499923327353
0.157355530732
0.226534972902
0.172499026871
0.46898675258
0.455737749923
0.253526739211
0.224477936856
0.173947160972
0.19629031419
0.458506711764
0.240033637969
0.138701289976
0.195489588834
0.392492099369
0.288653227626
0.239458131758
0.223140262007
0.221657993987
0.268155106376
0.452316382216
0.237378293142
0.483142360478
0.110052821426
0.415041224975
0.10702872827
0.142779003539
0.258483447338
0.33488045906
0.272555146746
0.30884958929
0.205070697172
0.156766530555
0.226931213179
0.340052021811
0.256977191064
0.251850353519
0.083030970873
0.375178865127
0.499880050986
0.216866967554
0.499945247737
0.499912842262
0.291830441025
0.241742804136
0.185784986112
0.111474587023
0.245081670785
0.206646394543
0.194234360465
0.222092943969
0.446061461878
0.425583559383
0.290249678899
0.123077074705
0.37730246008
0.180816487406
0.270192201204
0.148985268337
0.102481155412
0.214380922167
0.22786642422
0.247961630521
0.201560902868
0.0840868168021
0.191444954008
0.157581236414
0.238166807957
0.109943733971
0.187583314134
0.114135485379
0.378703926449
0.480543979193
0.193041507957
0.165157070529
0.243368308886
0.499919850152
0.145923928234
0.312095190217
0.272236260028
0.142982131661
0.300255434132
0.243598063734
0.260572877233
0.32148938797
0.472686176253
0.255170204027
0.122654585948
0.227333167812
0.227204360861
0.434020002314
0.239501648898
0.220613343443
0.159448386702
0.172543660769
0.172229403744
0.161557371215
0.248399161669
0.275367128736
0.249563240922
0.142803261273
0.35047472512
0.145581290948
0.271898593643
0.191954970042
0.291070356338
0.436500540533
0.189185153195
0.225950817508
0.424737926356
0.0995732653838
0.19782264808
0.227478520958
0.342602418485
0.136151905242
0.108982170367
0.176893740973
0.275153584155
0.419876281034
0.177005686405
0.178622535936
0.128775536641
0.325111377789
0.15186410797
0.166452953464
0.10870025042
0.240127889515
0.163208009972
0.499911015468
0.379988704525
0.0782422698929
0.17296094595
0.197614520105
0.268640656634
0.208411648303
0.229845749379
0.225839539208
0.0859933692303
0.187768843173
0.132799563388
0.183170334718
0.294523740945
0.225864721904
0.476527961642
0.108143280919
0.280404934903
0.234746404721
0.260733186605
0.197956511048
0.164380167209
0.191580682788
0.347141736577
0.499858972974
0.194682899892
0.234286673173
0.328314829079
0.303761340377
0.172375213602
0.295860812122
0.194426600144
0.238968864102
0.122517427511
0.172739903717
0.239695795318
0.167142358865
0.193257258615
0.402014091093
0.2364080533
0.30281900403
0.239305261058
0.169179417163
0.216230285902
0.370769178183
0.290579854262
0.169717905808
0.184702197424
0.231423188769
0.296357878454
0.160936957971
0.194850894269
0.128651784251
0.410659632354
0.195977082977
0.282431986048
0.182145648364
0.288818184826
0.176708476532
0.0944345684551
0.499937071878
0.218086123601
0.184942974652
0.426332262203
0.226579194193
0.179293250042
0.293625865517
0.176833586975
0.2237150282
0.229567598647
0.149867121036
0.113821377508
0.190765475804
0.190841530174
0.0761848340588
0.151782236881
0.134001456552
0.29238914882
0.26797421669
0.126645350567
0.258446146175
0.331733791829
0.426116823582
0.239654382897
0.456566873911
0.211366796519
0.34225105723
0.254077794994
0.201364192457
0.22840253603
0.289709903543
0.174695744874
0.205603434808
0.263160912042
0.118741225766
0.266232201069
0.259865683342
0.15843515126
0.204691538325
0.140209691132
0.266128730024
0.250227060486
0.232860050371
0.153329354018
0.20188001023
0.130049122986
0.12876272241
0.194612341061
0.14009182992
0.42827067253
0.257878875502
0.386350802461
0.208915675148
0.488033598395
0.149113855854
0.18899674523
0.499866016952
0.166814483093
0.499885243032
0.216387510372
0.260846598337
0.117076889129
0.190001249085
0.235777767462
0.305461468307
0.310566005109
0.139960063991
0.10504155138
0.173421324099
0.158363222297
0.195649791003
0.218830784835
0.274591406835
0.126155851049
0.262027667179
0.223241888376
0.207356791672
0.116757489233
0.361865034624
0.312121321718
0.172861189978
0.0880851795271
0.285794460954
0.187845132699
0.218410387291
0.354089963978
0.297103348773
0.301519830873
0.294262911799
0.294901132833
0.171932453605
0.374598620979
0.282330439305
0.140756720954
0.487284276251
0.0658163123947
0.204202795008
0.420988168148
0.249085558839
0.164393556911
0.15606965162
0.22007237103
0.306611393766
0.248783410766
0.285216027423
0.153461307613
0.190211220824
0.15168732919
0.459152527831
0.209292655511
0.0987757905957
0.357767373621
0.331800432865
0.206649428907
0.253885623524
0.23887420014
0.189765308842
0.117564430011
0.203849457552
0.122649694299
0.195565820176
0.278748611336
0.111800797506
0.499966774974
0.168365206927
0.163710354336
0.165749898086
0.169246525575
0.178067279677
0.242348024975
0.22500036833
0.18765933736
0.334303324281
0.499967928817
0.16066825822
0.179093801783
0.273939479344
0.154731825562
0.243486572245
0.17560591846
0.295372950244
0.129257176142
0.161916521537
0.162858598542
0.499853353171
0.162302313324
0.158292839689
0.332332634124
0.129307041324
0.204505267527
0.159516385474
0.256512046016
0.1073324233
0.2395326262
0.14578401668
0.121162945392
0.190280040716
0.287448963172
0.246276168202
0.12866836776
0.252096477119
0.150039186091
0.237748678253
0.181279904182
0.463833137107
0.275118874305
0.224173992939
0.135321490803
0.204190175003
0.356001407351
0.10171745519
0.225220875391
0.262530863055
0.155686898062
0.247992756171
0.374462535549
0.337055823662
0.168887847011
0.272267240626
0.192927969642
0.161295305528
0.280038272441
0.150493525339
0.319773078423
0.242730289134
0.322399345126
0.238088282193
0.295890776737
0.140165569628
0.213641094054
0.190347969158
0.330535329154
0.189287263624
0.233713421694
0.113026240197
0.203518536058
0.298344507141
0.215431043366
0.21044205985
0.14858973186
0.136108197662
0.310509168717
0.191664143634
0.26497004232
0.151395936579
0.202316317066
0.156165648361
0.201431755836
0.183716236209
0.499888471575
0.166894935102
0.120979783614
0.499945216696
0.100512185006
0.297381296393
0.261214347068
0.143959417075
0.272872032997
0.205983181017
0.223593621416
0.223351560154
0.162313171072
0.110404880786
0.188549616489
0.268999408366
0.330393774522
0.0896346474342
0.205474653079
0.150093591098
0.257830053825
0.223841353951
0.162549992291
0.275453423439
0.198169355303
0.272020579577
0.160843689032
0.211506789799
0.157404130028
0.253291123256
0.314758274633
0.14311755629
0.144842888353
0.167403700709
0.260890650021
0.107004027096
0.120485142158
0.158797133168
0.152361880599
0.326878532323
0.277062286109
0.20673169788
0.167675749851
0.474777047014
0.228840417983
0.330441856684
0.166308332817
0.290423369315
0.180771643713
0.163104996412
0.371649741432
0.249869612944
0.264057048176
0.20931288438
0.157820361931
0.225757761068
0.194765214263
0.126353400677
0.306974658405
0.333385401153
0.195494912093
0.147274751669
0.174333424454
0.195678874063
0.236269414624
0.240148883451
0.133228279206
0.278470791018
0.191843856253
0.450378060853
0.2009336787
0.255957649092
0.181085261413
0.175285399348
0.206508598368
0.151589054291
0.203811462373
0.197136363573
0.284028435962
0.0917526874778
0.215312342701
0.150524493321
0.253578728549
0.499883184211
0.191705992768
0.23193030653
0.475307511643
0.238616355545
0.186653090931
0.0720591811998
0.139905580104
0.477173831137
0.197094088812
0.136901346971
0.287982290265
0.356671121631
0.234272248557
0.148370280464
0.27966522174
0.298714990983
0.209516473657
0.159407373159
0.2483011524
0.194499895219
0.213818149797
0.15973193107
0.263650406185
0.272210118974
0.16233208716
0.171090307174
0.128719974345
0.130300129726
0.153453753703
0.172369339688
0.283566449959
0.131617667966
0.215753446492
0.259583694737
0.231901644431
0.18258248751
0.228970976682
0.303179562371
0.334352366865
0.162330898005
0.166843160898
0.250535957261
0.198740872071
0.171897469849
0.287714323146
0.11944373299
0.187964010994
0.15470411267
0.244823386801
0.124510786831
0.213803977816
0.10146657087
0.486526228539
0.262520830909
0.414464924828
0.174574088261
0.14275545021
0.239209411052
0.129323893219
0.275468553505
0.333349289961
0.195308397891
0.146063805685
0.443949050953
0.321757334696
0.21194645441
0.114552757352
0.156119528297
0.359266269713
0.197787835602
0.139131621825
0.387756139102
0.133168245621
0.14943991317
0.251006807474
0.0722433466745
0.320956558173
0.137605712178
0.496894460888
0.18745888698
0.352958749524
0.483095767236
0.231140217504
0.250114611216
0.123319692462
0.178889421502
0.193169246731
0.23843907953
0.250651982455
0.122300717052
0.177838941612
0.337021502494
0.195220783816
0.0765791614142
0.238389221019
0.158240806008
0.499865551471
0.076670910477
0.22983791155
0.456552176923
0.312352798808
0.251432921986
0.287016609656
0.208777245954
0.242172240452
0.220715647757
0.162006651543
0.366869832062
0.195745872737
0.22953098793
0.125520920453
0.48114600592
0.115971332473
0.192130010939
0.226410482126
0.265099324733
0.248303243114
0.485673119657
0.248499227567
0.278549172054
0.181547492565
0.138317083138
0.281444468419
0.426221492852
0.499798481495
0.178008720816
0.232946120345
0.499893973089
0.127590655053
0.244391766937
0.214133361889
0.147448048336
0.237057529927
0.49991249946
0.498167224171
0.224356223807
0.189056877519
0.187231234603
0.192339352698
0.185179692614
0.198509244293
0.0862986524336
0.27298158022
0.132464683842
0.166296441863
0.191018372577
0.258177631011
0.499908763107
0.187274542899
0.299698191395
0.209978693908
0.155872938446
0.217177130099
0.337434210285
0.18966596058
0.3361186674
0.193096063972
0.139216798622
0.133616635641
0.133900118294
0.161350281135
0.212553984144
0.348366695496
0.0915545820649
0.241983357675
0.285134005667
0.192021881238
0.372657215752
0.23773368566
0.499918022711
0.186017926502
0.212799032955
0.177404015393
0.192685434043
0.133599693295
0.496922904146
0.215481957122
0.215808081197
0.1810558924
0.192228542844
0.364445566705
0.212038975205
0.285983888697
0.163534285603
0.23597717672
0.193279352057
0.488227605252
0.140537327579
0.115781402373
0.120588919333
0.297416252957
0.20295549154
0.29144967789
0.325393252135
0.130650518576
0.233280993039
0.113889234117
0.214877153799
0.177699371527
0.222099828237
0.192817798428
0.188300472175
0.0757916034467
0.499931485858
0.199519545242
0.499923046561
0.233501283851
0.285644678309
0.276658852603
0.221697075522
0.171470902969
0.106993268777
0.4998575573
0.234044523289
0.0672992748012
0.224069642061
0.288523252189
0.286635961632
0.201036626228
0.287627300879
0.195970329329
0.1885756679
0.0869729176081
0.247890959141
0.175522559865
0.187831191918
0.284913624593
0.31122276706
0.271379580404
0.499890976338
0.499942222917
0.191024013925
0.154598378876
0.268015293513
0.148127865428
0.0899293324255
0.118996962348
0.328896634608
0.152482146766
0.0693905865322
0.301688899525
0.139176420895
0.247662540722
0.169063459571
0.238743871752
0.303786156254
0.334234941066
0.174575438195
0.488760704901
0.194439752847
0.215390839316
0.259422269677
0.251396426084
0.16449344702
0.144115827592
0.202973901972
0.268194008622
0.324650310303
0.21539157079
0.499811213163
0.189748363209
0.254576510853
0.182197522283
0.252915697329
0.144060769738
0.210118135552
0.137779018125
0.198644417
0.148468574214
0.499930302149
0.203259162328
0.287442196028
0.188772680772
0.298545279767
0.352057701635
0.250706144468
0.149720822965
0.17336498137
0.244583824895
0.152113474489
0.111593549989
0.205994209542
0.104487971223
0.226124274704
0.185217238273
0.369727581698
0.263759605393
0.310639917774
0.215467500426
0.477997891269
0.252348421567
0.119206553936
0.228545063121
0.203944368122
0.258269973947
0.499805944887
0.199601853311
0.0983392342803
0.233648768077
0.499916876224
0.242273999778
0.499892427997
0.325816371714
0.270821408742
0.188639462863
0.237993753312
0.423031713552
0.178775579858
0.210529101907
0.253552175403
0.158299678884
0.499933048473
0.320548662139
0.0986764081862
0.173240321783
0.0831037977656
0.172051703276
0.299626316578
0.163932655374
0.200293922678
0.231617621709
0.303773735079
0.443818543919
0.225884347122
0.483872903575
0.299775469186
0.449622300866
0.276944609336
0.239728244615
0.207122643031
0.49991276484
0.275419757192
0.431832200199
0.44913154255
0.315725193185
0.101315489991
0.157341809614
0.108100719021
0.252075053528
0.207963089647
0.132610756642
0.147417101028
0.226975341107
0.156536503053
0.168819991214
0.210393959496
0.422711029377
0.304764085991
0.329216613852
0.18642367276
0.438172429924
0.279912915057
0.248640330567
0.499858782267
0.229393751839
0.490251516768
0.1718005645
0.413308490507
0.179788850728
0.492381997666
0.100753937168
0.237755791105
0.108109250037
0.499928690777
0.158499876006
0.100890753006
0.278338055357
0.27383212329
0.255995313497
0.203908659163
0.492708737619
0.294687134982
0.088873567553
0.215917849825
0.24867663759
0.355343386972
0.313511320892
0.246780452088
0.221031692656
0.197191041916
0.128118748417
0.215677131348
0.0954215745063
0.129319444861
0.293664266267
0.2504504253
0.19573928806
0.260557698742
0.0860863680975
0.258875894267
0.215068468191
0.230052335496
0.221255353599
0.188561443026
0.233743138546
0.0931331622585
0.206854981477
0.114536870898
0.22798972016
0.208279293833
0.316798697764
0.287085323766
0.171811649072
0.270405632997
0.241443524061
0.236434195871
0.202709342062
0.358296512617
0.20827063332
0.155973888398
0.193101778507
0.499903749594
0.196099179703
0.302220655263
0.294842413023
0.300112727023
0.499888056784
0.484897598707
0.221982589591
0.16262365064
0.21862936668
0.254839669329
0.127061345918
0.174826722685
0.2475023682
0.270230832264
0.189363868826
0.49977608618
0.205767256867
0.0761774564468
0.212430758719
0.213376878542
0.128303663763
0.0798906486091
0.499959858367
0.268249984341
0.0732132750917
0.160814418191
0.13803492044
0.222957283688
0.204435518733
0.229934185621
0.141272328814
0.267077720372
0.211660189998
0.113064800928
0.261659978031
0.154450031641
0.136645390695
0.107954530213
0.26094324863
0.499840540319
0.236077496134
0.499960062491
0.452082782993
0.262804826021
0.269980400276
0.234895582169
0.125714753721
0.191309811534
0.315652534186
0.323652471561
0.485520868641
0.229591832625
0.215019067132
0.244570453609
0.499922285407
0.187842752161
0.266429628434
0.304516138921
0.223312101967
0.163582793855
0.307836512394
0.0817339749406
0.232314624736
0.109474035811
0.126962506789
0.262232801341
0.255460073717
0.154983606459
0.185069541514
0.127727237802
0.247128478689
0.216777705857
0.106531284326
0.139374654866
0.133129128646
0.280933328012
0.300959652586
0.0716068537779
0.185739465518
0.242068455695
0.241211653243
0.155354115591
0.499971177179
0.173081818611
0.191970426906
0.451188367746
0.265547477021
0.168048444822
0.13658457651
0.133638908709
0.174234996403
0.168686009994
0.236683453355
0.195920253089
0.236750581068
0.181728175744
0.144591979435
0.135008203915
0.135550923348
0.111061218586
0.30925617565
0.216543500552
0.201577431143
0.0733228876661
0.145749316011
0.260942915639
0.425830979485
0.372187189638
0.154878024104
0.14969796887
0.291299584649
0.255330970629
0.100840724841
0.25946050537
0.199992851148
0.168608857453
0.461641543946
0.490999510689
0.204778428439
0.123446252125
0.457717486406
0.135735904478
0.109947055816
0.172194740931
0.191672576439
0.474505439176
0.445392703637
0.121832467873
0.499922073055
0.19928925423
0.330854102519
0.150159702806
0.499816242954
0.257031031693
0.197844831747
0.101765453286
0.191286225672
0.499901138314
0.144294108755
0.138759277215
0.231285913907
0.114770489825
0.189012026835
0.120707480355
0.263139411155
0.48716252992
0.195618902752
0.219525267548
0.194109044147
0.103963426184
0.430386780523
0.202914823732
0.132673533416
0.226572132719
0.268957455291
0.100850825451
0.309512234233
0.259476521595
0.241439136672
0.49990110016
0.10003775474
0.11687522027
0.180068708874
0.118840470896
0.144007277789
0.499864163916
0.49979460918
0.127449635715
0.267243292836
0.173012994544
0.181638060552
0.166567088922
0.159439413001
0.167770600249
0.348922964788
0.293629114264
0.185465602616
0.124063294614
0.233562761773
0.200267412923
0.157111335647
0.139707834231
0.177309483622
0.270784056903
0.218389588514
0.238566701297
0.144410057944
0.252170808228
0.250589667259
0.218347101762
0.499906191475
0.0887747035192
0.231770036484
0.304976851827
0.12539345106
0.204656878986
0.106284057236
0.499882784909
0.301818232785
0.16194592889
0.22810620666
0.175339963372
0.137530899464
0.163903625433
0.128068602858
0.214987955323
0.194776040334
0.19770265857
0.326669419907
0.21381162759
0.265392110867
0.46641779887
0.154680002481
0.102388883456
0.223956972523
0.263029968564
0.227370101785
0.168357607884
0.133729114824
0.195441720852
0.187162009248
0.167300286374
0.233759257978
0.216849285106
0.193082132886
0.258891163787
0.244929815347
0.24197700648
0.127837625883
0.168918939084
0.189750040202
0.291798159714
0.247112810627
0.225857037732
0.221058332783
0.202402167523
0.13666085102
0.185456132249
0.277042933483
0.110238206478
0.218868824796
0.249375459948
0.199218400014
0.126943537471
0.241604063755
0.290516368993
0.201294902351
0.111048314886
0.1097426824
0.210028156259
0.203180404807
0.298634497266
0.177967384303
0.183826160611
0.190256216793
0.193240581315
0.274522087256
0.262088974524
0.22231300155
0.199773677815
0.241489458356
0.202114310889
0.291008068998
0.206759429192
0.314760910902
0.212136455174
0.269606507864
0.245043355129
0.19410659952
0.120943723628
0.499926733675
0.275321996708
0.242643821205
0.254633237589
0.135962144159
0.466229003529
0.0841075408708
0.213246560962
0.282603865676
0.499891207195
0.113891269173
0.138520142777
0.141003882564
0.159482659867
0.15343320099
0.214245924295
0.219748676639
0.199167045122
0.335500871149
0.112669755995
0.193917145461
0.169474534062
0.282409410464
0.109588055352
0.108077046333
0.232116789997
0.232627592933
0.25685705719
0.149065906918
0.130748447727
0.153021437308
0.0866508857224
0.251346976248
0.150714945834
0.499843341943
0.27284438939
0.252195226229
0.284941231227
0.313338990851
0.343274837724
0.228973059349
0.201812576828
0.156344502201
0.210441843753
0.499908980548
0.171713344507
0.314745927626
0.256090208233
0.323545979969
0.0751413432067
0.165278100086
0.285133035729
0.152084233112
0.162685066856
0.240742318301
0.253157171248
0.28991160915
0.281673814752
0.160821154232
0.325869291254
0.113018404223
0.327518645256
0.110902411533
0.148825598287
0.200288602485
0.148935300448
0.145528745435
0.164165054505
0.2337573999
0.328235268399
0.253443798861
0.245958137609
0.136617178382
0.110049150492
0.11118601467
0.325564680743
0.499962470642
0.141064958925
0.158277849647
0.264259011546
0.208026705838
0.448114980553
0.208612610197
0.257711764641
0.146988550294
0.280462152356
0.12106285754
0.319147229386
0.285789810104
0.241924200864
0.201605164021
0.145721079517
0.180711012251
0.19741575221
0.189724501072
0.175072016427
0.206355185753
0.209054944499
0.499886829738
0.195791444679
0.151604235345
0.200880883439
0.259793899853
0.114348145235
0.179351196127
0.210303934066
0.359587425958
0.164614734506
0.11027930875
0.0967413136213
0.239126482732
0.115130259254
0.140371363444
0.127940662922
0.330055310362
0.144843794441
0.237060931069
0.206418583814
0.201027756551
0.225864117455
0.247534270515
0.27847255775
0.22037716863
0.210512957551
0.156092996192
0.159833872573
0.142296863487
0.117514098417
0.24240122304
0.151003892325
0.199834255471
0.118440418967
0.157471187671
0.205770062666
0.148828999233
0.488820644581
0.155962067848
0.180436702007
0.194678711857
0.232090852433
0.177041113082
0.0994156516784
0.115999764021
0.274495073928
0.233375850133
0.221113983466
0.121102944095
0.162676081208
0.155283495423
0.189947081414
0.232906859714
0.303140046377
0.122540061606
0.201403059594
0.478625377831
0.291960182664
0.136126056754
0.240891676011
0.149218853152
0.177636579486
0.156315731809
0.170623061638
0.263655686129
0.107235441841
0.112315263039
0.19130518491
0.164509657977
0.0729307242899
0.191816692928
0.0727584279977
0.244359027263
0.15504424772
0.189445389212
0.138680233284
0.178094357035
0.266498370345
0.330360559341
0.209605701377
0.204274880215
0.189695674085
0.192860518865
0.150751299879
0.205956560875
0.124185115415
0.49779193115
0.240873339978
0.132840249048
0.195661955911
0.161021867164
0.295393991902
0.102012984994
0.355559769098
0.128204603256
0.260655232109
0.159982961388
0.162748937988
0.200159988042
0.259872216064
0.205926227501
0.144133373129
0.21271343036
0.22078115293
0.282564752994
0.23322974266
0.234803012188
0.117524328725
0.432328478347
0.499860200657
0.160766068665
0.211311052708
0.206215221064
0.107973807118
0.144968354843
0.140424128566
0.244569850679
0.121706859065
0.457289761838
0.25034262538
0.16658567944
0.229855381946
0.179560346717
0.159733813797
0.100209590197
0.208749770684
0.14074142517
0.471904648205
0.331161316785
0.235242913118
0.499915971739
0.273175321627
0.210680674078
0.420113469928
0.237964425298
0.229717709986
0.18620149868
0.267647749182
0.154104528485
0.497555310305
0.163977868543
0.460723304743
0.249275671571
0.499878938765
0.191168958298
0.226057396356
0.499911935204
0.156425620298
0.123192757174
0.369897355529
0.499899813546
0.228714779277
0.220696309368
0.194760797387
0.16613617848
0.266401841103
0.499947447009
0.198584441437
0.198091414496
0.204339114563
0.228625156166
0.218999143524
0.174958910747
0.17207804888
0.206177496204
0.172432754984
0.255194453407
0.479570401211
0.238248926978
0.499869316884
0.238711229312
0.355511202417
0.142772441382
0.128992717968
0.189526615197
0.165986942777
0.105081183394
0.479764358719
0.165026073317
0.359417478662
0.155865225036
0.104970159097
0.241671566532
0.270414476081
0.257783587576
0.365034977398
0.272810867361
0.0790442973875
0.101753532799
0.223184052395
0.154022825064
0.199289788708
0.256971222905
0.499934111073
0.151106627905
0.242611475621
0.169577611262
0.256541909484
0.207115764112
0.254833639096
0.352230087843
0.147398140096
0.196505177795
0.149176717726
0.179124986545
0.138288179704
0.0724725827716
0.327719406675
0.152152374141
0.21169553124
0.327343417646
0.499899464152
0.276300709015
0.105270112569
0.221403273364
0.0975706924617
0.191528249919
0.0760349088643
0.293199643495
0.451220497012
0.141571039862
0.491291777577
0.499977404685
0.258680363847
0.263782753815
0.241623548822
0.294720622586
0.143525881687
0.322210799005
0.499895105567
0.471108817112
0.327453143995
0.499905810465
0.14678771571
0.211030693257
0.162765523484
0.209660835169
0.103698032706
0.155026011335
0.193604746921
0.207397642274
0.499920080019
0.102567233743
0.325557905157
0.17688158511
0.162294404265
0.333543780327
0.22650235394
0.191731280097
0.231875465117
0.1226854671
0.219534472826
0.187672752237
0.263288768593
0.10770220654
0.118146279794
0.114169767755
0.138701845044
0.158289613431
0.0893677546715
0.0844356735553
0.0885228521273
0.280665451474
0.255102166308
0.19224086418
0.274699978372
0.232052566057
0.258384322242
0.235078405428
0.156098575585
0.234538232878
0.272570569347
0.16780033034
0.123495013143
0.281364292102
0.31003910393
0.117202830684
0.237923498741
0.118124438803
0.184734926114
0.157129765466
0.135630972898
0.24222820824
0.159872615626
0.0860751316209
0.241827075645
0.158386374232
0.183454775744
0.165253560547
0.198541309373
0.147674191861
0.089193332051
0.282061237063
0.168355961197
0.16729829651
0.499944713934
0.245345044207
0.230788573881
0.158131449117
0.202478312318
0.0808150328854
0.199950721601
0.491483826273
0.0885697202186
0.148608393426
0.160671621929
0.158576433707
0.227903463558
0.288660044135
0.114333130596
0.176306376215
0.278584271848
0.248281732719
0.174075640041
0.109528897901
0.156199767577
0.216914988022
0.499916383438
0.17114434265
0.125885824845
0.244162830694
0.211618329857
0.180709410194
0.137655289361
0.306262813705
0.14591910979
0.186908125572
0.181799691582
0.184076777467
0.103226426116
0.152607593674
0.143690849755
0.164797475236
0.1647391258
0.288020839458
0.214726636683
0.499875409963
0.317873018921
0.245673612219
0.200641400282
0.159649353736
0.242226882222
0.166479279779
0.139213865556
0.34641301938
0.199480730846
0.194774654159
0.236039816082
0.152091905594
0.280390390785
0.222504388633
0.279912401075
0.212613951269
0.20129647927
0.08369126547
0.200486142974
0.27061652643
0.479201091802
0.499843725701
0.122464875838
0.165285320511
0.23052183046
0.14928662581
0.103009654821
0.149061495916
0.158524665587
0.14151133602
0.147698901047
0.148500044372
0.0920361114892
0.194395096273
0.263841903675
0.202994718338
0.434143787223
0.499847747305
0.355597325277
0.216604492806
0.173773926038
0.451418820474
0.166633676897
0.272649369303
0.499838440001
0.499930481981
0.155777917459
0.0774856280168
0.234247777415
0.0961815945141
0.0927390074661
0.112321085031
0.376649023634
0.296506597134
0.211359309077
0.117380234218
0.351608124771
0.0742632520212
0.110421477983
0.180066051945
0.499914098753
0.246024707085
0.188068945313
0.301393390553
0.499871990196
0.0723752127339
0.0977726028663
0.171284126956
0.203729505185
0.119294312956
0.0934818932107
0.117423650108
0.280778305659
0.499977419307
0.451032367824
0.139798096532
0.246800910221
0.192100472278
0.0992669783949
0.188863807606
0.134380676174
0.105873679944
0.155636072597
0.254442057807
0.136863946824
0.158878397875
0.284165602889
0.194005147533
0.211059767523
0.221285346864
0.165714887564
0.193837151254
0.11295241995
0.218708865525
0.0946169364469
0.499855615804
0.283794558889
0.499817079046
0.219796742632
0.499917273255
0.166045712488
0.284563952583
0.499932537078
0.129585274901
0.116461211625
0.304440700874
0.206753072879
0.143677062816
0.329773010484
0.267285866216
0.180965866422
0.499872422778
0.210444054282
0.228730685573
0.192857835871
0.456516136655
0.177481725609
0.174161789416
0.272072255784
0.497593417482
0.251894133066
0.284362224785
0.233781436619
0.326205291002
0.203580947222
0.126465612446
0.0727618857051
0.277288729789
0.0904324921428
0.177621267871
0.492893034976
0.209677622452
0.144073032071
0.157980563846
0.166314627221
0.270009773332
0.186930741219
0.204119283567
0.294592722167
0.293758837849
0.202731706369
0.246539098422
0.349025044544
0.303153216297
0.208653265665
0.189312974801
0.107383588051
0.314024335539
0.156676760383
0.22266176829
0.14284577079
0.0913607309819
0.221711377882
0.161323869754
0.220907475782
0.326070500579
0.240823963142
0.38918853414
0.373481918404
0.352221307083
0.499900600337
0.220160439954
0.155258890546
0.130633182906
0.195637536595
0.116034234154
0.185705640516
0.172753212207
0.0888969961325
0.136943056297
0.34170026156
0.193595851705
0.0796830071236
0.34691151273
0.188752365213
0.309150931431
0.159125828182
0.27004542339
0.129285183047
0.194594009308
0.225860806968
0.251525774095
0.226951201786
0.115601324448
0.327111481952
0.119749909407
0.310361425017
0.44499216777
0.154402980346
0.199995166119
0.197016238668
0.143286334431
0.197860454355
0.103890182618
0.180363037194
0.309116321078
0.499228188054
0.443507355779
0.48291326195
0.227865021548
0.202386856015
0.188980470861
0.28480300169
0.158232088693
0.27620592457
0.0708417964196
0.235628252695
0.216466694748
0.182496625042
0.280769526907
0.271981195558
0.127925865516
0.144045159553
0.445145296903
0.499975511602
0.208883064995
0.209448506898
0.465781498599
0.251053474809
0.499911038467
0.347341270183
0.270177098217
0.239139877246
0.499939816127
0.113844379808
0.215071620326
0.19820136959
0.188584909791
0.23876103312
0.13097765697
0.499902029737
0.303075873825
0.317726943989
0.111829856731
0.197726605445
0.206067917414
0.245091313864
0.25262237332
0.499925010258
0.0969301908175
0.205475411499
0.499812491493
0.223720651395
0.126599571516
0.499944824915
0.111727887956
0.257777464661
0.140672171282
0.219993598636
0.443986396896
0.141946671099
0.42942231447
0.264789424444
0.130685377077
0.160431345922
0.279502961317
0.215378936236
0.146724218191
0.254502586369
0.139291899091
0.189887737697
0.286293320398
0.268447001286
0.139226419475
0.17220014302
0.2418755202
0.0832858699774
0.263066909906
0.240252710242
0.219994637591
0.145566336397
0.101871961171
0.220807200973
0.101421401789
0.220182687764
0.0874508066494
0.217276929538
0.153428353005
0.204719642185
0.251389444698
0.461544864604
0.23737068997
0.133080905712
0.269059029902
0.188074260813
0.0794603620716
0.305770304436
0.117259758594
0.240378446153
0.123541350767
0.128306947278
0.158112061814
0.201169728162
0.198997919575
0.279462835077
0.499844430312
0.27178610487
0.113466982283
0.307717428742
0.126673811163
0.327514471142
0.499905286581
0.270687411663
0.357685645307
0.14080384115
0.188076286301
0.152241609196
0.116636617262
0.155728463339
0.316086622478
0.144472185544
0.239262770033
0.499923244097
0.220973333518
0.499796005613
0.157559087185
0.20474170093
0.196857137244
0.205426028201
0.313068059274
0.439405522607
0.479401213064
0.284005237613
0.350238831928
0.212328473165
0.239797859198
0.239792040613
0.323031625148
0.299150846855
0.217840480087
0.209395623258
0.268558811711
0.198997812362
0.304670826187
0.189609981522
0.134973941982
0.193485043893
0.20099474529
0.203775720205
0.193413958696
0.211362091893
0.178188564318
0.273484948673
0.239176005617
0.413261999237
0.104416716697
0.176234949805
0.30434005886
0.499935004945
0.197826247539
0.499881835641
0.0863343008952
0.208237860671
0.330370491312
0.186736288348
0.106109668264
0.108972157111
0.121765670508
0.164821674534
0.15797776917
0.0892303489384
0.149298342623
0.14503023928
0.177947590561
0.172453819879
0.419109693952
0.187084295223
0.251253258639
0.219185985025
0.13895762178
0.163636344989
0.244704727292
0.12450708193
0.180980119189
0.182478738955
0.124822680591
0.224369400768
0.175481447293
0.201506845454
0.172856692927
0.159435059787
0.281026710199
0.119805982272
0.284654961138
0.428615736389
0.105868002936
0.157781405092
0.250860977592
0.149954056881
0.293354942959
0.111554059834
0.183660289328
0.0947560495861
0.229601643725
0.184597315154
0.212334571375
0.193109157908
0.140440834971
0.133624354967
0.393382782905
0.421118448759
0.266539719556
0.164065594633
0.207502166374
0.14727498685
0.391511045151
0.206335825453
0.434175859137
0.24487292265
0.414224215912
0.480351033582
0.295460920681
0.179501421606
0.282453666281
0.132179599953
0.270903478013
0.155906437979
0.207614267142
0.490658452088
0.259979881694
0.374042099749
0.308966019239
0.189129537998
0.187679379643
0.122879290106
0.229309339637
0.0680628548472
0.48098519303
0.213277657943
0.445890551262
0.138087508851
0.155689506429
0.138900779593
0.112557864933
0.30971763981
0.246778712935
0.187186121493
0.281407277714
0.243432473299
0.10472580447
0.192262772674
0.10396969204
0.161113810706
0.190845042886
0.0875534483587
0.444339731399
0.145823424096
0.305907956778
0.480587992369
0.244932831245
0.162443380322
0.189467585461
0.192712548816
0.164368544553
0.155236070036
0.15314757568
0.0687751198067
0.279777294531
0.202757391232
0.264673126204
0.110308984116
0.289347463295
0.236900864318
0.263748213463
0.13862532531
0.213372913649
0.214841262683
0.499957882202
0.0759971393972
0.499929081384
0.424770140794
0.49169387832
0.272751681773
0.444848517304
0.248756325044
0.214410423443
0.499843799279
0.184393154465
0.195845663
0.114808286012
0.241571300656
0.155888555137
0.0703533317184
0.149544307986
0.223552297381
0.105665454963
0.242178407024
0.247822389151
0.148992161402
0.260462428511
0.360187750354
0.170288819329
0.249489722568
0.118498548879
0.189511147056
0.49993372055
0.161157033631
0.127620203284
0.205167870461
0.499941790999
0.112165142194
0.358046465686
0.26103754122
0.199249148745
0.197374291347
0.335116042257
0.499788415956
0.13606909061
0.142942607732
0.148113257729
0.113089269016
0.235375007805
0.135829464495
0.156152266403
0.287757477554
0.197118883614
0.115539793305
0.192031395937
0.229463971253
0.124258717347
0.292887098058
0.117026866936
0.10597121091
0.149661735314
0.118518202213
0.130510789895
0.294158384237
0.195208561559
0.18965568231
0.0906231453464
0.437912523777
0.244828820644
0.302729089012
0.287977629193
0.208623618283
0.15893847411
0.384857719119
0.222988241557
0.168111704052
0.190733053885
0.237047134646
0.180714383708
0.451858245167
0.156109777368
0.196872682713
0.198232693992
0.186318477414
0.15867328377
0.240142698441
0.228119407675
0.209307161963
0.208109324949
0.107603967354
0.220035085364
0.248284595939
0.230038550624
0.214824430605
0.351903966786
0.137017541542
0.217038014614
0.116746757719
0.268443341377
0.24404935154
0.144073627692
0.241870959132
0.211202236516
0.103797442488
0.308793873235
0.151760196048
0.159606954374
0.141902008239
0.243718615001
0.213414021354
0.193477827679
0.170618613728
0.169440324998
0.0819278942896
0.223386906027
0.143345231335
0.228688364161
0.120356836324
0.130963847163
0.314183951831
0.094710034965
0.148413792248
0.271511285627
0.0747025064587
0.287921916595
0.194186419119
0.199020222187
0.102074153214
0.130079768853
0.200540188814
0.149360076882
0.22481484032
0.25552305026
0.16484326796
0.115143983952
0.118483447936
0.189589120641
0.221064706086
0.223097780219
0.0903987256721
0.120817218167
0.160406372956
0.095430233579
0.499895695246
0.153982784839
0.142061507818
0.0839690470073
0.178980794542
0.162955324871
0.499921096732
0.156369468779
0.142540620788
0.144750140713
0.159091886934
0.191899995042
0.105096147414
0.241149182805
0.268066129361
0.289057585994
0.499958584626
0.162119503914
0.264156757603
0.217755861743
0.19130782959
0.240088756951
0.499825200772
0.179820666992
0.279510122508
0.157590533016
0.331544523666
0.115900570991
0.115663133443
0.239174496418
0.163367335717
0.242362750706
0.191177144932
0.165277794729
0.320734490579
0.102744056262
0.180048641889
0.306632504844
0.177787964475
0.186393157928
0.157911595252
0.0758749398107
0.233272715716
0.156418376903
0.211012402937
0.203684643283
0.396547429188
0.308805744409
0.100041079719
0.188304761373
0.121716560089
0.153259490489
0.260211287143
0.132294111584
0.196518521953
0.102499399854
0.153843795814
0.130698321009
0.244056224807
0.48087278859
0.173091808558
0.168274582869
0.262029781443
0.194905227059
0.3045532996
0.0836634740616
0.255132227894
0.254723964793
0.0892135306009
0.265952712687
0.128822094551
0.276257535312
0.243774433679
0.264262991661
0.231258268709
0.43981974743
0.115659370522
0.0892557792504
0.347346448089
0.135419651356
0.104184327778
0.177621910689
0.44107408621
0.175790807865
0.174933891082
0.168080475976
0.244925206279
0.499926110291
0.239699747039
0.311625370749
0.240875190293
0.130996886861
0.244423396597
0.209744041573
0.0715518987953
0.100819256163
0.185906474611
0.247594287064
0.213848980375
0.100739170156
0.163557374867
0.152143440603
0.168565982297
0.467519915751
0.173278992946
0.281744638012
0.221519142615
0.473262515883
0.23232565243
0.162980250682
0.293893646825
0.116137820207
0.499919420809
0.1871500355
0.15833065981
0.124007053916
0.234091368915
0.0716619859385
0.125771660381
0.191672970226
0.265427953456
0.108059131555
0.182580622768
0.11146895538
0.205212879187
0.184046583295
0.321393473073
0.25765535818
0.22841443511
0.289758016924
0.154651547633
0.138295028972
0.472800504601
0.146909124982
0.23571409054
0.211755090566
0.229804279432
0.106627043654
0.182734937516
0.153441355293
0.189968157984
0.117233161868
0.191215930386
0.468378049798
0.194291859235
0.386010748049
0.133898740045
0.191732013423
0.197808027573
0.0773286066028
0.137376693403
0.208906974586
0.269420116223
0.0991204036178
0.096046038256
0.156708234145
0.175743203844
0.091153529649
0.0714996924453
0.210422067284
0.214129451814
0.25858926523
0.232972408816
0.2686288115
0.17045985837
0.227979721654
0.499961724032
0.126530786792
0.499957997435
0.141136440287
0.144581822619
0.235497867572
0.499958640317
0.186230403191
0.172097065441
0.104597925564
0.144369478743
0.141450146087
0.499950170342
0.24498960989
0.293890176646
0.208179713821
0.143516489515
0.254411493104
0.107376816428
0.499952349264
0.0658597715554
0.21790125299
0.124251754792
0.284600102538
0.286886845502
0.10937032512
0.163111225639
0.25150552807
0.185293598686
0.220224046896
0.189238787694
0.148322401109
0.409438770905
0.272998569422
0.241061380319
0.220805484369
0.143504997752
0.183900440726
0.337223989345
0.118090673987
0.194909264764
0.243430084028
0.136168752913
0.171344789544
0.499937670621
0.242178665502
0.272320305044
0.147839376471
0.212544749422
0.0929651293515
0.292999333735
0.189117263603
0.240184378902
0.499894864449
0.499868085181
0.212927943586
0.124700495834
0.184763240001
0.249047759467
0.169173547896
0.499959096229
0.175587431488
0.227314965633
0.271109296416
0.106956605751
0.226212621353
0.299375067678
0.101015252653
0.109556709164
0.197499631121
0.280124305306
0.185058718054
0.415952268466
0.0810849773495
0.308776340932
0.138389941803
0.20399110616
0.234801925494
0.274007104649
0.499955301128
0.288639175608
0.337804184634
0.0678558526932
0.241181932733
0.309150554394
0.221097352678
0.1904904927
0.11351914774
0.0998924941038
0.48901530507
0.206168438061
0.217424668189
0.110507093337
0.162291184208
0.277396333873
0.181475642286
0.184665467659
0.109817416359
0.404823697195
0.244633720702
0.222586196004
0.499877965312
0.13564707945
0.452721975533
0.359623160025
0.184637998698
0.243192687647
0.109061225713
0.499939030907
0.47319205532
0.112706132793
0.499921999026
0.10253358102
0.213221298687
0.499836514345
0.247618157905
0.216746827418
0.232197341412
0.201900190196
0.18007660411
0.195859751985
0.231752661485
0.135249987151
0.484582816627
0.104550888138
0.361143908174
0.140071433106
0.13964163317
0.480592912952
0.0658669348749
0.284653510855
0.0925470155195
0.148138009623
0.275202758067
0.146738495001
0.258081389318
0.195917229202
0.158389712851
0.139110563016
0.499764988144
0.141546319704
0.167408202468
0.217829763246
0.173866419828
0.142711765766
0.357464624014
0.186520805398
0.215647549807
0.267226691314
0.19780633401
0.499926072865
0.258069794817
0.445778556252
0.273204442798
0.25737187991
0.277991047492
0.232840300004
0.208498982689
0.259099220082
0.264398068576
0.114341451039
0.205686522805
0.499924887593
0.177630807376
0.499898971139
0.127711432809
0.22686224091
0.194481079774
0.174289920596
0.217752609643
0.124963342131
0.177584001288
0.38467188059
0.499921875751
0.499909157394
0.137265890001
0.180344891746
0.165466371112
0.276017346689
0.0823424231155
0.255484629947
0.0701878200432
0.292141062927
0.223859031044
0.112005230752
0.170788331895
0.228697615753
0.231852318009
0.136169699141
0.234556798036
0.175415518975
0.165579037497
0.306119613665
0.105375732732
0.125163670662
0.275926951392
0.237058664197
0.103982050837
0.180060961035
0.147513813174
0.217709900746
0.143543161713
0.186824021858
0.360847077546
0.220430121968
0.193404390833
0.0802926254246
0.19556207502
0.101953447064
0.108634444088
0.154641542409
0.22703058006
0.499774833171
0.113389424445
0.100982043416
0.175813552277
0.199894068016
0.102965634102
0.0994613968295
0.357624779552
0.459176288128
0.0880561455265
0.499896225174
0.49701052035
0.247835023044
0.499881434743
0.205880990294
0.188122290319
0.497689714702
0.499915423426
0.149008409559
0.27596367818
0.128446723331
0.122418219994
0.105093633478
0.218585727512
0.176766033002
0.230310686987
0.197648045481
0.0981668939019
0.189086468375
0.195894949844
0.239661126497
0.499951654238
0.180188842809
0.462236526465
0.203332871769
0.499947919004
0.268942322811
0.167737139995
0.214790050773
0.478053139365
0.499882943206
0.138036645498
0.216151489008
0.252390832531
0.307954419595
0.111729910784
0.210750908539
0.303202794027
0.236745342529
0.219904167765
0.0857128151443
0.171722529088
0.0706552940067
0.309577419896
0.110980962236
0.370949557049
0.145099186248
0.185785470928
0.0798040986731
0.0721695008221
0.21568897617
0.1923612159
0.301177231959
0.0739798817184
0.169563737696
0.158934795608
0.305678694221
0.234243253169
0.134326245674
0.20744090324
0.230739665852
0.207990230116
0.276421659801
0.0988038378976
0.1716040407
0.317231237037
0.192784000052
0.277155850326
0.163755545902
0.0761909293511
0.113732014489
0.231571907586
0.188308753211
0.186464094326
0.260275727071
0.49989864974
0.256491513995
0.320576521
0.135498145133
0.156426662159
0.219960562622
0.31210435447
0.476162928368
0.187167884438
0.0747333010745
0.24766160744
0.27718528255
0.231218902524
0.499821884226
0.104718527476
0.252871893074
0.148385131523
0.27079551331
0.187587908072
0.165623479026
0.157025516571
0.388176823403
0.202153460499
0.258647537041
0.107989490225
0.21200048909
0.136667383441
0.334655605874
0.182003336022
0.173617270277
0.462377263109
0.20513335046
0.32115912185
0.269512381171
0.100964942743
0.194123077348
0.177224558286
0.201172623884
0.0899720887337
0.161852820918
0.142758326316
0.234377890827
0.317308494379
0.111635113147
0.197717239023
0.105434543419
0.326236179921
0.187269677975
0.155452126558
0.480318565827
0.266926997557
0.121939617025
0.167413933825
0.1762591949
0.139644480653
0.204882346899
0.260696278114
0.0930959843869
0.139828548599
0.223041854829
0.216290249454
0.217703136765
0.230288026494
0.164522455496
0.28002699983
0.336342307792
0.469115329324
0.156353784893
0.176103333341
0.267616281701
0.149469413708
0.239430481358
0.272632455431
0.201382275601
0.223418530171
0.134194896721
0.161636925124
0.13972716075
0.260613224171
0.128428139229
0.0897085693538
0.186749127102
0.141943433514
0.197129757851
0.147036126681
0.191686620913
0.285066804548
0.183427981621
0.155666067015
0.16969150478
0.232857334359
0.198607727327
0.242186797465
0.0713811340507
0.283041957672
0.293299599736
0.107638193461
0.154969024075
0.221251219267
0.145368045928
0.15061139842
0.224902114822
0.213241078168
0.301374261954
0.131047168414
0.197003176613
0.273507879935
0.126677750938
0.263520022086
0.181634450279
0.206617219223
0.274891974384
0.110748583357
0.34952716021
0.117031559357
0.216105995159
0.145777591132
0.15508938966
0.192927263305
0.137093133098
0.282788090365
0.192170318283
0.215824314639
0.134072983025
0.153669583276
0.499897506343
0.09221277888
0.239346383818
0.158122270797
0.0791344364661
0.159857885713
0.178826720122
0.188806026197
0.30920051491
0.272354831745
0.0862959518822
0.184978396928
0.147710355695
0.466225504063
0.19855402274
0.219674499736
0.477199349347
0.25531778205
0.175509141131
0.110459187033
0.249849466616
0.245219155305
0.20028358845
0.223710696546
0.269355597651
0.209609843538
0.230936592108
0.24218458482
0.345923251666
0.152545071129
0.182365776708
0.49992615013
0.240307837594
0.499948171802
0.499887656644
0.203492497636
0.313179653428
0.146459156358
0.165870067041
0.224037782586
0.29094573538
0.0747207159859
0.125281768371
0.216195183398
0.23944613367
0.244455227621
0.174940504046
0.200514886249
0.250128312471
0.146172842629
0.103111852362
0.137645816142
0.202547833839
0.104465551887
0.232834889049
0.189965558576
0.07708073747
0.233048208605
0.143045590535
0.0877616129377
0.110081293801
0.288313609332
0.192182127967
0.101566090074
0.105814575878
0.327471702448
0.109277873465
0.25483892811
0.179995120847
0.217289957929
0.179702373346
0.278743157983
0.235354248784
0.329684092325
0.18870872505
0.183081131565
0.208821078185
0.332477259047
0.111147552764
0.443924627634
0.0706031805873
0.106284632125
0.207220237503
0.359057899402
0.252198885446
0.196411840321
0.192885093555
0.17797127103
0.177752529933
0.258520132864
0.163421906317
0.49991683984
0.16115768924
0.207991758531
0.162860594114
0.198761732892
0.499953065458
0.137672420658
0.271871388647
0.268169278531
0.259486619319
0.148814104835
0.499953117137
0.288545223514
0.49831691191
0.190305841261
0.203515550311
0.330748799243
0.14042107457
0.176467802901
0.106453587411
0.122319597638
0.227086727311
0.222659298196
0.152666439384
0.108604724704
0.227191628808
0.269188540317
0.118663317421
0.139689973355
0.154634642859
0.197142823323
0.239996989532
0.101138705441
0.217881859065
0.277607274207
0.121689870451
0.175620468619
0.256457091936
0.142409404318
0.136506425284
0.27129671287
0.117873803254
0.108010683081
0.160843708249
0.133858899166
0.100036463019
0.275469748262
0.202595643709
0.226125428433
0.161209281516
0.115088504179
0.192006603875
0.309022362823
0.105207155422
0.117571653688
0.154167420054
0.134580698622
0.214956562103
0.204063281387
0.207229079838
0.12793863408
0.252587577274
0.132248580452
0.198617102766
0.262493548355
0.180181361106
0.183335447167
0.0738256159066
0.169442712143
0.186810656513
0.16680330371
0.19712424787
0.302568983221
0.26856728889
0.499914408164
0.283087294563
0.187857897653
0.279611602565
0.311268566326
0.0725972038238
0.252279989173
0.499959809208
0.110076183279
0.111806462613
0.151953527538
0.210138459009
0.159932603401
0.179381387022
0.177580188579
0.176311626559
0.219676635255
0.25672773724
0.212840835904
0.0658728861999
0.147065843521
0.184215864212
0.150645836079
0.163430369952
0.157367252026
0.345790943602
0.22941430921
0.21131598669
0.12634908269
0.0747882310436
0.22161184858
0.305675677039
0.170808022998
0.162707111003
0.105750452994
0.249122727391
0.193599550714
0.499656376994
0.21948414748
0.32691843616
0.142112636314
0.140373776002
0.192439879822
0.16245630101
0.309597356003
0.225411561359
0.258632133573
0.461041175648
0.0720596865217
0.0685323889856
0.328744454753
0.417413242607
0.207359044884
0.150540645297
0.499938129792
0.202760329612
0.133455336987
0.198501230844
0.45948580257
0.144698594619
0.287037169411
0.099095312276
0.499971146383
0.169100792443
0.290322457202
0.331491477563
0.499914325297
0.324466299255
0.163023543167
0.129074459073
0.153835695601
0.499902836206
0.164859735446
0.156979946368
0.181720680164
0.187941863802
0.499933904012
0.499815886622
0.210366187558
0.499896871821
0.16967526028
0.126581567667
0.239093377009
0.234093083033
0.183051346527
0.390776052524
0.252755602518
0.0688327930798
0.133389565886
0.499792021369
0.499920373863
0.131923104727
0.14368159693
0.183233714675
0.149137417892
0.499936825485
0.428293458225
0.159583501828
0.155748014998
0.327119722858
0.0675699817562
0.0681022352574
0.149090449851
0.261225611672
0.499911770698
0.20782239051
0.156626816304
0.28496922738
0.213718035186
0.155847036745
0.260229314637
0.49993840034
0.119018452546
0.181874038672
0.215773545484
0.25023581517
0.454715543162
0.250855584944
0.157971459895
0.211676786464
0.228658716397
0.157357147676
0.267756562156
0.26597542999
0.122613201804
0.177634842862
0.149970375715
0.114459786271
0.214646980622
0.208285899814
0.169311573112
0.242527619725
0.17323560962
0.18368566071
0.465932131412
0.0658176160957
0.258002267121
0.157641840249
0.259613286101
0.225010906197
0.252175115634
0.100093142269
0.183971891853
0.159754234057
0.285517568653
0.166995535217
0.171974223088
0.233538425268
0.158721346877
0.221767640764
0.248418168096
0.476936260438
0.171836003609
0.138292631549
0.158087444564
0.206338522022
0.407420930882
0.499925380323
0.207893690653
0.17508330278
0.146904111957
0.340070181891
0.499954507947
0.188510612714
0.231660635759
0.116037486831
0.175178700163
0.191556565491
0.0928041951874
0.274784153324
0.181259569175
0.277635414232
0.0958960396326
0.189132458971
0.144123033703
0.156123634077
0.118083824115
0.215229753596
0.260854505217
0.15258507782
0.200809370425
0.108902533467
0.179385728923
0.176728609674
0.125818765729
0.313488905306
0.158065821317
0.437145578683
0.499950482515
0.198882667318
0.0906210491085
0.439749945053
0.497038763263
0.499806699428
0.250171955772
0.254949739412
0.173775572298
0.175126853456
0.221999112506
0.232950467748
0.210099407379
0.160272145249
0.14718584581
0.138120469589
0.388724642731
0.307715182833
0.230772709039
0.162155764001
0.124664600613
0.153046040284
0.499854076838
0.217937526534
0.174392681178
0.12461556277
0.166652541855
0.191882209319
0.237234435575
0.209209638581
0.175717654021
0.192529221747
0.350860742356
0.137237618158
0.225847516012
0.361245139898
0.11925486459
0.137889657893
0.158282916452
0.499862918284
0.276344458823
0.276176763927
0.242792104431
0.189482152727
0.209782290716
0.266394267954
0.208772403536
0.160898040977
0.186260281829
0.161117706641
0.131811505675
0.202339933535
0.157235929168
0.122050423722
0.234721627733
0.266574132589
0.122095227671
0.206133532619
0.258942511653
0.209635097032
0.178884175855
0.196501321224
0.14307252876
0.181833509061
0.278878693628
0.166906657406
0.114544432972
0.158423563579
0.0848198212319
0.208352070459
0.260725650825
0.105866685176
0.219388277836
0.270052125554
0.221390805245
0.133187974494
0.15543648891
0.206894185897
0.153586951804
0.499899712786
0.114154111515
0.215819159375
0.176282130951
0.30665981192
0.264281941584
0.0953120199863
0.261828793541
0.159293375555
0.148324543764
0.337029706485
0.114573724299
0.26572939291
0.231653397478
0.499934886734
0.176393925108
0.179612890886
0.187278751238
0.0740905298982
0.231577726027
0.499888666356
0.142769185026
0.257150664985
0.17208267992
0.20013570238
0.212261660463
0.162405188147
0.366323603323
0.196301117025
0.249884785628
0.194866517674
0.174381573447
0.140744328063
0.240565895493
0.157781124682
0.492315166511
0.23918203211
0.200111869561
0.184705081205
0.433819730493
0.499937866175
0.244325443571
0.190557642935
0.186023248126
0.187673538182
0.239756877694
0.241935850214
0.177065337991
0.49990457576
0.48628972534
0.499939430254
0.158773630841
0.287965675342
0.499863480516
0.131015060909
0.480783880871
0.499827962806
0.14731050533
0.26314261514
0.327874210733
0.162111281389
0.134948606097
0.122164607256
0.177850000014
0.209899122101
0.101244481076
0.137561530556
0.132455378439
0.28433511549
0.237361581993
0.146681028156
0.239321149371
0.49993630917
0.477953605559
0.49989127243
0.155659369517
0.486705812589
0.242619588492
0.499297830381
0.225919089461
0.121271792497
0.186161649356
0.159514820225
0.276224416931
0.199929169713
0.246840558431
0.162297069153
0.171975475578
0.499901728458
0.197672487424
0.307979774252
0.281954040412
0.2200942833
0.499746463679
0.170113087966
0.202717749202
0.127145849742
0.140434488282
0.21274779767
0.125774791717
0.245563201639
0.218742565861
0.499939074426
0.181340692999
0.21085399143
0.200947267207
0.499913328355
0.15053545821
0.488321833199
0.135601240282
0.148410099994
0.194230459072
0.153412570237
0.0867703019945
0.252462279741
0.358894827754
0.157388244609
0.180953239375
0.296450649169
0.184592422364
0.228495967157
0.171561423094
0.499927414998
0.0887024985491
0.358533185109
0.36093095986
0.1306655443
0.161516738245
0.215872966171
0.190589771815
0.247734152605
0.18459490314
0.138191233375
0.141909028262
0.204499605848
0.450745744379
0.499947201009
0.180249455526
0.159991050174
0.499910574823
0.234983290321
0.499951151196
0.157347297588
0.112780053216
0.116167153722
0.425369348269
0.275171448672
0.158548406752
0.256582067798
0.292539719325
0.231463816777
0.193386716435
0.499952898855
0.231293541879
0.363424427019
0.236576750781
0.499978832043
0.287836918242
0.440322692866
0.0901449363449
0.499854083531
0.23770712573
0.184321163937
0.242724560174
0.280763195038
0.404819050911
0.186152320497
0.263500081639
0.425116869562
0.273409086907
0.284849904252
0.0916876416055
0.117764637281
0.239477085746
0.180823207655
0.446893800302
0.212790698012
0.238403946703
0.142403311183
0.499914028094
0.300723294181
0.35711874742
0.137599274047
0.305890415705
0.12082330323
0.499899577236
0.293639604677
0.315759363922
0.0956997898462
0.209125636673
0.385322180156
0.0959252823006
0.184148655356
0.247833782123
0.122020257253
0.19896737483
0.204597822916
0.0953803613502
0.234304201293
0.499909376654
0.32701741361
0.499938446848
0.169721712393
0.290516310722
0.143427571355
0.41121124493
0.136721508077
0.101749394017
0.208498408661
0.132236945339
0.260061334808
0.208155012663
0.109402072524
0.359948963768
0.197998307359
0.499842439205
0.286640294847
0.26966517858
0.158672575424
0.158915260913
0.154639937299
0.499940669256
0.27523484015
0.2335945706
0.231998315471
0.499926932789
0.181512731213
0.499881465033
0.499927542007
0.220434275361
0.348363109036
0.183529735676
0.27587310829
0.499927434084
0.259541020413
0.228651753486
0.49991641863
0.268808250549
0.161509306526
0.188576996215
0.476731512346
0.282576337049
0.10110699335
0.230066043333
0.201692704021
0.219458893168
0.256586369817
0.214685289704
0.261351673007
0.207354703983
0.257833760456
0.154606495377
0.168499685863
0.180893274397
0.183892512948
0.244059346927
0.187880456967
0.196972757956
0.189077045247
0.499857387651
0.181885988562
0.19004127881
0.190383842332
0.288860929193
0.199582992851
0.179037628825
0.308266584082
0.229936885344
0.221235176768
0.255633114514
0.288697575718
0.158388591987
0.199804538625
0.230460641098
0.173066251571
0.172128624236
0.28003395425
0.1590146862
0.102948378481
0.499929455203
0.124484999939
0.158576791698
0.115030614341
0.0693109966532
0.499901871214
0.191089679738
0.110028190712
0.118397083078
0.499900066
0.18653123744
0.171375280591
0.0910183448621
0.183551353342
0.406963053541
0.144683748536
0.189132109664
0.209555195245
0.181432039278
0.128036291829
0.354319265483
0.21731840329
0.168080592466
0.214860154724
0.0824993412804
0.134095897747
0.341317955943
0.195269603235
0.175059001656
0.195706789455
0.284898574938
0.119629281173
0.323976546962
0.209460624777
0.107190176559
0.146788435149
0.137778674743
0.191681630155
0.292617066345
0.156993852309
0.155701212568
0.127476092076
0.194495568176
0.213023878016
0.220580796834
0.232294238806
0.291322359888
0.193225818316
0.239635277373
0.101981415105
0.100682321712
0.165600585753
0.19727400299
0.154170608081
0.240591953235
0.131131455193
0.18873167782
0.176783198059
0.183566571795
0.101167765497
0.178956805056
0.181939420674
0.205630119652
0.116699310593
0.093919740778
0.14914879612
0.229486780139
0.202180133969
0.361398738897
0.103296670784
0.119433189701
0.267338393729
0.207654523452
0.104848421689
0.168158936111
0.453676836612
0.281660674269
0.167218353175
0.15930793781
0.12177840861
0.245858259514
0.241843065369
0.228010580416
0.227942377303
0.141008399319
0.239613543757
0.326736600028
0.221631142169
0.144161226168
0.222506686908
0.238582555414
0.235761060786
0.499911014461
0.219825308721
0.235017014677
0.271415124352
0.280822034616
0.104395575363
0.353820739319
0.188997013056
0.248850171311
0.1606862777
0.238508529211
0.0997545228754
0.189773871773
0.275148073799
0.222610371036
0.189083534125
0.30386108979
0.129027285614
0.33014885177
0.277778221947
0.228119454975
0.163520790564
0.159011793573
0.307421988931
0.153337673095
0.0688720429634
0.32959820989
0.220580168748
0.27346981287
0.149380911062
0.105749173583
0.16438630776
0.191332689661
0.392521324629
0.167982136601
0.17204832549
0.123071085418
0.10816125755
0.157402838257
0.453629585385
0.368942170777
0.343457959623
0.26762278174
0.15662234701
0.344712890353
0.235218028535
0.116947862273
0.245813153847
0.187499253226
0.19969200904
0.222189694945
0.228669413903
0.332259881791
0.176124831086
0.25782978748
0.154038606768
0.142617814817
0.117699370904
0.178394371567
0.365754698177
0.104991667435
0.137223785626
0.154151721846
0.365646309572
0.101292648696
0.499951552082
0.459951032942
0.185686250902
0.250222602488
0.215734745322
0.207625687141
0.204311364548
0.0943414203627
0.261813858088
0.280379377654
0.286836789076
0.193660561116
0.234379738136
0.111242751121
0.219411211844
0.461106930195
0.0983306197058
0.199507730032
0.100390855136
0.279690882896
0.188665724827
0.160646247702
0.220888619791
0.06790728587
0.174313815944
0.271827067643
0.413275286024
0.231011156809
0.0954854893664
0.256367104359
0.232974761687
0.235175862938
0.180477973792
0.499899049029
0.305210696874
0.188136029918
0.264436291967
0.107059777772
0.106122885027
0.186110169204
0.207455350888
0.499896679278
0.469048571681
0.264537706683
0.499938250652
0.278184650637
0.161348792121
0.190661081064
0.156936522817
0.171699653344
0.220558028221
0.187007513408
0.197963154863
0.113566933242
0.335600382543
0.181843590823
0.192275206022
0.210202621258
0.297772485154
0.0792640129151
0.22596583269
0.163685538964
0.122615848526
0.414744583852
0.265344023297
0.225294842989
0.153610029249
0.184027578268
0.195936236616
0.202009447
0.150382750155
0.228774427331
0.338035782167
0.100187782001
0.27309929503
0.242463572668
0.126050860186
0.27191567133
0.131587710511
0.203965711085
0.206056944204
0.133390151597
0.499930162826
0.305675324919
0.197893886184
0.422772555413
0.231381158545
0.15161832061
0.201005738246
0.289672732493
0.177319290829
0.296339147848
0.122283484235
0.260593343153
0.179907077086
0.362477479485
0.152860495871
0.239164159018
0.121384087262
0.168565705487
0.499869053753
0.282881217451
0.221946525195
0.238546927484
0.346642561904
0.115360576782
0.193375117706
0.221972598879
0.323895090566
0.209388261521
0.148766883622
0.126850048802
0.249925458027
0.175861353333
0.220231787153
0.218219968531
0.218369278512
0.105342359812
0.10897275158
0.238865086414
0.0711758635834
0.183066941932
0.222246465294
0.123145059014
0.157269045823
0.177218078281
0.243448891448
0.137900181737
0.196045905443
0.127274949198
0.187925926221
0.254310105077
0.196131896812
0.194909349454
0.190707808429
0.119319898541
0.256401680551
0.25860491344
0.3940416694
0.499873740475
0.257473526206
0.306736860566
0.299210987369
0.231883464337
0.11614714047
0.290908558604
0.315802420118
0.192581053662
0.154650574806
0.279906366914
0.198281189266
0.191144601908
0.241029069058
0.140441238974
0.266091235799
0.16252185212
0.204875320003
0.134464494777
0.138028750267
0.124108955985
0.181884056191
0.17944027491
0.282078275281
0.499863900136
0.128173769131
0.219946069873
0.21817237468
0.225094194521
0.213878309015
0.499910226165
0.210275505556
0.240387119377
0.499938333352
0.181278598289
0.264678999307
0.31338818552
0.285859317371
0.217673515815
0.246356704241
0.238987433007
0.499978965739
0.156612132073
0.297109622291
0.499889798814
0.239168842854
0.20143284842
0.229777366598
0.249898639105
0.23237432869
0.230366966505
0.228732464937
0.125797447429
0.400378592802
0.21546380675
0.276918056424
0.499908893869
0.499948146317
0.140046342059
0.274479203988
0.202457005947
0.434065743827
0.499888125802
0.118983498709
0.189894052548
0.0721532581544
0.281729916304
0.316253787881
0.264228807623
0.309293087494
0.281381276893
0.170374820629
0.0992946169089
0.152316362338
0.18684722264
0.315200754839
0.204212381267
0.167170798551
0.499938064896
0.15224914347
0.357918919111
0.21579858394
0.159851406245
0.298658629901
0.44630289043
0.187348000107
0.184345023469
0.108752010938
0.117024871816
0.188328346225
0.297209541049
0.253441003357
0.282540528036
0.351449572238
0.267876222958
0.239157201639
0.148214328011
0.480051950204
0.182009989195
0.126483318481
0.276050681016
0.211679877824
0.493755888381
0.22799772158
0.151528339302
0.215516980197
0.493239835767
0.303476963131
0.103531931688
0.499897942686
0.459637872527
0.180449763425
0.177541178017
0.232075049272
0.205863178588
0.355810507133
0.267956448601
0.49662898459
0.213192551806
0.232400602582
0.110608907075
0.146023410874
0.17429064933
0.474307972603
0.267646393383
0.217311170577
0.207082297952
0.266861032467
0.175850353597
0.11530857577
0.199122297921
0.252920902866
0.0942025091096
0.193093728753
0.19461589206
0.153463726928
0.273005343774
0.159597365146
0.168187140403
0.146106843737
0.259556067521
0.258079646921
0.211534632122
0.17020183311
0.165189088475
0.499930783793
0.0710010978574
0.317939377669
0.474674618435
0.445959787166
0.179168397046
0.499946189413
0.281714226023
0.196053871715
0.242800748976
0.499887876937
0.270971913035
0.234433876859
0.181377065945
0.158484843903
0.224674260832
0.495195824233
0.190405697449
0.15000331961
0.185850174793
0.24620324524
0.138370723114
0.499823736072
0.176191020169
0.329496050129
0.194435623299
0.125356009883
0.446355402579
0.499930012718
0.495541708784
0.232003950477
0.44637408441
0.198271510725
0.16517000333
0.354794465549
0.143529063914
0.499875015075
0.235188457951
0.169184070667
0.240590881478
0.434542126289
0.40732319071
0.0672855306891
0.417612384244
0.27230647749
0.136422860354
0.49993891002
0.319877784543
0.121184728139
0.254794228279
0.189243426898
0.240176767921
0.145738059482
0.422629959406
0.272122476482
0.195723868568
0.190030539548
0.283736245399
0.152868314477
0.192725894998
0.306094995251
0.154972502592
0.345727138218
0.161502917838
0.21955738118
0.414032331471
0.47752490915
0.482801721268
0.176028473121
0.237221179276
0.404528821654
0.244932874164
0.166470287549
0.171724296804
0.27363901268
0.449403747842
0.177062939712
0.131135448472
0.325932370144
0.108233687883
0.184903280763
0.121176178511
0.232163628283
0.167285652196
0.228997654183
0.209105656057
0.154080705105
0.280723531393
0.135093221177
0.295814730592
0.166719926447
0.272309969666
0.0886751433267
0.327400240466
0.238689608529
0.499894709995
0.4999357044
0.22249772235
0.25423200105
0.280606696478
0.0680105974898
0.223214737819
0.16128694016
0.163845046994
0.208831671011
0.250530333148
0.148277303007
0.180919833011
0.223778240435
0.179958060975
0.246207617001
0.0739426010666
0.102756043857
0.45989575709
0.201496004454
0.150308274759
0.165438287638
0.170811181654
0.131599463484
0.49992949025
0.104034133909
0.138415544035
0.210621690996
0.499970641928
0.199143425419
0.210869786275
0.13759242964
0.206300668338
0.19129734713
0.263494416894
0.0838061835347
0.258585211968
0.164599170108
0.158278693366
0.121755899216
0.178998879318
0.182488226796
0.0795760725419
0.214803604597
0.194548115826
0.218091667246
0.499920644286
0.187994752396
0.203296561798
0.315634101157
0.0723318484651
0.272624377895
0.280052291802
0.132088568287
0.155311050167
0.0807775372916
0.108968448886
0.300254971486
0.135444633897
0.137294546111
0.296119878481
0.17956362453
0.104910407527
0.0714508442201
0.24036398365
0.25013709894
0.198413412769
0.197402464186
0.499904103809
0.158535855533
0.499908194437
0.499944327226
0.222355668429
0.197829179885
0.302728124338
0.372831355434
0.191616235147
0.137557444812
0.174235041436
0.168656981667
0.191057223805
0.191159538559
0.191956735231
0.176561913065
0.216507094325
0.422695410128
0.478328465381
0.1827128396
0.255202092303
0.143401578892
0.28476094958
0.31073166827
0.34654871372
0.195582160249
0.159748626298
0.147552106136
0.184096364818
0.121754086552
0.239362587904
0.264998676132
0.17913103582
0.202210921957
0.174391265701
0.107171578882
0.21904433776
0.121214042251
0.230629237344
0.135303755685
0.239816634055
0.243604939353
0.158110240458
0.184797676611
0.169434890287
0.202460027713
0.185596540668
0.23342919093
0.224602246712
0.223131709815
0.180999971256
0.167937438195
0.174253320088
0.281929775497
0.1317939613
0.155333945764
0.160657197998
0.165289099995
0.291827571262
0.244397830903
0.220845006593
0.239544716835
0.470494610036
0.211672741035
0.168682268553
0.49989405346
0.219612037047
0.288173713611
0.240847087783
0.347102554292
0.187375644341
0.28424781974
0.174323438197
0.135392074018
0.315575398109
0.252087258032
0.217969516784
0.495357008154
0.158652168308
0.182658444696
0.49984010943
0.108631399916
0.113770794582
0.217710176475
0.242232754145
0.28187943078
0.499898145469
0.18935296754
0.443496113998
0.469265744538
0.214004324616
0.150240688934
0.170575900864
0.277444738023
0.125049794266
0.291786669143
0.397767616448
0.118756543439
0.263794234225
0.174232331378
0.129436532576
0.192179389714
0.34459801565
0.24169445333
0.239284902593
0.160336669155
0.291783726145
0.192888752745
0.207435719272
0.0910042552642
0.499827951384
0.15278656372
0.177885674633
0.22868952595
0.236012785751
0.188820345393
0.106177961548
0.205954883745
0.124028367629
0.238949123038
0.147646658956
0.182399550856
0.161342322724
0.097915445686
0.499940437327
0.201448007079
0.106902068509
0.138978178535
0.309460764975
0.120424305204
0.49991661292
0.189892475036
0.473607833461
0.18671401565
0.203423365645
0.221691208715
0.182795854498
0.189940590969
0.172659357288
0.106026756266
0.186638948663
0.256008410838
0.128578803953
0.177393730466
0.177877036658
0.243060200822
0.109993354782
0.211963477481
0.173601847262
0.108550325026
0.213091927755
0.092337259606
0.379554039196
0.270939310699
0.326393781137
0.144409180632
0.103208096448
0.106737629724
0.128817557359
0.122214178428
0.112992991546
0.499847943149
0.187552627672
