0.499892552887
0.499868140658
0.49994520486
0.499877683418
0.43724728434
0.499957598433
0.499948928578
0.499932430206
0.499916157445
0.499948003441
0.474118844063
0.499853639942
0.499954020813
0.499960972863
0.499939756903
0.499931496223
0.4999136959
0.491463897158
0.49987458648
0.499844889401
0.445690314503
0.266368015012
0.499919091395
0.499920641796
0.499920215647
0.499948172232
0.499935111766
0.499893980391
0.499922689639
0.499997216652
0.49981565848
0.46716206687
0.49991815588
0.458015736337
0.489017120817
0.499949497557
0.411696291898
0.367824685835
0.490668398059
0.459561486848
0.398610471436
0.499891520758
0.499921004986
0.499948959843
0.403147732297
0.43039089582
0.447932136634
0.499949409751
0.499935873354
0.499902792003
0.499939665887
0.499952649814
0.499896021701
0.499942989898
0.49989337982
0.499250593711
0.499902886056
0.499981728009
0.469284247803
0.49988322345
0.499928451466
0.490793545839
0.481602489662
0.454572016645
0.499913072945
0.499898330953
0.467647431437
0.499927005954
0.499943495539
0.499854841487
0.499890790331
0.499920969138
0.499891350831
0.499949137713
0.499844829697
0.497322552826
0.459530230003
0.49978950919
0.494048596551
0.499914583184
0.453609000505
0.499901847354
0.499931174746
0.497055278145
0.499977619962
0.499921536133
0.499906197002
0.499868651496
0.499734220838
0.499919104015
0.499959036381
0.499749184485
0.499973866721
0.49992867239
0.499940150495
0.499914249604
0.499924468535
0.499908044204
0.499962182041
0.467528416359
0.465765693542
0.499900167408
0.499963435664
0.172993995775
0.49992273735
0.376055625832
0.0651970736465
0.499934711929
0.497778522453
0.464418049347
0.499900705545
0.499902726223
0.499983074391
0.4999171299
0.49985058099
0.499935272144
0.499908187449
0.499903595342
0.471946352542
0.471880492986
0.455390063214
0.499896058265
0.456256563583
0.486948602016
0.464290144818
0.499884509818
0.499916170822
0.499917643976
0.494382942214
0.499909509517
0.499941112292
0.499908260333
0.429764350965
0.499935504082
0.499909921845
0.499775810969
0.499967827087
0.499840570169
0.499900685051
0.49987860962
0.499959728497
0.499911920491
0.453556851812
0.499950206029
0.494428014028
0.145574903543
0.499902394904
0.499917398301
0.499965654031
0.13200197686
0.499906617378
0.49991565424
0.499714480836
0.499851891488
0.499935779914
0.499877551264
0.220156756061
0.499901132287
0.499969690489
0.4954289393
0.383657401003
0.373779290082
0.499890127682
0.499830663411
0.499937991528
0.493405715261
0.499981654108
0.499928703181
0.0644955361378
0.1114518854
0.357494241397
0.429606979388
0.407945469856
0.499861171399
0.499953077041
0.499390314786
0.477012499479
0.225031923762
0.499943110332
0.49993840488
0.499940263363
0.499733686676
0.499814522661
0.49984518946
0.389891379348
0.499950939514
0.499785427427
0.499922261947
0.499858753759
0.499960399907
0.499900872265
0.499922135504
0.13317589354
0.482395931938
0.499877472608
0.121604529344
0.49985833179
0.499970556427
0.499879156047
0.405626202528
0.431554730062
0.49972879285
0.260876174281
0.499911015409
0.176289176377
0.499916917549
0.18985318248
0.0765735602092
0.246341880602
0.445005707077
0.24878494515
0.499933645187
0.279146646212
0.499923870208
0.492798968799
0.499942249239
0.319776103806
0.465735463906
0.399754024781
0.443737814296
0.282234967693
0.446649949638
0.499934561273
0.499880665931
0.499879570845
0.398917408231
0.23045467011
0.361199247986
0.499905540688
0.49990363916
0.372877964255
0.43068637198
0.499962767387
0.436643817111
0.499913457142
0.499936092529
0.499907589644
0.499933355568
0.478632031962
0.0993559178172
0.186185987584
0.499855609089
0.499950381534
0.20410723033
0.499938500813
0.499920106574
0.499901285127
0.143931985716
0.125171619814
0.499851902207
0.499976422451
0.499916943144
0.300739671104
0.417538482032
0.499902937828
0.45083046645
0.423331475027
0.499925818266
0.259130378652
0.275402489587
0.221935928728
0.499878227709
0.35128313606
0.0647046188717
0.163414942839
0.476838475964
0.499925751297
0.4999644744
0.499970593357
0.499907145791
0.199127553399
0.499885116086
0.499938335645
0.0646610820465
0.286140584775
0.49996254227
0.499968610968
0.415637193901
0.128917481815
0.209419659709
0.499868629231
0.478835688846
0.499885140216
0.187929137245
0.480600396154
0.4968801186
0.378337347413
0.290056391726
0.231277870094
0.499945921993
0.473781729984
0.456264154009
0.217634432733
0.317014462753
0.499898287242
0.120157322783
0.499978888326
0.467706283896
0.486001177909
0.171137262726
0.186439422601
0.267240579331
0.345931840413
0.499933226339
0.499968141552
0.176236601327
0.499989229829
0.0935785774342
0.251258404555
0.178407864978
0.288618466266
0.434785899222
0.17231816433
0.471112452026
0.475104314743
0.108735131188
0.462933143811
0.499872352823
0.479143708398
0.196278057572
0.499856105491
0.499903036641
0.422968963054
0.488598937231
0.0744586656863
0.418127260911
0.499978337025
0.196435986249
0.458560599749
0.499958335238
0.499866945303
0.276231751273
0.201202665048
0.423566944967
0.499928573499
0.152966945132
0.499821534524
0.372478073733
0.49991254042
0.194323575454
0.274605202883
0.123329582747
0.162500344959
0.43442071477
0.320249633878
0.499900980736
0.475583871765
0.245320169296
0.448330344469
0.196287062537
0.448597336726
0.39344815097
0.42857297954
0.435173842776
0.0579381535524
0.469011815746
0.499976140674
0.304713875397
0.0700737644886
0.499888370982
0.499943300366
0.484231498347
0.33774710622
0.175163615678
0.16177856192
0.145641073209
0.499804426475
0.388531121713
0.499897032261
0.210878257749
0.499957226398
0.451342468463
0.0581231709209
0.350990915344
0.499903233718
0.499914560923
0.499759288054
0.349006200403
0.464409944256
0.49990535209
0.159469920605
0.144674542236
0.341111143468
0.247856183872
0.49445776508
0.406570903054
0.376351093728
0.402464954792
0.198986126741
0.499913382047
0.4797367237
0.264503262298
0.328498001597
0.458831534585
0.187771456395
0.343490821641
0.293776466444
0.112125193125
0.49988487529
0.0875269577971
0.499865921045
0.448240399461
0.284477961911
0.499715143838
0.219200902158
0.0780959320873
0.378381986805
0.217876143862
0.499906732589
0.130363646326
0.0536415709932
0.0677615741509
0.336591576227
0.360479345368
0.14094691313
0.445156070025
0.499974087395
0.128638614783
0.499888819685
0.499942366052
0.133064040551
0.130149210329
0.113950037763
0.499885448094
0.499917283432
0.499917269942
0.22517174761
0.499929664077
0.1928133086
0.175094117596
0.252875877982
0.499929065702
0.49989782638
0.161016288854
0.256065809889
0.372067493601
0.2814785665
0.254290803346
0.269959405959
0.499874690144
0.196896964587
0.499963958917
0.282288694666
0.344830057913
0.228829709755
0.499869604509
0.499907704138
0.0645229141363
0.15354519808
0.0921361344671
0.499889996863
0.499950690992
0.0781933555097
0.499845887876
0.181341052735
0.499933563667
0.499789947705
0.245852049836
0.226441263226
0.499872832996
0.46622057177
0.0642220492628
0.308227901307
0.49862861481
0.332281330548
0.499937302846
0.492737963873
0.499904457141
0.499950637515
0.214114816711
0.0885435827012
0.499911165772
0.462358520797
0.296256684521
0.229580188686
0.0657825198638
0.222256567633
0.113230518667
0.479731056426
0.296711234384
0.0579198489022
0.154465203156
0.489821497668
0.174851982712
0.360967398408
0.151965038715
0.46099587465
0.0652124826965
0.499950879923
0.499889749274
0.499930457364
0.101063363338
0.060288203561
0.269126831942
0.462934955909
0.499950688926
0.26197130963
0.129476864746
0.106581390389
0.184135490335
0.251450321281
0.49995597486
0.259083483147
0.220269642292
0.499880137824
0.0833311826476
0.499931505145
0.0570144891813
0.177103396778
0.0855844182847
0.293360280198
0.165477769121
0.107510519278
0.119464997625
0.499883983439
0.49992883015
0.129084187992
0.106788812083
0.261628542672
0.0777427299213
0.240824033312
0.30507698095
0.0673249271347
0.0732241449978
0.0882448851748
0.144859488754
0.133224152898
0.0870814530506
0.162270328655
0.0654908612909
0.138545588856
0.499920370953
0.149965216702
0.327405008582
0.129498433789
0.321648097631
0.151549035139
0.236144867099
0.249147980617
0.25660293698
0.094471949639
0.281851988281
0.0624295699476
0.282107625183
0.24141318445
0.159054100241
0.0881854499641
0.203917345676
0.449412594469
0.299706068576
0.131346043827
0.167635540809
0.131089674344
0.0816594311178
0.0510666207493
0.315334002889
0.499895070888
0.0909276525303
0.0531897460559
0.184992762054
0.123611448438
0.109997746779
0.0616014139514
0.110255249178
0.0579793002171
0.244950401752
0.0553705866463
0.214330078204
0.173095523206
0.213113883661
0.419170313116
0.277336925614
0.165836657067
0.154710713331
0.231837378691
0.499971319444
0.205118258758
0.118934384643
0.0744928939278
0.0782828840028
0.480610364889
0.259894299744
0.433775288161
0.065459529637
0.228163384527
0.151493752598
0.254889574988
0.495592450096
0.187828782343
0.169945440335
0.499911404079
0.465335705561
0.179048716162
0.199194461662
0.145132735256
0.0603816762539
0.18535059442
0.499928552816
0.47738304218
0.29328597538
0.189297301582
0.148056066139
0.191586178959
0.0902854523472
0.216763496417
0.146039056613
0.4950037447
0.453641756467
0.0630900516528
0.283229303964
0.385907284469
0.167813453141
0.177201039494
0.0711821493595
0.0712119610091
0.120008574361
0.104938408589
0.499910981924
0.277023995199
0.126722588445
0.0420311360478
0.254704329967
0.0685467794217
0.499861311549
0.121307994032
0.127613485571
0.259465967742
0.192420124583
0.264202214068
0.286731096042
0.301707909953
0.180942063402
0.186966639565
0.182280098597
0.209897019799
0.258008986073
0.103150512351
0.267710226487
0.155885138998
0.218766925815
0.192334836122
0.49985431697
0.46072100427
0.112178479891
0.0666400888201
0.439713276821
0.220541097563
0.106735004646
0.272181058445
0.12679902444
0.203501115922
0.499927602065
0.290151412137
0.14270885602
0.143402665628
0.116646491918
0.220319488827
0.0950187444658
0.15935285685
0.208028112983
0.216796219872
0.0766650675185
0.0970942449201
0.130234772707
0.124602678815
0.121306750079
0.257633779545
0.219851400423
0.150833811833
0.0998971028554
0.13843541491
0.136940012334
0.0513999203606
0.174020343704
0.0510590591102
0.499890489881
0.110963552721
0.144932592543
0.220390657875
0.123596656959
0.0562900162472
0.143973123281
0.0634226259167
0.220296306355
0.0963941117071
0.15061925515
0.465227037116
0.263002287622
0.171844105045
0.499943428104
0.2656463099
0.497905933386
0.0910242630554
0.161860169064
0.205624240182
0.13187512578
0.172242688579
0.453391330777
0.499896263487
0.106897343114
0.499919191781
0.467844223775
0.221738373639
0.127669554152
0.0589359361386
0.14195302278
0.165641823568
0.301092859665
0.163163133175
0.131571877627
0.499888446817
0.120014181817
0.0768045676723
0.15235806285
0.152165453281
0.222071856061
0.476997297676
0.20665913801
0.135351993071
0.214809802344
0.156103623869
0.499944503355
0.243514450401
0.0761636786824
0.194260776433
0.199336396486
0.055700418939
0.0588384325334
0.0504825887474
0.499968823626
0.0563395503981
0.177995845166
0.327978753159
0.499928934347
0.220267124182
0.172605661352
0.0665512121302
0.491731489885
0.187616662758
0.0693309674933
0.223319693218
0.13662390247
0.144773532792
0.110205294914
0.149180446746
0.156613315794
0.185084613545
0.489038068989
0.240304316329
0.0511614958645
0.264464487377
0.176929964811
0.138709369672
0.160870807712
0.13713774539
0.0872561088676
0.222652119237
0.499938758302
0.136823576279
0.193535797416
0.0695961340653
0.060565043482
0.149688553476
0.11580321192
0.479588194563
0.18163388583
0.400508568349
0.0722844980196
0.494757018448
0.482255958843
0.382692693534
0.130297313658
0.499955949134
0.143516895361
0.207778536688
0.141643722783
0.0986315915
0.119319501288
0.499905458588
0.211778563829
0.472168568274
0.146799016789
0.157326814891
0.146142719702
0.132736811379
0.499833348283
0.0822695704221
0.279830469699
0.0581458586317
0.127930916083
0.0545383262714
0.499949421872
0.107833035567
0.23715796358
0.141095112032
0.17381928971
0.222035294352
0.069645101233
0.209666013567
0.0975440279693
0.277532816212
0.499909216891
0.127880485562
0.138035044643
0.0730678458783
0.231262223017
0.0520282125503
0.188812691355
0.176628466491
0.0792828400929
0.499949925186
0.434117544854
0.143887988654
0.139403736175
0.051410369073
0.147129906301
0.159459644218
0.229655143426
0.154492467897
0.0754006508207
0.185019388025
0.120611875049
0.0968964143421
0.220155272825
0.27116872423
0.262364541156
0.499834606175
0.338615238024
0.0582625118924
0.478603215715
0.0992010463255
0.0818864057603
0.124277107862
0.195324769357
0.150529823076
0.187504416338
0.113973889603
0.289030345889
0.127665575975
0.267278842721
0.379104817554
0.181743219149
0.110199927891
0.0563779896546
0.0586642263102
0.127956597867
0.0752790065845
0.145292966695
0.258657487844
0.135478097023
0.308184851337
0.177265227362
0.0985965522269
0.190683510034
0.467614631364
0.138435537314
0.110236683191
0.103656946194
0.0513787797123
0.20222188653
0.1457303508
0.112097046596
0.147706592176
0.143186620041
0.489250542528
0.156882046556
0.342174831893
0.464783892047
0.199320268173
0.118702647336
0.13891146182
0.0957522018304
0.112661342705
0.084259322614
0.0988234195204
0.499955756941
0.0899907788918
0.0975509202356
0.0623642316546
0.192532870166
0.131646215477
0.103488670525
0.284411895559
0.497564246506
0.147700905721
0.499300203183
0.188382781709
0.142518427369
0.310727648905
0.166103911258
0.16306851877
0.119726625464
0.311574322048
0.136746596926
0.0603497861976
0.168098742637
0.45345047344
0.499938118006
0.10255847839
0.0539657230775
0.134422722082
0.182981443479
0.138375338226
0.178835380956
0.24466114257
0.106542956492
0.139773751666
0.173582257403
0.104910711086
0.0783578484284
0.0833219549692
0.112481049613
0.172628788359
0.140957489685
0.146420848681
0.219524503436
0.180552596014
0.191362528159
0.2513187074
0.0559949374838
0.149523354946
0.499955881625
0.078993873964
0.147975959836
0.38775867701
0.0533611760164
0.312595010927
0.109059212835
0.105696582643
0.321034363472
0.279435393547
0.179847298654
0.107859517682
0.18555578255
0.0949491684362
0.140294015095
0.0578638133802
0.180136586862
0.198099361578
0.169925219874
0.326990728189
0.151507312466
0.0575826462895
0.14751505475
0.205965165412
0.142209092257
0.203645986007
0.0590027185545
0.114174462182
0.211881204782
0.0580581572592
0.0689213020852
0.257400116833
0.0568477969817
0.494324745929
0.137263875209
0.142900675264
0.0570959616844
0.2931625134
0.163936936873
0.21293866242
0.499883351214
0.0654939093866
0.0744976383414
0.218692632791
0.135615814589
0.143342901605
0.143168159641
0.0920576755259
0.0795124680472
0.278254832458
0.0666997686853
0.158639388075
0.0579516913072
0.0750340151
0.0617130470054
0.150636942418
0.285749679423
0.200189285183
0.303015096311
0.153445375089
0.143416011978
0.32516173603
0.114562436361
0.041356674335
0.122219161696
0.125573848883
0.103803475586
0.214585658307
0.130807970968
0.0971625011236
0.214515544708
0.0640576556182
0.19120993149
0.220314859619
0.0552726707167
0.141429741922
0.254572272489
0.176663437043
0.155351260675
0.156847539698
0.181951180854
0.0505392792006
0.129100314212
0.0604327163829
0.201648679242
0.206956729126
0.164407349284
0.090989236497
0.220812608418
0.17378792523
0.276858732512
0.0873212029771
0.295228103379
0.243702104077
0.150155551602
0.149645343232
0.105338548506
0.44783840781
0.0644935983975
0.0901209597649
0.108633397169
0.198930052885
0.125652853478
0.0858997839991
0.439259903753
0.145213643416
0.348258600274
0.112205870581
0.0824708826669
0.172468496327
0.377580410105
0.2300264129
0.0623934063112
0.0959902367765
0.143716604035
0.13240771253
0.0530911409586
0.164021638744
0.0437725219984
0.124702017606
0.223358551606
0.0550503500471
0.132318119091
0.0808562861102
0.134178939019
0.255756765958
0.226443719491
0.0681523590888
0.0531444500607
0.166981911774
0.308512567156
0.499815888179
0.0840386031794
0.193642554594
0.227142816014
0.21046087474
0.143963938817
0.0954939331166
0.0856625583047
0.161920264994
0.0857442790272
0.153347359421
0.256504017533
0.139975648899
0.14257495944
0.0667702793093
0.116859254052
0.0779598871572
0.248044268303
0.152083045915
0.499681103753
0.213283871748
0.203002172714
0.112960363019
0.247805351399
0.15855295457
0.152495371051
0.057696342805
0.141444580899
0.126372062014
0.0999394616064
0.157186551716
0.148607759978
0.140712571475
0.143950858877
0.129304282807
0.23287730165
0.195688219481
0.0720772034518
0.170672017678
0.406202763377
0.212587384581
0.079633012755
0.0373523058612
0.173666923227
0.17062324823
0.283171480089
0.0970960426729
0.196632658599
0.052742157076
0.391534517113
0.144833695997
0.18625554446
0.499966863833
0.202086411449
0.0172483861173
0.138298482323
0.17916770813
0.205615634564
0.181595860534
0.221393103867
0.469114410291
0.0973607239174
0.115006974106
0.228687829433
0.0996708272287
0.238788346719
0.162238504934
0.49190090249
0.32463541465
0.103216699494
0.166226192712
0.163438092109
0.0423893514011
0.154381119068
0.323412761468
0.214499595671
0.0946189459336
0.0973207323766
0.346789657242
0.315480358774
0.0969948351136
0.151523279208
0.134515244312
0.164573152877
0.225801590124
0.0586804778695
0.229182509102
0.0656287669296
0.195890876481
0.0772167403129
0.0950236892369
0.178918229969
0.124873287898
0.14789723181
0.0502506115538
0.0246571683398
0.0984997333644
0.161575361053
0.303341266512
0.355841447042
0.195793830759
0.10528153286
0.0553181491309
0.126687785744
0.233588252145
0.115499917829
0.0466777079473
0.217022159995
0.263808679793
0.175385314794
0.2468251159
0.187654285506
0.0805077119302
0.152744164287
0.127057694659
0.241692454953
0.18793127758
0.13077252825
0.163958805532
0.247736387065
0.499862074125
0.110318020405
0.113006543451
0.134488382639
0.252917894576
0.171884061611
0.499923411852
0.0733887821755
0.306608966428
0.397164034839
0.170235022081
0.179704619649
0.0995020477792
0.0583588663511
0.0783069936089
0.311977184825
0.202048320582
0.445694477762
0.053647584555
0.499823478868
0.0511885553037
0.499935338646
0.0759135160387
0.146041483654
0.497780649731
0.148855562158
0.499936243102
0.110579566155
0.0678209432954
0.499904574034
0.126843774966
0.290792827171
0.186737611215
0.116495991376
0.211859411533
0.11614754581
0.0831611410179
0.474077491156
0.106483009657
0.118610864758
0.499920975164
0.43248507293
0.237922487092
0.345301213104
0.189868924096
0.342062790929
0.0567883576601
0.149373868024
0.197596926831
0.0776825173587
0.0775380578165
0.499929312185
0.135187061911
0.488867735038
0.0931811370447
0.18685021821
0.217195205333
0.15418735045
0.245459098617
0.0780959170776
0.127096802094
0.453231004695
0.142746557596
0.0810189512856
0.1866009684
0.0932949162641
0.0512138322016
0.499864200744
0.326800722661
0.499918625652
0.114563802146
0.158507265113
0.135542277879
0.11863714572
0.499879463376
0.244405187285
0.320929543761
0.499931873693
0.187948639713
0.0573253266046
0.0947803106921
0.222635459647
0.0937008525198
0.0512084566335
0.0977011425294
0.189686054421
0.148633283808
0.499739037004
0.0712779895389
0.0584853775987
0.369530854572
0.176882393832
0.490191296867
0.462942132386
0.499863062668
0.3741192308
0.141649560882
0.184829708491
0.100922106158
0.11798591305
0.138422945028
0.293462000907
0.16645639736
0.237721707614
0.051479384736
0.485888643523
0.142061659836
0.46860931635
0.206701824952
0.0713467100129
0.0585787218652
0.111772088812
0.496381387008
0.0515448223232
0.0799004658725
0.244908472974
0.0687670311691
0.253285003096
0.138760965124
0.209826100003
0.0516359307898
0.200627634362
0.499892570619
0.0642930970702
0.201400925687
0.226838954501
0.212087015739
0.101815044852
0.077460226961
0.05845592848
0.241637080558
0.175011591694
0.448257505789
0.490691651923
0.155456772567
0.498185508891
0.134233633771
0.499950017827
0.12740283373
0.146428577484
0.0972353460979
0.226962397131
0.499783511502
0.499872658337
0.0704337721831
0.189411511814
0.150012852268
0.197824160224
0.202181314213
0.499781041867
0.0980895951941
0.497506557711
0.416461221101
0.123007644464
0.154949956288
0.0780625082742
0.152227109378
0.147773353458
0.0527470415765
0.383386154267
0.162118171855
0.0971769505568
0.14628812261
0.294303352895
0.0761720337701
0.0565102862239
0.18799766628
0.0579596314564
0.227402093349
0.0514557833227
0.0980990207304
0.135918251799
0.0987004417433
0.140521885666
0.232941333461
0.142739553295
0.0980801877475
0.145888905474
0.0535197935297
0.371294323516
0.499876687958
0.177244313883
0.269892307622
0.16591000875
0.223959796864
0.263030223525
0.168465908228
0.19577250097
0.499810965491
0.121260412518
0.14239648365
0.222055452918
0.163193901188
0.211602196215
0.0783185361817
0.0525950843246
0.10241503518
0.143934574863
0.0622895913577
0.0685109862927
0.499920694743
0.254734105748
0.193273693005
0.499925854294
0.202709882662
0.46238263033
0.142777975743
0.143172732951
0.172451974693
0.20833590444
0.315475432187
0.0954094426024
0.0510902797307
0.499877494561
0.499909684295
0.139345044985
0.133064719195
0.107506728347
0.4999332957
0.499863608781
0.0573435096452
0.499850944357
0.0933436622793
0.106615365711
0.207633732089
0.0503169150869
0.207396625515
0.136541790137
0.0514070152299
0.0676932830228
0.367745982172
0.132424464524
0.4768715114
0.431424677918
0.2311702765
0.499926824907
0.167957566819
0.0746024869187
0.203949588522
0.067770841298
0.140101572803
0.142181960796
0.140110272658
0.45266708595
0.223054197858
0.158454268596
0.345350864618
0.161992681959
0.225154459169
0.10459477894
0.161696265741
0.499912541485
0.499865766975
0.172867027177
0.271470297711
0.105091698497
0.105124220457
0.0652854731865
0.280811783432
0.499888578868
0.223411797368
0.211636305358
0.164820513697
0.216031255254
0.0559362295938
0.141917247525
0.140364755746
0.499799430942
0.15704041081
0.197478306817
0.386103544654
0.0653211094875
0.156080318807
0.499832200135
0.152580540581
0.234970152477
0.185303908009
0.0629403499175
0.216146709486
0.146503745498
0.259642188961
0.111427009973
0.158744623811
0.367088721313
0.285317097157
0.0565267228888
0.215029881101
0.30520779564
0.0780442116306
0.159937960239
0.393392162526
0.180340439729
0.0535253088794
0.217444799618
0.0569353144595
0.194816683707
0.145293912981
0.11841950777
0.123741931657
0.211878118527
0.221255307453
0.193167394725
0.0806784149364
0.0866757525622
0.053894949643
0.128065931043
0.106605064872
0.257771102366
0.113392339987
0.105488992225
0.214958864001
0.132786398099
0.163713857102
0.12482256476
0.122110373529
0.124660413895
0.190781296572
0.19541318896
0.195563798877
0.0956829677977
0.0760621195387
0.142054544433
0.499929219666
0.29068599704
0.0597623046494
0.394775823299
0.278870224924
0.110451968309
0.222775761904
0.315959984121
0.143831351842
0.265972641175
0.176348411148
0.323454979102
0.211468067683
0.152730363614
0.0510581038187
0.0598230725906
0.124067838625
0.152653754844
0.23686748475
0.207037362777
0.0697644641878
0.126431874219
0.0391042456745
0.0510650067575
0.182005798382
0.123206450882
0.20956500006
0.167435173575
0.145996649738
0.135933587121
0.0848851578668
0.0880271066404
0.25158416358
0.251425082321
0.167028454083
0.129564723997
0.125880935775
0.140575222885
0.128146533935
0.147334299018
0.135218538954
0.0685456556124
0.214979007136
0.131245135807
0.202149857776
0.13303756862
0.0478572157016
0.123214908634
0.0515526967131
0.0930789057191
0.178583378254
0.237341333434
0.0790273628221
0.148305067687
0.220779840074
0.0510650113743
0.499967722942
0.499925519021
0.137842899073
0.298866654067
0.148643596143
0.135396853071
0.222809885355
0.236549936395
0.202924786411
0.19769566141
0.126683445556
0.113793779489
0.135990309195
0.179919374905
0.0883638072625
0.136337721386
0.0637447186877
0.141928742528
0.0800526984538
0.169606166097
0.143766282514
0.0500165219633
0.30047177671
0.112038879238
0.499949276489
0.138732361107
0.0803725069136
0.19445033618
0.126623185077
0.197933783876
0.102173882665
0.120939487174
0.499964982756
0.0542766897938
0.152541784974
0.12178728436
0.499838157927
0.106279119943
0.131978364087
0.15942020023
0.129081238123
0.176669053066
0.333889083297
0.499882511107
0.0585749806763
0.281651992233
0.101562976674
0.120064756139
0.499894507392
0.499950235845
0.499923571608
0.499898608287
0.499919450117
0.143666960801
0.0621321722691
0.151632180933
0.121473710226
0.467594370803
0.213745144093
0.14145342037
0.140854272634
0.0575298698672
0.122718336705
0.137976568081
0.101124852795
0.408564111887
0.184379455966
0.105757645274
0.276108414222
0.28772866378
0.0478067728638
0.182459658802
0.244036938181
0.499921977903
0.0724550302475
0.0908161334293
0.191679381438
0.152329187831
0.138740516496
0.214745187215
0.270178576529
0.174751705214
0.222787216071
0.129132221456
0.14038868651
0.172467003297
0.0610206310376
0.114768677642
0.0537944679924
0.155183195306
0.304807773273
0.293238910653
0.0547744053107
0.338310558201
0.121625304763
0.254618548707
0.129862411996
0.0585507574431
0.155778193031
0.240931640237
0.192621902718
0.103099938368
0.112918714216
0.451184818629
0.0931819030104
0.312551334093
0.264821263418
0.200186285392
0.178319968584
0.156917358912
0.0792054644072
0.279249393114
0.150351971877
0.499871588686
0.209474575315
0.179179128374
0.120781504136
0.361755506695
0.10094567049
0.0847243879446
0.149196138256
0.4998534513
0.123775219272
0.164277678147
0.0926539324513
0.228236895748
0.143375048287
0.171922155758
0.110226407608
0.170303325586
0.24952959426
0.145204251841
0.127172275218
0.237307913037
0.165335695758
0.468032423447
0.148502655328
0.169860996346
0.0975409609369
0.207563902751
0.499924240733
0.19312903572
0.225094538442
0.193071860094
0.14018574802
0.247556638525
0.198758503545
0.119956422268
0.147177714866
0.128536316837
0.167126431864
0.0680627203143
0.107059610645
0.0592250699436
0.22514745124
0.113470845827
0.133788585928
0.161160444842
0.136011693634
0.112641699497
0.0514663881268
0.221042812422
0.068573523015
0.499904286037
0.49985075996
0.436783013954
0.158043353266
0.101542788627
0.0679066087673
0.065886374378
0.0475915756875
0.109210442045
0.113559875929
0.180558228941
0.171609008247
0.45903822078
0.0586254891417
0.090705068567
0.129489688509
0.220119392121
0.499945601036
0.166661067683
0.135811391883
0.315437171118
0.130334023955
0.192962569703
0.0686399288937
0.257332950537
0.179204119897
0.0982609191708
0.0663901403558
0.496250750059
0.102380069209
0.480477957383
0.0500144290942
0.167403992459
0.196246094196
0.492581435728
0.0962605092504
0.141590630885
0.0966619937591
0.200957290139
0.369257446408
0.138885669094
0.0778518882306
0.133979564194
0.26217150507
0.134508078013
0.132825069461
0.193960133787
0.176353114477
0.0976638541085
0.219500067956
0.254372649922
0.0989639034969
0.113449207033
0.117246056366
0.0533012536668
0.059683112728
0.0854221419391
0.128125116941
0.125756380006
0.224914801684
0.204036625036
0.173211078716
0.0629952346075
0.141546834153
0.499739705921
0.495771787872
0.171657579404
0.23108200332
0.179525900836
0.213319788162
0.153405737683
0.227578621519
0.142513377972
0.499871236211
0.495954196364
0.218526509626
0.149347717756
0.109611603837
0.254561868461
0.102611850961
0.133900480555
0.0526032242589
0.059822812665
0.0591617280725
0.124410543478
0.0749874575367
0.119129949156
0.0415976097493
0.0965606393707
0.0613950176662
0.143803119466
0.134944471861
0.0463800119131
0.21857678145
0.0812411628278
0.097597370629
0.156546245338
0.142904436821
0.210799440476
0.117715140978
0.0596778075707
0.148333186199
0.246824641846
0.254725208371
0.150669585268
0.0464817131306
0.205489580388
0.189578057459
0.155565477348
0.203027724353
0.120007000155
0.213699475146
0.126600390285
0.124838290583
0.456638119867
0.215045928528
0.499982921408
0.161633248406
0.499932528651
0.109235716023
0.131474687147
0.159881024173
0.126184481476
0.227595201134
0.0886966694002
0.106370916008
0.244113195117
0.152894867319
0.12778532924
0.0388335014145
0.113568764295
0.147322535128
0.133553239077
0.184456686693
0.131569687894
0.200397879004
0.176260922231
0.0519029724583
0.123137392727
0.123181800498
0.159526058694
0.174396441225
0.20691622717
0.0515687126304
0.193501182671
0.131190082711
0.139492373545
0.0905794342965
0.286124675158
0.144550353032
0.264418840192
0.184712913107
0.0544004646862
0.214262996607
0.201809295155
0.132441186706
0.192719484975
0.083614934125
0.111054411529
0.145432073597
0.0555890119643
0.114058968592
0.146976204329
0.269109437041
0.0475850071354
0.232282267752
0.0574102178428
0.123474322519
0.181540798479
0.194115717694
0.206332506932
0.282604987215
0.0469795583938
0.154511700297
0.219264414953
0.138515893424
0.165988019328
0.106141010145
0.145280336352
0.217406731125
0.0463591283531
0.17802409631
0.0638789578714
0.0972472582411
0.28223619534
0.0593651457966
0.193574349597
0.195167643953
0.108830008785
0.189468420439
0.180152558907
0.0621971333195
0.212769424801
0.0643089713134
0.106536464969
0.0552771903661
0.245723302735
0.0969791778145
0.14279316949
0.139152749796
0.125492158286
0.226346874479
0.269480424877
0.14158600869
0.125813030664
0.264145060082
0.192296829056
0.14917176133
0.280803208867
0.275253498925
0.132115457539
0.0928998253907
0.263222247287
0.194230495151
0.0769314681805
0.203304412972
0.101647975938
0.0415625667646
0.101036604216
0.466484142985
0.14590183995
0.166513244997
0.115165789454
0.108250628148
0.192537102366
0.130214558827
0.0640531536382
0.199319694925
0.109640519221
0.172879344374
0.058503517021
0.132982135709
0.118119584979
0.38361017742
0.157117925523
0.227643274053
0.189229035296
0.499963354919
0.142133172786
0.124921633262
0.215925209292
0.28337484644
0.168753120035
0.174720861081
0.0560156036026
0.064625491731
0.161709665327
0.0923645432609
0.245473039844
0.261965129773
0.132728431993
0.499941906341
0.175221756115
0.149989729944
0.201309661748
0.106554633435
0.180613274387
0.091339656488
0.0540928322208
0.116094553241
0.0722467228801
0.0504511636578
0.0948048528664
0.160421647936
0.134313064684
0.0696035128583
0.0408372523933
0.182727854053
0.108088335644
0.499880577347
0.0502549624537
0.0965374596006
0.114788244584
0.339253069165
0.145744516898
0.0475438071721
0.0666668720912
0.228780806254
0.123767300886
0.137091650687
0.10826768723
0.149243831693
0.131618591484
0.127048362913
0.108170818671
0.16228447025
0.0552450891951
0.19803377091
0.077702820204
0.162925630957
0.461773837654
0.231644587549
0.499923842605
0.0570054395193
0.168439218218
0.0517905704462
0.169379949531
0.464919456668
0.44747424213
0.471110232807
0.142506592185
0.0836678926546
0.46581937838
0.0716549374292
0.0556098840789
0.0418551263117
0.499888143752
0.131102092226
0.132633836621
0.0959892858133
0.499917480592
0.068783122233
0.130558183489
0.125738955734
0.13685108144
0.27651986083
0.038388094853
0.499914503577
0.210755083655
0.158965470271
0.0544017401519
0.0661751121251
0.153902658212
0.115422025214
0.0514146798124
0.325980641203
0.0527487659846
0.0531507955756
0.0685215188966
0.156199619126
0.0384559144902
0.0526303576675
0.167483087266
0.193378007782
0.155993919939
0.060402295268
0.158793312855
0.188343033267
0.0899422684079
0.0528946187277
0.179222907402
0.499913808473
0.0708208131397
0.081971340626
0.0528856417916
0.195519861479
0.125236973507
0.196414469751
0.242749714661
0.106114082996
0.24475363552
0.0515454730171
0.131779074661
0.299833798379
0.152726401133
0.316012719148
0.0741887870621
0.0917901039553
0.14812390824
0.205151688465
0.114392619294
0.158353450716
0.0923112407127
0.118073895644
0.21092708245
0.135378089105
0.0718717615419
0.0548323730921
0.0550731210978
0.152115944591
0.499949381107
0.0903489621619
0.253520825889
0.499955170114
0.158492733564
0.088328937576
0.038434042938
0.100950905846
0.105602439008
0.0375471200913
0.49995243981
0.157171777653
0.215456393904
0.142545978525
0.499944166468
0.479231308169
0.102614989148
0.186314332068
0.0561170441646
0.194252690599
0.288906564932
0.124710572265
0.198108803797
0.117506745049
0.118900691094
0.0731367304781
0.0532131018056
0.103582745596
0.178567278278
0.127652155751
0.4868423796
0.173215734528
0.117654292085
0.124934973981
0.149469420044
0.184066031793
0.499645305941
0.499924732137
0.113422663105
0.493498492226
0.499949927779
0.0863627009963
0.165763348922
0.166492190334
0.185897870135
0.118796643409
0.499945142947
0.232636848492
0.294490279301
0.141938187289
0.146393751961
0.114575265026
0.15587283104
0.136705142548
0.499958978937
0.0392727174899
0.0908728851577
0.0773191203205
0.240238285284
0.0833896170076
0.237919265784
0.20445767138
0.144967286175
0.147373978521
0.119198798719
0.430159482241
0.155802856766
0.209793574751
0.498711037645
0.120995133398
0.153402435862
0.0658337793885
0.113042899967
0.100869538083
0.0520776209627
0.0778946683908
0.216490915321
0.0384180314296
0.0584990820263
0.499952299537
0.086744549307
0.499952122391
0.111212754148
0.1137755216
0.0949341429014
0.154900725574
0.499869560968
0.0543649681729
0.123452747128
0.200043526828
0.198085428182
0.140864285372
0.0859154633203
0.231773284242
0.410343685791
0.0525210325079
0.137330347341
0.209653545224
0.312755332631
0.1473247146
0.119479469245
0.49988004011
0.444442371333
0.0533973796746
0.499885301739
0.125399469457
0.220319270121
0.47544043589
0.0602880816913
0.330521945873
0.0612541304032
0.140673754905
0.156441710533
0.180013799362
0.499909504241
0.181507081924
0.157932274756
0.188289895734
0.234378330319
0.118807443391
0.194553109126
0.211095126275
0.201973411796
0.267913628634
0.47646768057
0.0477691233102
0.121025369478
0.175264755385
0.305724611283
0.174995366945
0.26558591924
0.147468545275
0.131831850597
0.154152562605
0.0819981291942
0.138954658344
0.103637678649
0.127789092761
0.0726132855053
0.191456985918
0.133974011906
0.128371961619
0.0392804367602
0.187909133974
0.210651828339
0.0894536104723
0.0393135485582
0.331051729257
0.046291850946
0.143239561452
0.389156505838
0.213614196889
0.052377444806
0.475794873874
0.113190366318
0.139170939992
0.125402133656
0.499916264086
0.146781669434
0.499982386744
0.15999251124
0.145331559301
0.101790458089
0.152796045005
0.0724917130839
0.120507424959
0.0498658442541
0.49982506336
0.0518220913767
0.149292228202
0.146375261545
0.438293940399
0.0502841425558
0.140848440983
0.129754734269
0.168321273665
0.179330399338
0.499716459017
0.0901113259999
0.499931694738
0.064873590927
0.206117533034
0.17044355659
0.499785752206
0.499881647139
0.0427473322043
0.499919171939
0.499949497817
0.0401965550739
0.124029931788
0.127984016396
0.498897455392
0.0535377829935
0.0384073404553
0.148342780865
0.0859533957197
0.133518422741
0.0732169901108
0.46853857871
0.041161485881
0.197707647711
0.0698444510496
0.0384372568072
0.0672173266702
0.183761115043
0.0413033311068
0.220365352809
0.0953159074524
0.138470516668
0.178759902256
0.211660102458
0.102785804791
0.127076301816
0.48568310955
0.11938670987
0.0520807472409
0.0870413056135
0.0684496887611
0.499944736334
0.205010580212
0.114105614185
0.499854127597
0.154156785934
0.499911866385
0.198266010407
0.0675830162684
0.446258875573
0.499188196102
0.172963029068
0.225256510639
0.110109791668
0.0397109927661
0.24347986893
0.041569593861
0.499862479568
0.0903200459843
0.149535337407
0.127285691726
0.499956724632
0.152925847551
0.140629795255
0.130753429127
0.130979069366
0.195752142182
0.200495480253
0.177359279305
0.0443933298963
0.0384375459088
0.0636490426691
0.0664595806717
0.499963885906
0.0680363671075
0.130679559135
0.499880921159
0.118123708913
0.123895305355
0.17675602033
0.111019266231
0.166255038165
0.499966497441
0.0907928317827
0.0962699223859
0.0751017508116
0.191133204899
0.105422263585
0.133741860392
0.131507207867
0.0538277589544
0.181916240724
0.0645740709019
0.0577056136244
0.187281931158
0.481878303926
0.41878803513
0.499729948287
0.473717399036
0.486305748118
0.130779440255
0.499932058734
0.480157944889
0.075542373941
0.44566158108
0.12294288539
0.14474055259
0.201631766318
0.186261204929
0.0384312501471
0.145920708107
0.158813048435
0.139815945517
0.499878045363
0.0659178192415
0.0521457695517
0.491562328403
0.038815731567
0.150009107778
0.177461395
0.166622595217
0.31276136955
0.135135645722
0.169573215656
0.121224876892
0.162402958122
0.216661815145
0.470169666759
0.125092134699
0.192056891824
0.115033376514
0.110226439485
0.0836121259673
0.06807137032
0.0870357848025
0.038439244933
0.318105119979
0.171851604301
0.205830246023
0.0662316306798
0.133170481904
0.122653919304
0.0390564462535
0.0944997383139
0.141377870046
0.13305217519
0.49996018022
0.134775616608
0.173838707886
0.499766741659
0.0383239237589
0.136606981634
0.115075540202
0.137651592174
0.228179340611
0.0775947665335
0.0384188420376
0.0385011939023
0.499835478748
0.141428790393
0.0385275902101
0.0384521938912
0.166559196297
0.0879761396578
0.158576390812
0.0861707830411
0.0385072522737
0.213796759287
0.161923389325
0.177611313734
0.0384101162007
0.0384481268965
0.177714002521
0.108586698192
0.163954862039
0.499861254056
0.269103062841
0.0385828139934
0.0986762017401
0.0880667223027
0.0607214805335
0.0985885130723
0.106014141559
0.184641795385
0.0586082603007
0.12235167721
0.0388852293206
0.164722498799
0.271079310482
0.156220045944
0.0893687156157
0.112843122257
0.0384643447792
0.499947850213
0.207666372717
0.107994813353
0.0897067948002
0.152819903097
0.0791440379406
0.129432611657
0.103688842863
0.0384244240598
0.0383979595573
0.493762248616
0.343242608532
0.222422767793
0.186591122433
0.121243831686
0.0385414783968
0.136101512403
0.169740537684
0.465826483414
0.169485754044
0.0454720333977
0.161445520652
0.139574105035
0.0977217256509
0.192228578787
0.0678983951153
0.144722737813
0.0431241210764
0.122818639622
0.0549395987104
0.0901760462032
0.499959917283
0.0389938156138
0.273913407661
0.20290542476
0.219859948753
0.154996831596
0.119913298972
0.084612786788
0.223037778888
0.195617901237
0.171699431884
0.0772714030352
0.0591733904153
0.198633166871
0.0716786241998
0.280429741868
0.165841834741
0.0446994617712
0.207768534809
0.0819571211962
0.0822964440523
0.0777618167627
0.11653437533
0.0384749792559
0.0691929370985
0.0666487190129
0.0390015965957
0.165302971427
0.122921342173
0.0786250420041
0.195567578441
0.196677254838
0.0391829278284
0.499930922941
0.241078233153
0.0441069169295
0.113331410238
0.109064935275
0.17370248899
0.0384181505062
0.145368367181
0.0535133281205
0.136480158559
0.039084180704
0.0762869320653
0.499899351006
0.126300951702
0.206736360101
0.460806486974
0.185868719582
0.222056948559
0.117112367032
0.135159674329
0.0406838372486
0.0384083898964
0.132584901444
0.184944016404
0.109024850365
0.164894835137
0.0387705360699
0.262065678826
0.127674984694
0.118565618178
0.18935810031
0.198644254562
0.0999072547354
0.144198681691
0.237567575252
0.0911116034006
0.120196994726
0.0622916321725
0.051795129974
0.111375083433
0.118084798089
0.0384065801991
0.117328757707
0.19629713306
0.0620734126679
0.095906323638
0.0948683478717
0.10463328523
0.0384594563549
0.052430814049
0.0388975664911
0.155217420591
0.157927390425
0.481578998285
0.157318755154
0.171379551404
0.499833972166
0.0389046660973
0.104961148261
0.163252612803
0.27194549941
0.499851336337
0.499888508914
0.125332285753
0.124081517849
0.0731473552011
0.128182892339
0.49982828357
0.141749624947
0.12318905392
0.0968800154819
0.174105696739
0.0381840067725
0.265889598854
0.0718704307722
0.15069379987
0.130756561497
0.0384084690063
0.212722666525
0.130675302892
0.0801857860693
0.217170641301
0.499905279424
0.128251264548
0.196961010806
0.127724081432
0.109120240598
0.07739674656
0.209210600033
0.105973852419
0.10692723907
0.176627101212
0.210486785478
0.158610385443
0.194738617538
0.279897792566
0.0394519966493
0.499825230289
0.124609473349
0.149252401922
0.130737081002
0.163733673686
0.0780614849105
0.126069812518
0.2297874034
0.226874815683
0.0854341203773
0.112517346822
0.175363238448
0.164561326743
0.149665509528
0.171298138051
0.117650349856
0.499875514108
0.499909530271
0.0837436699497
0.17940869088
0.147001249658
0.499830479165
0.206686378555
0.0551940053055
0.096635825031
0.0384892047079
0.201444310429
0.0387827904598
0.121326522336
0.0717580323276
0.104895736068
0.0386487743395
0.0590092032114
0.119212742094
0.202768587109
0.182791110069
0.165559847361
0.0833555867422
0.499826855734
0.472915709324
0.19492632477
0.144234840666
0.0720448629335
0.0805661266485
0.193690793875
0.12963718215
0.146145977685
0.135606238471
0.0466770117503
0.0973756016226
0.100988062127
0.14218181152
0.133547380194
0.145700701225
0.149481993944
0.0764158235983
0.0383249393331
0.10662576114
0.13149553779
0.0728057779216
0.0756015821536
0.0877722281028
0.499851019619
0.0597554012992
0.0996022787778
0.0392893952247
0.0386544628976
0.086696998355
0.123886844072
0.0626360522273
0.120240882236
0.124510689026
0.042763403536
0.19042238482
0.0381833580082
0.126093910177
0.103279330247
0.146433388593
0.0853499493141
0.49995959871
0.101221906321
0.296117822374
0.0753462894347
0.219624938564
0.13771027242
0.499940109324
0.100147807176
0.089769268018
0.139551167314
0.0935365398684
0.139840851683
0.214739943042
0.0890132233522
0.499695210906
0.126602153231
0.185151832725
0.0890703113827
0.0878780724842
0.0906423013672
0.499913313351
0.139935034277
0.189229405254
0.13371672249
0.0964110316469
0.217879670855
0.250229857805
0.273306028706
0.0398012787266
0.114617831936
0.170622687477
0.17810393241
0.162613360208
0.0926510911743
0.23991294009
0.116080088853
0.23727477917
0.12646149609
0.0574383384431
0.038431098568
0.134150608167
0.265322659282
0.125166647839
0.0390811229393
0.176726030048
0.0603335471946
0.151262566332
0.0704162019373
0.111062245632
0.152811919049
0.257111331688
0.0985835450948
0.111336246921
0.25392468875
0.040483667987
0.12051936947
0.222303460709
0.0575913724821
0.0457115849445
0.117555470704
0.126697929292
0.14375880623
0.0868104824594
0.0513285111069
0.0662498567257
0.145267652668
0.039204085106
0.491288243717
0.0382419309104
0.145404307534
0.155077078704
0.115498982974
0.161397239716
0.0503359770954
0.038630480357
0.108841650162
0.124803362429
0.142041638537
0.0740807355872
0.0857075316004
0.138579197365
0.0662168043012
0.232396633715
0.499921003246
0.048779967626
0.0391604704032
0.147476157162
0.234971784096
0.192531687837
0.14130393262
0.499902686888
0.244916755164
0.0873710749189
0.0588720613751
0.215105947713
0.15446395681
0.499925810261
0.169083073704
0.0524959314058
0.111305576478
0.104212719144
0.286440603443
0.194647750441
0.0966974477388
0.283755739894
0.0562462443592
0.155081414032
0.215456287396
0.468833354793
0.0453100951278
0.180632912594
0.220645878696
0.0932928483325
0.499876767158
0.0879838216121
0.0578322763266
0.499808984137
0.0886369429989
0.0387698285912
0.477525551321
0.0392764738106
0.155796324104
0.101065176036
0.102336762688
0.0807697451626
0.0961738105063
0.0388492313924
0.146355788629
0.126212532348
0.181821696719
0.0874209593669
0.178726909328
0.0938119819616
0.0383050682755
0.0712694599
0.0704078326375
0.499903575837
0.0542202830816
0.19665284433
0.0612144821969
0.0634577249573
0.147381811175
0.19917997558
0.0655368901743
0.123434404163
0.127963152807
0.0866984645048
0.121177001188
0.163038431447
0.499727413442
0.0639383790813
0.0620792001229
0.072778919964
0.214994175022
0.205892524127
0.170486953835
0.157986612176
0.0514945307789
0.216458411969
0.130719509757
0.0384232911029
0.0770977051364
0.18078663005
0.284723797439
0.0947781572183
0.0564938369061
0.0480354214983
0.0393333219259
0.155086089354
0.20338760841
0.19600393329
0.155026551909
0.134287687553
0.117015773361
0.223808213454
0.121348258563
0.0847621681179
0.0969040774016
0.0782422950708
0.0384400795334
0.193527189104
0.491150236891
0.100161917658
0.0399930701247
0.499955143143
0.151100126684
0.244462523943
0.149087237207
0.480341967981
0.225875270959
0.0384554014098
0.108337062193
0.0394689243103
0.124144966588
0.0877294163335
0.180481599679
0.111044460369
0.160135829047
0.115726597436
0.0565473510839
0.157655286232
0.118138421599
0.128631202564
0.0945294720723
0.499924416249
0.118974710336
0.0773011844456
0.0809145854995
0.201448320207
0.129342569134
0.122859224198
0.225129049976
0.0618892993884
0.195781246412
0.181837853209
0.0546149166958
0.198583866021
0.185171670589
0.0384451542369
0.236326224766
0.0616859788579
0.0731151590368
0.167326560871
0.0619905078668
0.0916973913244
0.0924340617862
0.146577518358
0.0783384031261
0.277971646532
0.0668024764245
0.114692246072
0.0384048757029
0.14761714644
0.20510034381
0.0383676705689
0.0950434762921
0.165295625996
0.499834593165
0.12842673899
0.129595684866
0.0686117796281
0.0384236431053
0.122429166766
0.245998674183
0.108625184516
0.108126944709
0.0429909580937
0.0641283171706
0.0534991695666
0.0450261678679
0.123401533394
0.0391214183665
0.0391063559528
0.0679474697378
0.0395545279075
0.18921423191
0.0391698025262
0.0445432949795
0.499885577591
0.162792019393
0.499883347896
0.472938645409
0.499830250201
0.0994488266895
0.1244550259
0.0404147439413
0.499700162016
0.12533709721
0.0907974524776
0.499932128775
0.119340719619
0.0446952806832
0.488073632215
0.109830636796
0.0993788920393
0.0392974808009
0.145876926339
0.067414003584
0.114286326188
0.499669715311
0.144415502889
0.168941065831
0.161329450012
0.126011758314
0.104782050169
0.317628970003
0.0563023650697
0.214542311267
0.186511366694
0.453132192361
0.0468173010852
0.499809116189
0.422940336743
0.044694913452
0.229774902266
0.0695645807891
0.128198429423
0.130829739757
0.0385505452439
0.0384336792692
0.499868864153
0.0576031743986
0.145295318407
0.045541914957
0.0386868135176
0.160147620586
0.488923727282
0.499963425376
0.121790938746
0.130544868108
0.135988426774
0.0931136740446
0.49979723245
0.0393250161323
0.116220024371
0.243255649304
0.219177713617
0.140616722195
0.460656460009
0.124465391646
0.0408174908752
0.0468721454501
0.111604730021
0.0404899617001
0.219908323851
0.499948553282
0.194535674456
0.111553350905
0.0385941165112
0.145177008585
0.499971761843
0.214294334869
0.465210469728
0.153893118746
0.0488636519577
0.159059445397
0.0384802515024
0.101387459655
0.218803375842
0.0632692369508
0.454736261598
0.128965893389
0.499888105245
0.499938945209
0.172990229434
0.108725083895
0.0815413809295
0.0386944018145
0.0900431705016
0.482958152882
0.0985757487329
0.0598363112445
0.114278081321
0.0776638753178
0.499966166772
0.109214739269
0.101987912721
0.0891166268713
0.449497754834
0.167369696363
0.498517594789
0.499950327324
0.0378338616892
0.0537362539237
0.499851781628
0.499793115686
0.499902119908
0.0382144743725
0.49980283954
0.171113890289
0.0917910106941
0.137709493072
0.0472420348544
0.135650863807
0.49995507979
0.303178781053
0.0384515461724
0.0875005853219
0.0397886248176
0.299569794174
0.198875360929
0.148754921396
0.19548580072
0.0815575288792
0.0787230806623
0.499933669518
0.0832292586474
0.49984701508
0.125139865529
0.499923264541
0.150955627596
0.103193178196
0.425539993815
0.130731568366
0.185431904636
0.0379089695411
0.209533742276
0.499808973643
0.29635020443
0.0527074866341
0.155062596772
0.0378661119704
0.0390906234779
0.14663081031
0.0785686979165
0.139912903455
0.499857737929
0.0692519922259
0.252214650116
0.480837914082
0.0385162105066
0.499792561185
0.0785333987704
0.0378104020382
0.0796662812014
0.377701380863
0.179071749796
0.0700491127696
0.499895103216
0.0918317654437
0.110557161104
0.327973667764
0.131867499836
0.0385937624908
0.167325104026
0.0596386404719
0.494369761455
0.0377944300539
0.160086570634
0.151344006989
0.206387549589
0.126620587084
0.0400211179594
0.0381593866128
0.138925904293
0.122737605705
0.499918605699
0.191290973506
0.0393221164813
0.0676186534921
0.496159733791
0.0699655189439
0.154936178326
0.131022013336
0.105110627224
0.0682478597196
0.0671213058087
0.235160400067
0.0762300983453
0.0826333313789
0.129774217665
0.182016522832
0.196032084317
0.193816640769
0.0382410518084
0.0578663706491
0.0605497969829
0.130594774529
0.107903849236
0.0773918287673
0.147790892731
0.120759399994
0.429885095476
0.499881904406
0.499789314766
0.0688561381074
0.140285294736
0.161931011444
0.349766163571
0.101647747477
0.0804341184835
0.111325108022
0.27439906392
0.212345643885
0.111995527424
0.142980892803
0.496730449502
0.162170649486
0.153918784042
0.0858439501812
0.0821205454004
0.0390904204035
0.0439209664932
0.0458775798234
0.155926858684
0.116049144031
0.473090862626
0.117602965281
0.247212426047
0.499885742355
0.0839863400609
0.108519095542
0.499876314592
0.486345257494
0.496274053077
0.090902110776
0.0381425631104
0.129659616868
0.0382164736514
0.158606745043
0.11535179542
0.0638592557702
0.129468476522
0.0992907984893
0.0988414873754
0.127266768322
0.154026860228
0.193544648359
0.499774588275
0.499846164028
0.499890615491
0.120804135398
0.203733200684
0.0601125307837
0.059612534521
0.251477938109
0.117522555127
0.102444367457
0.119903516723
0.159301870242
0.14278448457
0.118704899933
0.171792326751
0.162470844583
0.165719337007
0.177487343045
0.130625128766
0.134220866886
0.16814698712
0.115683988368
0.122134140578
0.160772456495
0.0880888878575
0.0538831300662
0.0384522871384
0.499877965636
0.101162046061
0.279424928511
0.0959060670555
0.168762202866
0.478540100002
0.0667708119304
0.499901304564
0.171534111748
0.499911357669
0.498417302265
0.0590828839303
0.0379799971536
0.101942614716
0.0488691408682
0.162216103282
0.499961396714
0.209671773996
0.0998134221646
0.0851712206959
0.0954603316732
0.0382371826713
0.0722783021061
0.14340635374
0.202444096687
0.0524560643277
0.0958426895731
0.28995627903
0.0386356399479
0.0647003057136
0.0378110568669
0.157788289994
0.0724856847811
0.177062890028
0.187871156262
0.0426353349802
0.0381176073817
0.15688005674
0.0382216004042
0.258949199488
0.0569857597698
0.49977889908
0.053237793634
0.0378244326103
0.109094630337
0.0912056837922
0.499865895814
0.177714777134
0.391810358415
0.0565215959561
0.124245525188
0.166347931105
0.0385803040057
0.495419258057
0.0963145884129
0.189138615247
0.0543703392369
0.114693955289
0.0605389719871
0.106851918717
0.0839718882024
0.189927749272
0.103333790883
0.0843286055462
0.200924197923
0.0527434143614
0.499864097685
0.14757307637
0.0953379979163
0.119730149115
0.0858276347003
0.325469824893
0.20047621573
0.19691509028
0.0490746319104
0.124200348354
0.211010745415
0.0390171005571
0.454046319403
0.187591399506
0.0507608320958
0.121136030787
0.0416019098626
0.196852362317
0.154472550254
0.213518196266
0.083781915496
0.142979916359
0.038189419783
0.0942222798323
0.123146098741
0.193538119625
0.136929342536
0.0510081997142
0.0692466851832
0.499802568317
0.13301672724
0.170020205887
0.0777680356805
0.193941467617
0.0620306976095
0.499736155345
0.12879408994
0.0389395035318
0.0705346824545
0.0758799975615
0.163798186252
0.160483826978
0.108720973221
0.089366380091
0.13055854799
0.109897772671
0.363358756316
0.0836696807349
0.192143572367
0.454550173948
0.120030839464
0.0382330071581
0.499936735977
0.0536201968232
0.148171708134
0.0547890182214
0.038081171542
0.120506999911
0.0431580011966
0.141773727601
0.0449668184869
0.177982988234
0.499935260955
0.176400189135
0.1081171718
0.279951417974
0.135967515161
0.416805031187
0.169860219661
0.114486914739
0.0855663039901
0.194593263416
0.152729800562
0.161171031874
0.0846232286566
0.487800225945
0.0814730029797
0.137489326428
0.195056798946
0.468713628113
0.288021823439
0.347114961093
0.212080355416
0.290830439393
0.499918556179
0.0662941626591
0.154515967514
0.257605331538
0.119206934904
0.499804289633
0.0831822339004
0.0832488383512
0.49973465201
0.0703747285592
0.0393135756942
0.153075756371
0.499860645888
0.107074378423
0.102948562099
0.174147300298
0.0554748358866
0.104334746228
0.122469480855
0.499857657918
0.0620438136163
0.147969064787
0.196459842022
0.110635619182
0.236132128733
0.18627329307
0.0982980423311
0.499790782059
0.037833240189
0.499882254758
0.25091596044
0.449811388312
0.190966291777
0.20808035143
0.130281732527
0.499914550109
0.499922358772
0.11086560563
0.484886369669
0.222927214865
0.264306255876
0.199703302381
0.124016495894
0.125202362182
0.101181110845
0.053785787788
0.0721126381878
0.0385622560726
0.0863619784843
0.121204508813
0.499935538525
0.248037776566
0.499929950636
0.281177349592
0.29691893129
0.218003976794
0.492779087914
0.0855954810645
0.178693489671
0.141218160091
0.13242364069
0.147451415803
0.486397601902
0.302999174265
0.263373545285
0.499893617042
0.147250414053
0.456841987542
0.464388741459
0.244609282234
0.142596716193
0.0382075992954
0.13051655025
0.038209822207
0.106519096136
0.0792569391571
0.201612996892
0.224996590566
0.183649521431
0.0737023181349
0.0747531682635
0.126645468021
0.24197601049
0.0847428640333
0.102774703154
0.160698432709
0.105160379875
0.499877351446
0.200240589023
0.0464972995261
0.177206810594
0.129477046431
0.131738154853
0.49982033385
0.204693803056
0.186827759718
0.181873778199
0.132293601824
0.083669175973
0.038510960478
0.165568778064
0.0748810689622
0.129674207664
0.0667454729886
0.130219875108
0.129230909028
0.0743490301183
0.0953729360788
0.0382438511361
0.255721630692
0.149627804959
0.0776095823939
0.152605434481
0.125001484332
0.0875975281962
0.0600993631236
0.23102740844
0.149280773674
0.132019511338
0.210764911799
0.126320932039
0.0942220685197
0.15966642911
0.46703094225
0.163112962912
0.066967338637
0.499952059852
0.499898507309
0.0386680257826
0.13059718535
0.182737869273
0.182306913711
0.0985153373171
0.120059645643
0.0998689627165
0.213628268818
0.174642534389
0.130818726532
0.0377705404587
0.0391886177096
0.0582690452526
0.168496102997
0.0754087090768
0.129790912485
0.0869225247088
0.167487898612
0.0782354884341
0.099864177748
0.49993018579
0.0390104407401
0.0670701066942
0.130597326233
0.0385505484699
0.0382259799915
0.256875354317
0.0682729933452
0.207429094654
0.133025509047
0.499942487842
0.177456704258
0.0489975888343
0.10551758175
0.0395388380899
0.135577802742
0.149970347954
0.299745812428
0.130569269991
0.123735430978
0.499883303414
0.0947207941278
0.211719435441
0.0805636078485
0.0377526524843
0.115529600999
0.123840594497
0.0391019245998
0.119265354853
0.119740188505
0.150486626312
0.498102768283
0.135270792602
0.228401202509
0.0382097155791
0.249497226979
0.125802552934
0.113521988628
0.153520192096
0.170493590171
0.0382270426046
0.209318409493
0.109073028382
0.0382002248839
0.0382412291347
0.191198652827
0.204518589592
0.103765880153
0.291249404859
0.0509485134262
0.0453060972357
0.0441978278822
0.150268516627
0.126580599727
0.461164557075
0.499830814714
0.203092901047
0.234676664992
0.499785192343
0.0380865743636
0.123032707933
0.125354575648
0.125557167871
0.0748329486071
0.153991409954
0.123448699673
0.13439162087
0.038185869149
0.499925981932
0.070497159654
0.116379663363
0.149277804153
0.434898098577
0.158070325305
0.126781636341
0.166352350836
0.0772271533257
0.193033896799
0.329625385691
0.0381430834514
0.499939542919
0.134190292829
0.0820546158261
0.0381882575295
0.078196318263
0.49991158377
0.139773305251
0.499942408288
0.0995397788935
0.106665623858
0.131070839411
0.188312343091
0.0393211778294
0.139373572032
0.174937062122
0.058368276665
0.121582691308
0.202792240648
0.082190705298
0.108964803238
0.244865236532
0.188598271181
0.244965344892
0.0378428640738
0.0377644018797
0.499865135518
0.104594756688
0.499783592108
0.139067854336
0.155946641189
0.146521149586
0.0986778161938
0.499958459641
0.0436485422275
0.454814926447
0.17591510239
0.167103316552
0.49990610777
0.160458798901
0.206848973706
0.059620851854
0.0407240883974
0.0451290127013
0.10829632185
0.0550629388821
0.204143450522
0.299852387301
0.186742195069
0.127655643811
0.235196206218
0.128842021252
0.0402540071253
0.0879135143705
0.0971390668801
0.416317319564
0.174988212393
0.0377780203682
0.0633164099439
0.0401151244183
0.264098089886
0.499942110821
0.113480264673
0.149355017735
0.119760435254
0.197197899017
0.0381788038947
0.202655555564
0.0609597501745
0.144788935296
0.0736099149997
0.499925477841
0.119377566055
0.057654891049
0.0381900531074
0.180359097076
0.083342445033
0.131744344732
0.15264678662
0.419336836638
0.105768138
0.499923878754
0.271973135756
0.0711039186394
0.0377860172564
0.0862679102323
0.130527365202
0.0382139240205
0.0386095880462
0.118300133912
0.0828126837928
0.137859728004
0.0492770506688
0.0387782248903
0.371454665248
0.0386741128469
0.316819610594
0.0855531060911
0.139908610744
0.0384269973313
0.0899793979378
0.038100592499
0.110868833423
0.0635517607852
0.159802741053
0.0382988581121
0.130734778463
0.105940516716
0.115380069965
0.0583037550165
0.19102701391
0.217360813552
0.12154147258
0.109131320967
0.0998268681578
0.0381809054299
0.122670512828
0.230206610082
0.120430946241
0.0381416641431
0.100032030773
0.0381521177003
0.0876379998527
0.0386733226259
0.265273841824
0.107780396486
0.0479571317992
0.0980330984377
0.117881797592
0.0404185718872
0.0688239371541
0.040514434822
0.220304914744
0.475656707941
0.193970487359
0.224956317026
0.0791670330889
0.131123325145
0.101900466482
0.0396498389596
0.135641619384
0.0710871576664
0.0377692721038
0.139776081889
0.173388536241
0.281711161547
0.227251020554
0.0728713400672
0.0982052211595
0.0385842106245
0.19442511976
0.175735843174
0.49039204635
0.101374812843
0.499887505352
0.0377750631402
0.0509179462584
0.120154846864
0.11690795708
0.460051613378
0.0407357502635
0.499840247828
0.121922305173
0.499919756327
0.187264248781
0.0378131763894
0.0828978706567
0.217274365613
0.183260233774
0.0959938032455
0.0929593550236
0.101761374445
0.0377850742147
0.0378088722577
0.0773121427491
0.121867009116
0.0653737177342
0.125561047171
0.132361950643
0.077956584889
0.202450719853
0.0738237988526
0.130260223624
0.2154002147
0.155069030645
0.111205386695
0.140471279512
0.101977112251
0.0634405408106
0.13628488261
0.499916783273
0.0951640027592
0.499938949872
0.295825626732
0.0534203533977
0.122130681064
0.0823561298629
0.199294944597
0.0377852209045
0.213581108879
0.065507401326
0.0994471608061
0.129790989691
0.216453728014
0.128690715522
0.0965580870795
0.11389355841
0.311615464294
0.107225667012
0.0782984738033
0.124974007844
0.123684176814
0.122542299887
0.199907710834
0.0719829288638
0.0978756226855
0.0912680368004
0.170320069352
0.0433633159653
0.149790059477
0.468075295367
0.141053749149
0.149482052497
0.0381171471579
0.499871006298
0.0393245427633
0.499869929505
0.118411477526
0.0431202859083
0.101640298868
0.0384433892621
0.113316760301
0.132246300957
0.122256569287
0.0688854272136
0.111991735677
0.48583664619
0.0384250248453
0.147793604337
0.100973429047
0.0924095503961
0.0539477409281
0.0817684941697
0.415055185234
0.0905636509564
0.124479766488
0.45768380331
0.224789268168
0.117562353007
0.112093563481
0.0383809317911
0.118930799868
0.0867072758337
0.162458774029
0.244391663871
0.0519794272896
0.167815164382
0.0649324477373
0.0394093571042
0.111284557013
0.0414447677251
0.137823379643
0.0382670070671
0.253293609331
0.130362680835
0.0908806006403
0.0381676558577
0.150338824826
0.0385913120048
0.0578604190985
0.195155960139
0.269607302836
0.219423389376
0.170906013851
0.105044517609
0.229575569379
0.143750955671
0.051236513959
0.227685865459
0.10612252308
0.0481984686626
0.126319139523
0.116274655692
0.0377394272978
0.193515171672
0.146355785277
0.0383161102482
0.0377539393086
0.053418270783
0.0837701653371
0.149041729237
0.064715499767
0.0910576171198
0.126116423926
0.120851176829
0.0378183615521
0.320503952871
0.122419898618
0.0383617097952
0.0386875275617
0.263226005316
0.100973488803
0.265197769484
0.144505045308
0.199016048256
0.0395232209414
0.49990570761
0.499758534023
0.0762054872994
0.0762057948598
0.120884342606
0.198447641979
0.132947740984
0.130005449183
0.0549485602262
0.125453300257
0.0781019677463
0.174659520048
0.314812756154
0.115034334708
0.225083111967
0.0631595861111
0.474205506688
0.0453692209753
0.190867532202
0.099617272278
0.111574244271
0.225647072753
0.164824461989
0.457258117096
0.138001555584
0.124151782529
0.140473653472
0.169245524813
0.0798663324976
0.499931792928
0.181096957761
0.460749160047
0.137246425061
0.204761687275
0.0623731729665
0.136020501032
0.159974949685
0.138685543403
0.0987140153865
0.037803548674
0.119400969445
0.137697661089
0.166677851165
0.0378508743417
0.0775483158571
0.143955484252
0.0549441838232
0.0385139273644
0.097168820579
0.0388662829115
0.21887716891
0.0959615582012
0.499913346895
0.0377593447225
0.181220101525
0.110968075731
0.0682521328644
0.0765429213027
0.106322117496
0.0727310943701
0.499940288976
0.059065727639
0.0484905722428
0.126765809004
0.149536595145
0.13079657529
0.0817057009527
0.125580835144
0.17111650791
0.0394297771676
0.0429723478212
0.119228428485
0.119177519091
0.104832173024
0.200484883416
0.170886497934
0.268798865241
0.04652949594
0.162346357054
0.188053615959
0.118893525502
0.0799700604575
0.328057246355
0.169525111595
0.113142726604
0.220622346278
0.10320992926
0.191241456654
0.0378507572843
0.125345024934
0.0902641058941
0.200039983448
0.037789951227
0.108849411148
0.0595558654553
0.0884417831702
0.0541020724808
0.499879594405
0.0938302129882
0.0865748979069
0.107776751144
0.0871015947313
0.160252691006
0.235403825531
0.113070102265
0.127013781931
0.0434408646341
0.164340151121
0.0845049463369
0.100813706575
0.0447078494543
0.16637600314
0.0799469094533
0.494287534455
0.039255511217
0.205660450937
0.182083613808
0.24003661543
0.0547311436357
0.22908231486
0.0782237125816
0.166528546913
0.14245021142
0.437066129211
0.235214979103
0.205917783917
0.10365252715
0.0810931607108
0.0880120702871
0.499926632589
0.147407988864
0.161343725229
0.0473829001924
0.0848016048963
0.171879411201
0.137451098019
0.188076193179
0.0378151853505
0.197092254202
0.150314113972
0.0505339659087
0.127135425409
0.0378038764507
0.0387507914334
0.164700262188
0.0724502384879
0.113043100346
0.445539774042
0.499942223722
0.0383508580832
0.247499250145
0.0584445068806
0.0926239050686
0.073418306364
0.0739497710345
0.129919006834
0.491984514247
0.174854346479
0.1614713527
0.153985855977
0.115624179469
0.499902943227
0.191501340336
0.232943957089
0.493170367227
0.187053220365
0.037888255122
0.0429762594515
0.167837637267
0.106621333845
0.139280823686
0.112061107359
0.038186365256
0.167600881832
0.105561309573
0.122396896838
0.0380783576311
0.0737318426985
0.466972039138
0.105472820939
0.131170678732
0.121740278369
0.0382467978963
0.0953454526902
0.0385918113355
0.190225647634
0.133996784658
0.125447562408
0.134118900533
0.168194909509
0.039060442775
0.140365655338
0.12655374335
0.499920455695
0.10009097072
0.0391269831155
0.499780514451
0.0802246522958
0.0823213413337
0.132250662571
0.139964595469
0.499967927421
0.0816476416874
0.112540962079
0.10392793476
0.0450788798549
0.176195815104
0.134546345012
0.0848328633149
0.11941845122
0.247347698634
0.174208720829
0.0452019239237
0.0378024042116
0.423724715433
0.253389259317
0.0745198027552
0.288556391027
0.499897533792
0.0377069916836
0.196323504123
0.100512581212
0.277493094146
0.0608615515524
0.0378140031915
0.499752796252
0.224615636803
0.235714572042
0.499909257839
0.288453964946
0.0872461752219
0.499898787113
0.150031490116
0.128829940696
0.257900479485
0.124449446457
0.0377567044025
0.499758842669
0.0378197603244
0.0391225606217
0.0661823580152
0.20337408719
0.159074574879
0.0391373543512
0.198938987906
0.499896387737
0.137380911229
0.0670957080998
0.123680354263
0.127302053444
0.0459151312101
0.0973057818056
0.203640018006
0.1560469289
0.0426645347379
0.103226463508
0.113533865777
0.0785860108961
0.172410947722
0.0377467266554
0.211844741878
0.119766845529
0.0377785359262
0.20993589341
0.130221836303
0.0578974832731
0.25129135897
0.127867394885
0.0942220330931
0.212818040018
0.0758080198955
0.119286219398
0.123050474871
0.172744770117
0.454099061395
0.19022415255
0.127058891296
0.231801772897
0.179520131443
0.109945385614
0.0587595506979
0.121512306813
0.499770519622
0.0970972129038
0.153132180116
0.088145439291
0.0386162946332
0.110216484901
0.18363707638
0.066756130548
0.0472417525087
0.0576583460726
0.155265320333
0.143449630833
0.0859058692312
0.05327235008
0.499922812998
0.499900329846
0.135085926272
0.127509639336
0.142981696138
0.227108385412
0.130442581474
0.180243538428
0.0454031973507
0.206615935526
0.227335310801
0.23332987971
0.0719448328243
0.499983988009
0.170145249727
0.499917257029
0.121741632338
0.11235849738
0.487998515753
0.220200606142
0.222825608013
0.0856168778645
0.064322372376
0.208486292285
0.124360551207
0.20416956482
0.124283357737
0.499698159095
0.264334319754
0.094920397321
0.0782553705102
0.0378140925397
0.491856256084
0.130239468683
0.100916739576
0.0574409544128
0.113484270257
0.192638213771
0.0968977437134
0.119154052045
0.0584451281115
0.0387670538604
0.128037098854
0.499805270298
0.155305886501
0.134423159393
0.124126934155
0.103860103805
0.0735802283941
0.228860770659
0.320394265084
0.076803858938
0.0603180555138
0.038145897497
0.172120504813
0.49994620692
0.111763417325
0.499970314483
0.0377535706749
0.138993359806
0.0378546464389
0.144185407128
0.0594886163746
0.147696633813
0.0725912021102
0.0443749040892
0.111626263379
0.037923197192
0.197318337825
0.0378057323743
0.188857063377
0.170332054075
0.0381690842252
0.499894084972
0.254837095245
0.0534102845164
0.0764439763624
0.0377788249852
0.127089605977
0.120323581062
0.104426079048
0.24037191938
0.183296727439
0.0962843566429
0.200536629532
0.126394978727
0.101661964434
0.131744330727
0.245876023653
0.139310994101
0.244820500469
0.142597039976
0.0378593218196
0.135863567586
0.499900770018
0.0739578896569
0.274244324821
0.241196276304
0.132453671213
0.158271528883
0.0378266353478
0.173367432971
0.10179269532
0.05841118934
0.117079797272
0.0699844338289
0.0668621703815
0.085716501633
0.497622403173
0.12108283792
0.0615986354124
0.1311441663
0.118071137803
0.127172392795
0.0398430300741
0.121387485529
0.182215207291
0.0624478506108
0.192159196009
0.0968821893048
0.057118921361
0.0532451762746
0.0938106163629
0.105463263424
0.116438221615
0.101450684816
0.0532514042825
0.142778673769
0.0528304209147
0.0377729116847
0.104506841414
0.215088676031
0.121020671421
0.130565075317
0.137599802907
0.49995416013
0.0381683937601
0.142734429053
0.210107394037
0.0587941649409
0.490765186563
0.0708988964417
0.211300614679
0.0895202221389
0.0869139813071
0.0381358859736
0.0378485610582
0.0438016908052
0.201586778141
0.1620363308
0.130247126556
0.171778101464
0.252737304143
0.196544035254
0.0536092427755
0.115320568722
0.0371563016831
0.499836298351
0.102359208445
0.0986204069667
0.107404723775
0.119057360256
0.454741246479
0.0383765816588
0.204170957193
0.101056528227
0.102623570812
0.185077938523
0.120767376185
0.0378882119535
0.0980319150249
0.10383313103
0.138891437564
0.0754881904202
0.172456912364
0.148377517951
0.173812175493
0.168036386545
0.214254198772
0.119774062984
0.213271067432
0.117107556555
0.499884448433
0.0532377531074
0.146498086047
0.0405421210677
0.168549082753
0.0365471554514
0.167063022712
0.206128287563
0.134054655999
0.121896906225
0.0577640496451
0.0533584410215
0.499875529071
0.0779603950904
0.145086621573
0.137686808008
0.170260993314
0.130192969488
0.499116581586
0.253072055285
0.13529432019
0.0706652565805
0.249824317838
0.196226546765
0.179748060427
0.0377879717893
0.134070651586
0.130252860431
0.22152009592
0.215399337837
0.499918520528
0.160094497951
0.19921644266
0.123776589067
0.225929005763
0.0382688938117
0.0387708684016
0.0386831815056
0.0390018133895
0.105006337024
0.205041916875
0.150833497608
0.0379544962999
0.183263745842
0.0845948354507
0.259537244819
0.10083563592
0.247121428396
0.119968706317
0.142575305145
0.0628573098399
0.0382452744683
0.0382155971056
0.108460710846
0.229173045702
0.0638878573573
0.195475403
0.127883101353
0.053401722781
0.431611279501
0.123980340418
0.123729316331
0.10229766363
0.0951444497343
0.0972728572744
0.499951169879
0.156222899414
0.135989912096
0.158932380437
0.118877414013
0.0685038502194
0.156114648393
0.107766976926
0.362850845373
0.131403679922
0.145912540155
0.102297186329
0.144644266694
0.0382809581226
0.0378880232944
0.0441861252688
0.137989304604
0.063236103386
0.186181454895
0.077061646883
0.0611436375274
0.150566920502
0.0839279653783
0.0566410911375
0.156772418658
0.0460296924032
0.0671484697077
0.12079777119
0.129652345389
0.0597340238875
0.499733387649
0.186477189482
0.202287871706
0.154012867988
0.0824347164809
0.0701906686159
0.10174162222
0.104829687015
0.0829576899971
0.185906185544
0.0562249215708
0.115586210495
0.119492312007
0.140321335929
0.130638140841
0.097236858275
0.190605876502
0.128469507556
0.0382203313046
0.0395824556741
0.222937932091
0.16784652813
0.130648983975
0.499871671474
0.0547223481373
0.222866353199
0.103204929449
0.0403187933892
0.0505681507205
0.187673142807
0.0395032572263
0.186918404507
0.135779216452
0.49988827739
0.0378512697442
0.1468334293
0.137452762801
0.0376936255907
0.114824049707
0.236624154502
0.0663404529308
0.156496887275
0.499957689578
0.11292081424
0.154851968992
0.204585901916
0.0649076598608
0.0378165524452
0.156612533625
0.110827897236
0.0378121600453
0.199291378727
0.163310124141
0.129822269081
0.114647646879
0.0693425487045
0.133718290683
0.209834428273
0.0610901976961
0.113061413964
0.135482212139
0.110493146563
0.197328487897
0.0824002087725
0.0684633844064
0.118846737278
0.455726314274
0.130205555292
0.122545032721
0.0724851234988
0.0377848688187
0.15302415367
0.182770173445
0.226352313725
0.128333056464
0.0532483578698
0.0380272704791
0.217028837075
0.109522886929
0.189876090858
0.194479823149
0.120466284238
0.0651462787748
0.158891378389
0.112698101357
0.115420009434
0.0611512326042
0.0590564593349
0.234523167326
0.0724400570432
0.499935946226
0.214030025857
0.0915001463392
0.499832273526
0.142592430707
0.205791694605
0.159739530146
0.0377870132437
0.499944308272
0.499912521577
0.123381706557
0.0512778340437
0.173152035745
0.219821790843
0.0702383459441
0.128601736184
0.199927566031
0.462938528427
0.111535445541
0.19635011879
0.0378872432402
0.1140501319
0.189362224237
0.119870623041
0.16763911575
0.0532554512566
0.172364609707
0.115460740158
0.177145160337
0.0377547771022
0.0877126973103
0.126958555102
0.103748639136
0.108295318514
0.0660843467469
0.0564424105174
0.0597820426999
0.108185882193
0.244885823249
0.0378159927222
0.150050506956
0.138826583643
0.0410426169411
0.0906399750765
0.0439929029633
0.115879095985
0.120366508885
0.0939472843258
0.0532452879624
0.0772777784529
0.180031522871
0.0382811581117
0.100659923125
0.0377865759088
0.13161493305
0.0682633625136
0.102553597698
0.148565001302
0.0620236197559
0.184567312256
0.133230439338
0.204829637699
0.085795587746
0.0898103941709
0.144107480902
0.113555166672
0.0947892056834
0.109684966979
0.200487870596
0.225567907441
0.121723428557
0.112700327872
0.161562731613
0.0964360615272
0.118808054446
0.13506388213
0.0587311768718
0.0698071215339
0.0774702903033
0.0678124662477
0.109099120951
0.0865988497406
0.0910174252662
0.4997276338
0.140658101695
0.129150376753
0.190600582831
0.176038258078
0.203043655886
0.499894896799
0.191563960379
0.179813350681
0.499888192304
0.0873076673032
0.142277213659
0.461744726146
0.0393951340298
0.0846371040747
0.0425350805928
0.190995153881
0.144067932978
0.0771341498103
0.101445297861
0.134750662041
0.0378741115718
0.0525433009613
0.0388293919988
0.0732128525611
0.0556559409091
0.102581582309
0.0364839934115
0.0558626955751
0.0382253897666
0.135126390672
0.235086860752
0.11760096101
0.047186225564
0.114951940734
0.274367748346
0.208508424415
0.231041329925
0.0378991621617
0.14177576789
0.0393020046584
0.108583595975
0.11805876754
0.267967071996
0.344082310052
0.103716647682
0.17567314966
0.144428921116
0.0422545397816
0.242628942853
0.160839775014
0.0988480161967
0.103427653506
0.499941462892
0.10552194077
0.130844923125
0.23722141822
0.109749463062
0.128359780851
0.487992388071
0.138329164887
0.123115778216
0.272778529375
0.289314464527
0.120447801744
0.3243804737
0.0378302658073
0.221233325581
0.109762042253
0.118498419062
0.169338314656
0.122376512718
0.167633548079
0.113524794484
0.0997826149946
0.182617457383
0.200029092942
0.0999962939417
0.164730140847
0.132038833827
0.156814634889
0.205436558926
0.0383819317457
0.289805700441
0.0377865728954
0.132715285063
0.111960023394
0.244381816283
0.111040250788
0.0698256256414
0.0840100726077
0.0799502171818
0.0514534654286
0.154724843897
0.240665146414
0.0529180019048
0.0614796937264
0.309042813465
0.499864149346
0.133329880854
0.248990197508
0.114465010601
0.101470581547
0.128748853172
0.247734051667
0.0684006760193
0.209997265288
0.227609349369
0.121231133251
0.107933653703
0.0382713217369
0.0377793265894
0.165771484225
0.201288176112
0.0580310382768
0.0845096824042
0.256463853722
0.113936047111
0.134485703046
0.098670599611
0.135663514421
0.148884306454
0.0709794914705
0.0377329510327
0.0386305001996
0.131475457212
0.0941598619662
0.0993872438054
0.0377432736118
0.117863584809
0.180992174232
0.0377496695653
0.039727164357
0.075559753364
0.0377646703134
0.128374852295
0.425875951769
0.211743746009
0.0395185502963
0.16299210765
0.0931014925931
0.102648475917
0.0884797231297
0.0463630047532
0.078342642191
0.171363041069
0.107147524592
0.0852098448884
0.145097755791
0.107609663754
0.0915146451161
0.113569388564
0.100624284667
0.499087015863
0.0453023788089
0.0382432152731
0.499889513484
0.499941438507
0.254213292238
0.499900513384
0.0669169076531
0.131267583379
0.404822816202
0.221930546075
0.0377219978912
0.0666895375222
0.268090238705
0.0996355871666
0.223569254349
0.494555512106
0.0426281180457
0.153082213866
0.276589240704
0.120078033081
0.0855599532313
0.201895698386
0.20827348762
0.0619734274285
0.0405054677854
0.0483106261506
0.0914056746356
0.0575398361491
0.453209400958
0.0466866988565
0.189367864721
0.0785935534485
0.0630019216072
0.0810723709417
0.0533055496595
0.0984181822785
0.0808720590377
0.0659777109306
0.0377278772809
0.0837673006909
0.0724708625471
0.147216770927
0.160235122268
0.147628353474
0.167198324943
0.247337174115
0.0532367958326
0.156360892862
0.499829168608
0.487413472358
0.118169929626
0.0692404233019
0.499764806901
0.168009862491
0.107523023398
0.0962657236893
0.178201736043
0.0961213548995
0.0378210940893
0.422344198914
0.107157642855
0.270743439523
0.494176005856
0.447309005517
0.499893645706
0.0962043114862
0.499873668996
0.23080260643
0.0394790723488
0.263756640729
0.0533686202566
0.499975750644
0.121108684171
0.160613226353
0.0816567656499
0.466253900188
0.143177607801
0.499877050734
0.125015450772
0.137647159697
0.065236384642
0.199797301877
0.098433653316
0.0895711544497
0.102079416308
0.153511678546
0.499784257568
0.130182750865
0.499663896623
0.499913971369
0.499844818482
0.130178379933
0.0772693688193
0.0377362981672
0.200640598478
0.0829673733127
0.142969604206
0.15146113484
0.499910840621
0.134565804427
0.158496463286
0.102793293652
0.105306942829
0.199688886644
0.186775943195
0.0377277412611
0.499724588887
0.0566078171852
0.130313490727
0.184440293971
0.0449038004876
0.0902502129253
0.054616729876
0.105285599555
0.142573860957
0.0616103379207
0.0376935633524
0.130372818708
0.0609264353345
0.187213569893
0.158393736542
0.054175044032
0.0505217205336
0.189731933037
0.127793866861
0.28740188085
0.0440485057719
0.429755010319
0.0819770958987
0.499918155846
0.151463190989
0.499941350157
0.064118934419
0.499686799123
0.499929431507
0.0378273299495
0.153877411994
0.0496802537728
0.300821581482
0.222669501881
0.111654115458
0.145764082443
0.116472523765
0.0993275324942
0.499883182803
0.499929182853
0.182707395399
0.0535273752701
0.0810435217324
0.17063977375
0.116399045064
0.0712114318059
0.171170696133
0.181352698717
0.0447267768402
0.131707088884
0.238727950131
0.224987091862
0.0982621139716
0.495546275451
0.184188938693
0.130557884139
0.179143512518
0.492424192564
0.100365712939
0.147889172358
0.0920434613272
0.131828550221
0.498866534486
0.0377949051123
0.0377221119082
0.499850915083
0.173934478995
0.12698218956
0.209310757264
0.18116627625
0.13886586963
0.0535496553043
0.0721914623519
0.0370224909832
0.499677036968
0.334440604809
0.118588943047
0.180936612649
0.107925152417
0.226339209286
0.120278381292
0.499966163936
0.198953464881
0.160960664019
0.0901508929241
0.138745931726
0.219572322858
0.100640623979
0.147005717757
0.49993881272
0.0936815328951
0.156543917629
0.0473821232492
0.19545856441
0.49989304399
0.167307769941
0.499930545687
0.499943310109
0.183668634039
0.109405737557
0.0387901839458
0.038892424754
0.18829073332
0.0377331911348
0.113964670074
0.134372453092
0.067634672803
0.041816755952
0.109763539621
0.0381899237507
0.130253084591
0.130307795152
0.0601031279536
0.055712014854
0.0377274749281
0.07219346998
0.493117278271
0.130275407465
0.3697812296
0.0386565231675
0.122126186988
0.0390996660229
0.110818547023
0.100505866346
0.494099230857
0.499925090881
0.038721030322
0.136342645687
0.150659678175
0.0437975611692
0.499945994734
0.216174788842
0.192383948058
0.134254501915
0.0434964001354
0.111430510247
0.1643297081
0.260946808992
0.21255511382
0.137218819997
0.235551747813
0.0378012498004
0.0378580257071
0.0586947632457
0.0378447651073
0.140029534054
0.0378051314613
0.164031702029
0.136624167259
0.0381587387201
0.193381728454
0.215928095858
0.235012154335
0.248943697608
0.499921592434
0.0518932689073
0.105178582014
0.499825768083
0.0386170122912
0.195680541405
0.468318860788
0.499974604114
0.037735824102
0.0721866824003
0.18406224763
0.166036555272
0.221791474631
0.0376865138667
0.0494385125441
0.139015100973
0.499751567505
0.0376701180051
0.26665025453
0.124101070459
0.144028627312
0.49990526601
0.187695158087
0.0377230593817
0.49973120242
0.220971603576
0.119350037204
0.0377554236472
0.137957214103
0.0378379882121
0.0793044986277
0.179787240226
0.440710812307
0.288496934438
0.0449364906336
0.498701271386
0.155761936082
0.131005400508
0.0380596035975
0.130257385428
0.0375852160431
0.0385644875561
0.0376975256743
0.121320151078
0.130230260956
0.124634280298
0.0873452652513
0.16158040995
0.0377299500739
0.115517138948
0.0821242444952
0.14177077579
0.0376078472946
0.0597694534338
0.132339973041
0.15790649902
0.234595199131
0.0386077170225
0.0455186470743
0.265579401168
0.116592764936
0.129464073924
0.177448734458
0.100546306533
0.217551032988
0.150581063554
0.147467295288
0.0492855305418
0.108435928222
0.0792364803143
0.0874747249361
0.164386571722
0.273006861951
0.0473964906305
0.499918788412
0.075640757909
0.0377217710893
0.05239698126
0.1604606802
0.0379784208082
0.0456362323132
0.499732418345
0.0377865660611
0.0910008721818
0.499865407858
0.115797207114
0.117798884082
0.18365512333
0.0379055778319
0.49972357847
0.0435757001716
0.219048619467
0.074239489092
0.11248446618
0.49989564664
0.332737435546
0.119428154667
0.183033277152
0.136671261729
0.4998373411
0.0428306822903
0.145001371335
0.107468478504
0.119033451044
0.252926368293
0.0994100419511
0.0432856722567
0.218234993327
0.142301377135
0.0983868906367
0.0901990481485
0.0907225337
0.154636648327
0.0382820216207
0.0628027830102
0.112092028029
0.21745277588
0.181299386826
0.0781745482366
0.101457338728
0.381843633453
0.182605831947
0.162639327131
0.0641515558203
0.082053629992
0.116303697972
0.0877967330612
0.166847947998
0.0517186533544
0.144677383883
0.0378098121719
0.227189445357
0.276149409054
0.139574511484
0.079490480739
0.229000412929
0.189786504873
0.142776917084
0.276650966187
0.116154069313
0.143936525323
0.196566777403
0.0553621377237
0.144122974272
0.426443630379
0.199757126873
0.201884013753
0.231190471093
0.0385019898271
0.126164626455
0.0377439108835
0.0493234667012
0.217796843045
0.476073672524
0.0892228094
0.499921606034
0.0895847095863
0.0613835551485
0.258731015781
0.314674936561
0.345997553138
0.038594089006
0.16759346634
0.0377722371708
0.0944976701986
0.206623972092
0.0384380243744
0.0589985199525
0.125415700858
0.098121176706
0.164816068082
0.249682209434
0.0498165370536
0.0377909415928
0.12414735051
0.0378282020266
0.12440305626
0.128268263389
0.0377640513917
0.168288109634
0.499941549711
0.037694043074
0.0612599726717
0.116083506992
0.0941044702143
0.114168016854
0.0532310993566
0.119665265977
0.499943955604
0.119801030974
0.136904320156
0.182996762387
0.116853960083
0.0909774531687
0.122947559457
0.117160725784
0.0970373934423
0.180162223481
0.152663686961
0.229126863736
0.227970677712
0.122525568688
0.130178554645
0.49988278544
0.0703251601907
0.130167119725
0.149117796611
0.201473633935
0.142969194954
0.131880331693
0.0483126610186
0.111605251594
0.0377778612683
0.0388235673881
0.250945531549
0.183006384169
0.0636291336908
0.152131513171
0.155918041381
0.0902064826116
0.217655947379
0.0413382397299
0.0757397776751
0.499925607291
0.499991327458
0.190927230828
0.155886389242
0.0377008479645
0.134182715488
0.110061237355
0.499907568412
0.0626607320839
0.0692241926541
0.0859124605422
0.0789459367845
0.144733445493
0.0385855108814
0.499912228594
0.222907867336
0.137351211265
0.0611976898672
0.499846939333
0.491576839104
0.226734745817
0.0377417929401
0.136552024697
0.0659781416958
0.199441755296
0.134722765835
0.241358372671
0.168028024504
0.126020074929
0.171604362399
0.145767665609
0.499915733584
0.20619381548
0.0917106881647
0.169371785396
0.100346944658
0.120499129032
0.130197019092
0.499937490802
0.175463547126
0.0791189024529
0.0855386478562
0.0665121771208
0.0377183245188
0.499874407649
0.499890719509
0.0852277943715
0.0743054593169
0.130595467088
0.139523942081
0.499801007036
0.203465537049
0.128842047584
0.0590213036761
0.0989471271084
0.114458250181
0.0627055967196
0.053977426843
0.168824349054
0.499926933408
0.499901569326
0.499969323801
0.0586792916866
0.0610496974427
0.108622604134
0.499771893402
0.499737026968
0.0807591981634
0.0732352739297
0.158242955399
0.0726030813471
0.101802686197
0.172657589371
0.13618405525
0.100474053018
0.276527095486
0.118496211525
0.139599522427
0.434229220799
0.0593525065763
0.223859835232
0.0839836944219
0.0915093392722
0.146045839844
0.16512963439
0.043916368204
0.121302310032
0.125662057242
0.10926096382
0.116536941033
0.192445611264
0.499911357511
0.125030058216
0.249315481012
0.0515663483583
0.212735840718
0.485703932487
0.125769057208
0.0506052457226
0.0682388287293
0.222803083469
0.180891061815
0.0863735487812
0.0586787864684
0.0665392850551
0.120109569734
0.174502698884
0.205283029744
0.0582364022563
0.175752028327
0.184502030762
0.0807591633472
0.0903027101996
0.214175003797
0.129135232498
0.130609653898
0.195510253877
0.142602272757
0.205952432131
0.277570530848
0.192699850995
0.0377458176295
0.0378062504881
0.148973949235
0.499904215102
0.499944966914
0.100594794935
0.167588050091
0.0427566029559
0.0933037163547
0.171922958915
0.0532200199531
0.14596379085
0.0376556273594
0.130193593162
0.175820867741
0.126650567668
0.182660343678
0.116954473888
0.0398419327102
0.15764594164
0.240636894422
0.471790931267
0.120163264767
0.0740926406662
0.185231559175
0.160043694345
0.184940404821
0.126659573335
0.19560205573
0.125909695786
0.453162048643
0.499917022103
0.151033224274
0.0788294710922
0.130040047715
0.114864390018
0.0867687329374
0.499933354147
0.0848313849212
0.104552937327
0.499905869429
0.109448065361
0.189749918091
0.296601279935
0.135553273609
0.0954141771509
0.0386716932099
0.153963775531
0.066818227209
0.16574596391
0.14419792135
0.0872026333098
0.162278775318
0.101078232271
0.128134533611
0.145205811594
0.499935377504
0.14065105301
0.103597023889
0.0560836399189
0.497237923806
0.0453698213907
0.0562477789554
0.053837450475
0.194414567067
0.148986180865
0.105992611614
0.499923994963
0.47645977963
0.484352768117
0.052431270515
0.0536321112497
0.125510798133
0.256989097408
0.145055335438
0.499944726045
0.117733856604
0.213541969409
0.0385647174126
0.0548237946566
0.0801529626222
0.187612974191
0.22518475156
0.0377325365699
0.2027707405
0.0536382768136
0.192532558254
0.068630935596
0.0842276299299
0.0770335817181
0.0377661824281
0.151305828468
0.197503033895
0.0655061196267
0.472017724033
0.0891238787398
0.0378265113756
0.456019744787
0.0658754923933
0.214338519593
0.0443141167173
0.393870128672
0.0803514304417
0.477398702469
0.0815612225812
0.143019345069
0.0377806510935
0.186816995296
0.130183506909
0.0377229489301
0.157408432933
0.343646966156
0.113918365591
0.14825530192
0.186456985171
0.0383431959154
0.162877084031
0.090730857728
0.130224279831
0.265560092233
0.118493599281
0.128170707461
0.0613449477192
0.0851468114625
0.210672741295
0.084792689634
0.135656012989
0.148999010171
0.200956525473
0.168744552135
0.221548442285
0.0690537265553
0.128456889334
0.0828242095843
0.0860656592904
0.180404198335
0.100847481464
0.164656141398
0.0913065600525
0.166334149223
0.109086309799
0.157142625328
0.123575426881
0.167124877382
0.113205257898
0.342886342174
0.171568656417
0.115146960602
0.120121424242
0.110946577999
0.120661925214
0.255163821387
0.0999353423158
0.123347605272
0.216786904319
0.0895746692154
0.0799229633186
0.130222814278
0.499961119229
0.0377031451117
0.188936891821
0.0895663702997
0.210204475395
0.217038980564
0.053991700239
0.184596976722
0.227307763894
0.04736413974
0.18743678132
0.218191446627
0.130885740261
0.103755392936
0.289182384205
0.198931569271
0.0880670603258
0.499931074631
0.0948452844415
0.15677838655
0.255582888283
0.444206032765
0.467734821394
0.0957389753289
0.189533312418
0.136546834498
0.183049097037
0.128744478459
0.119744004898
0.499672289387
0.150333732534
0.0700927295068
0.121833761436
0.283467723853
0.0377093228503
0.203494544756
0.215598618001
0.499953432684
0.0826572992272
0.181570797194
0.122013327691
0.10664589686
0.0542628728236
0.228878297585
0.190639820237
0.0854423715911
0.0699332485166
0.0377237220594
0.0377544502512
0.0665058539905
0.0968175921253
0.0387276634694
0.143001613211
0.0761973624096
0.0974220053972
0.112559108051
0.10594784934
0.0376944648289
0.499887519656
0.0376567982872
0.0819247018218
0.0379702843576
0.120611510569
0.187150229907
0.135772824502
0.0761901318961
0.499878392533
0.499843357874
0.0864258271506
0.18380398866
0.211359862997
0.143898632744
0.117546739661
0.499919670215
0.052793295421
0.15613209106
0.131519328228
0.146484962165
0.127331403086
0.466876279277
0.168141311276
0.191486335723
0.499819801571
0.499769344342
0.215597110223
0.111172962403
0.499863541207
0.0946463892832
0.178576146189
0.244343827596
0.053257357976
0.109948310297
0.499798720783
0.126728009627
0.17070096078
0.0378323332619
0.0965486804761
0.139559220545
0.0535473280027
0.0742875265298
0.178011286728
0.499971031201
0.0410008005674
0.0604771071073
0.0520724992876
0.0600997845283
0.0481252464761
0.0621363486441
0.209764523444
0.0961559121656
0.164974121772
0.248712933093
0.0653385538257
0.108121079127
0.499903966552
0.499879498201
0.0377635884387
0.0684554534673
0.0703664932355
0.220335799638
0.0711402466575
0.03824313179
0.0868644312048
0.113422584875
0.105046249981
0.087910314605
0.0907759483826
0.499961209726
0.446221102999
0.117520994663
0.0532366315864
0.481355198897
0.161560021217
0.0377048814154
0.100114437071
0.0649253077124
0.116635688444
0.107738989622
0.470960992599
0.48458286564
0.240837083196
0.0563549539026
0.0691161611657
0.49972611121
0.0525859113189
0.122497979534
0.127767591102
0.0601897698417
0.0953491210611
0.0746481420598
0.196165177227
0.0934038071655
0.129081127366
0.0810873304541
0.099713835591
0.0532200856628
0.108083204755
0.134203997406
0.0760191264441
0.181787107357
0.499959494221
0.499837683347
0.208169511226
0.117737343795
0.0546960064209
0.180330956939
0.470555640151
0.0826160335186
0.4998017954
0.0377077550342
0.166617760863
0.0710206423893
0.0836269491184
0.140703229621
0.136670847662
0.0408368584686
0.247026939962
0.207323550392
0.499876621668
0.209579159161
0.132955912169
0.0830720743636
0.043913701623
0.0431808093434
0.153484620887
0.499926654326
0.139818238282
0.196825486797
0.252041777075
0.0466303975002
0.133169025671
0.185782641698
0.499928632676
0.163447804157
0.0876562471138
0.0705100988275
0.499963463601
0.129388587773
0.255402038876
0.0817137357415
0.294294883441
0.0837335284876
0.268782425045
0.408676020051
0.190363409066
0.499932505479
0.232548369741
0.499924323829
0.123998023396
0.0541168128802
0.104093080325
0.190971562494
0.0385478350056
0.28484263585
0.152063304333
0.361165874828
0.246753834077
0.247551440521
0.22307738062
0.118206905047
0.473684137118
0.371460897738
0.097989601547
0.204300282045
0.1900993449
0.156921519282
0.0640892976702
0.175010360124
0.499828197954
0.130255092561
0.110646900514
0.109848988126
0.186537740851
0.121255516926
0.233242193925
0.131194718072
0.0696424583488
0.215261252632
0.0525188963191
0.165252375486
0.122197001376
0.0418940234954
0.4998643009
0.144093934385
0.0923098288816
0.0734499103193
0.0591003626942
0.499829394654
0.457982609346
0.0384086652057
0.0377766834841
0.0384688114567
0.488080253487
0.0916121143844
0.249453057888
0.0383416843088
0.0378904294535
0.202121228273
0.499887287109
0.0592718659449
0.117766638979
0.0738064752005
0.117294276951
0.49989333419
0.045777985533
0.135943143847
0.102474119178
0.0674418419762
0.0893455770098
0.499904840797
0.117196298059
0.499932013796
0.0594933302627
0.0378804288209
0.194047254021
0.19605479302
0.227869997391
0.157241946172
0.0757163174055
0.152952818653
0.0737059406683
0.0377614206001
0.185813214566
0.070768207709
0.103950769645
0.068022906556
0.083327349987
0.480295391907
0.13386685522
0.053259591347
0.112113889833
0.0531403999523
0.499860975128
0.11919590923
0.048062102876
0.0724817803262
0.166713831706
0.0532365755212
0.130033270012
0.490775142624
0.2558965922
0.12785553526
0.144867262563
0.121699708856
0.499912670382
0.0801523333415
0.0379224421746
0.173439447884
0.130216281375
0.151173203634
0.0911930349308
0.127375935968
0.0536388215828
0.0865618703409
0.250175469949
0.0701848587105
0.209596738808
0.189367297104
0.233602690016
0.0924631913651
0.136758890993
0.104749681947
0.0852703979087
0.0377223506169
0.499761055737
0.129393068452
0.0961742955185
0.103125300851
0.0577214977566
0.240622551983
0.222493801585
0.164983711134
0.153006614387
0.279135859674
0.16687307747
0.203448835449
0.0931711987582
0.173459418559
0.159300729118
0.12113486241
0.0377256981134
0.126999989874
0.130173194464
0.164398894302
0.0667711373385
0.102834564502
0.12861762967
0.0381793585943
0.0380233918058
0.114978731682
0.499914516467
0.499830189783
0.221210757596
0.0999397504899
0.0601745932482
0.0461165138258
0.15939926561
0.150894137517
0.115951766732
0.205837101364
0.0800448135339
0.281182626088
0.499849588367
0.118433094899
0.190924875269
0.176053439695
0.060549638036
0.213344979607
0.114994639693
0.121487904959
0.0609638716053
0.0612867481223
0.499879742154
0.129166492781
0.0646249668154
0.135995887195
0.0757950862612
0.12853805894
0.245571649086
0.20782509393
0.0734945229336
0.111635043034
0.0887844625242
0.0416679823859
0.0829844002426
0.0462641375401
0.0521227344071
0.222010363322
0.0585640918732
0.169799284959
0.0772330481145
0.174549674664
0.140691080189
0.0385744672092
0.050645828611
0.238934390398
0.0495281681944
0.0570483750569
0.108455127874
0.148015805595
0.174969142655
0.123445746105
0.181417715129
0.0819731263337
0.0897855627932
0.138180720143
0.0759253217377
0.16467895797
0.0855975747134
0.105030914223
0.227691777684
0.109263068987
0.0602825236254
0.0384168300691
0.109664042741
0.470893824129
0.0695218978389
0.448615786489
0.0837768006359
0.0383240704463
0.222399955242
0.499925491349
0.0962806993881
0.190182414417
0.0907304461267
0.160194487234
0.218846810934
0.0872764252504
0.184826342006
0.0378664348631
0.12846376549
0.499952694493
0.104865332953
0.104567576773
0.111712932949
0.0677184678365
0.140161137235
0.100128912404
0.211572437395
0.112127488127
0.157456702808
0.128686687799
0.13025150163
0.499899390567
0.176062028258
0.0532750395532
0.181697701132
0.499871106838
0.130611533991
0.0662941635006
0.110150256848
0.116129701904
0.163879626118
0.0969659827897
0.0968430098792
0.109064019821
0.0437498088257
0.0801920284174
0.0934997342979
0.499910317516
0.142978070184
0.223502946592
0.0380946514309
0.141168582764
0.133668501392
0.19045480104
0.0972460704455
0.499942825813
0.126708122832
0.189413099712
0.0377903416311
0.0700625566029
0.499784263289
0.499933678646
0.0376952820934
0.16657029939
0.0517379848401
0.167545562206
0.23695331415
0.169352508139
0.124544372212
0.0524123549376
0.170426880545
0.0377094538014
0.0626839419911
0.499890863397
0.0614850822927
0.499868962646
0.0815930552379
0.183972947893
0.0502955732346
0.12260901311
0.0386659717001
0.0804913415268
0.0540625556193
0.499888841999
0.110660015243
0.0951202424691
0.182614510544
0.138588456431
0.185113980904
0.114703742361
0.090414882926
0.425332949201
0.0614155264417
0.0544587699344
0.0847449047787
0.122584125778
0.162990696301
0.126778156892
0.197399871926
0.168876336099
0.0532203520145
0.0485777832611
0.122618552722
0.0377778969778
0.0684629335647
0.151357556656
0.156363016798
0.49990913817
0.174060947908
0.148280758052
0.0378033664425
0.05762512233
0.0614986984543
0.0662267929573
0.141741246212
0.0898258247442
0.0382898702091
0.187441031141
0.10051852199
0.175909851452
0.206243577109
0.0549257478959
0.347625713824
0.135985251373
0.174591321469
0.0420308557307
0.216365242314
0.141825409633
0.102993085967
0.0446685446096
0.145510351998
0.113612613183
0.166174633567
0.0903318316226
0.49991782762
0.305968339343
0.0774236000258
0.179221353019
0.147378991313
0.076199043557
0.10392952277
0.128997629336
0.0810223377336
0.0388935073318
0.120448447782
0.0970814298622
0.0807303820259
0.0395456688351
0.49786630781
0.209658766982
0.18056023985
0.115591678688
0.0623215868454
0.137113438905
0.161464938191
0.499890372318
0.108354556563
0.136932869568
0.0476899968183
0.0737400184925
0.10959306797
0.127487007055
0.165929734242
0.499808254325
0.0427014145628
0.0992919228106
0.477952980326
0.0989013588833
0.113005443948
0.0710324335143
0.135757829078
0.0752953081267
0.203533852154
0.0692774897144
0.0809062201843
0.130816822527
0.184913765144
0.0874777704003
0.187367377576
0.105540247939
0.0566896348313
0.205405540102
0.199085787626
0.0650442407207
0.116249652284
0.126710304537
0.136617082494
0.057722984873
0.2532065532
0.0615477462452
0.208275634634
0.0615030668801
0.139659012589
0.0884206114434
0.0424109950931
0.198865577521
0.425605099878
0.126245147573
0.0569730919835
0.13929747844
0.0385879363569
0.197725003009
0.173391495112
0.136521337579
0.499877168294
0.194922709357
0.0532903009473
0.11638512984
0.130852149432
0.274083847537
0.133142387552
0.201048188157
0.499802821199
0.0741342104649
0.0489260975671
0.16927261152
0.0656776712515
0.0407260867054
0.152557993479
0.074836603254
0.199837558931
0.164218047896
0.163419203901
0.139871594029
0.225414155883
0.0441449652817
0.496032136656
0.140381779309
0.0685532855283
0.0972222665067
0.240091582953
0.189691521882
0.0887861423792
0.143809974207
0.0425214799191
0.252420615031
0.222620559288
0.126674051141
0.0842572017497
0.0858562858424
0.161663653725
0.117891617794
0.130100299739
0.14914398877
0.0550574525755
0.0647771503703
0.038727518864
0.0869172821053
0.0809735751509
0.12066553763
0.22475896391
0.499890720274
0.103595953018
0.166807943612
0.10871745344
0.169660601144
0.488503943721
0.256352910361
0.168670931947
0.0675530987947
0.14545013463
0.0588411208407
0.0468105578598
0.145417654028
0.0413087474913
0.180495073383
0.149801574098
0.151254546684
0.163684967982
0.138010529943
0.0968523896152
0.211414375402
0.0566823691363
0.0625721775135
0.0709370253769
0.175876887873
0.49993007587
0.133050026624
0.190954641196
0.0892861272645
0.12599948954
0.0377225783882
0.132472179507
0.108671789739
0.13053439703
0.11059664727
0.13019192804
0.0380813231398
0.308447819521
0.0774062655241
0.0386600051731
0.0743166543637
0.0525832285849
0.115300946059
0.17597216601
0.244817368461
0.0594406638353
0.499924980951
0.499937965505
0.154588867924
0.124058791186
0.188639463094
0.131137055581
0.18227186891
0.127812935842
0.4842040223
0.0431666786462
0.168282588321
0.0831983898225
0.0709748237775
0.499952655167
0.0377510933504
0.0678377765241
0.466550023426
0.0405648508649
0.499918956438
0.488355325398
0.0377781372822
0.49993594539
0.0378416363222
0.499951940876
0.143872395016
0.045631917962
0.172115612074
0.131214779342
0.220791936724
0.0382138812972
0.242880506753
0.499927792973
0.0699921417327
0.0577305867554
0.0389436550026
0.101692802554
0.499944487152
0.0468613322661
0.0509625495916
0.146880559242
0.368628598839
0.0400923704906
0.0945368791584
0.499891482429
0.11756228293
0.170050626991
0.0457273422662
0.113741341548
0.0680730261603
0.226704463057
0.0373933479128
0.471804463387
0.088832811469
0.49994895985
0.127190422504
0.181166428922
0.143261233968
0.0519515626564
0.112293484184
0.174623259224
0.0540693827518
0.120673660677
0.0596810000839
0.130149092807
0.280269895938
0.208877318584
0.078538831212
0.0459686470924
0.0853943807573
0.145558635089
0.17782058064
0.499898825972
0.164830464295
0.210455838811
0.0760528988766
0.125286138037
0.106764645295
0.0693068059694
0.0924238819228
0.459309729769
0.178808686814
0.0606658250359
0.0378195242527
0.0439379699725
0.102357163943
0.116994644765
0.038861005941
0.466121175922
0.241736439702
0.0493515285077
0.163184541232
0.0374194695013
0.182386648114
0.0377745128045
0.270512700845
0.122886412633
0.0380971099517
0.499925411865
0.105396336215
0.0790619350134
0.19378637573
0.241136360292
0.194857603732
0.154744039343
0.472731108408
0.0630082301388
0.499944469409
0.19912927924
0.044239446922
0.476992880631
0.499947068869
0.499959060387
0.037767793416
0.209176853257
0.0388916721923
0.138981162699
0.213268805005
0.109779073582
0.178225051059
0.470856038968
0.257410739364
0.110696146202
0.13060481285
0.0436979977764
0.266173317482
0.0377319300107
0.216542846461
0.139262283907
0.165028132562
0.195806475325
0.075313689853
0.487704387674
0.0634132218749
0.2762654134
0.0851318023176
0.0628772407491
0.499938173985
0.060830517861
0.0890882497884
0.0381457218953
0.037798672957
0.204293151988
0.214627217845
0.0572200774894
0.109777785291
0.499960402043
0.0421210128472
0.0610024229072
0.0388905817201
0.0385050479546
0.0390060497907
0.0799667522422
0.0924202809841
0.168226288485
0.0378143921601
0.104094086917
0.0977865529878
0.320546991069
0.498687499618
0.155539672528
0.037669365751
0.0381181865633
0.482503519772
0.114541085803
0.101136798455
0.0591739540846
0.0815733036957
0.208759258201
0.127448298189
0.251869381393
0.0745724189025
0.0438984503825
0.112565750126
0.177662078421
0.0989205142452
0.259158455604
0.265772612736
0.0841979530074
0.0438874279843
0.0631443262233
0.127551433826
0.499959569638
0.148389992826
0.0425317992781
0.130153077716
0.037737642419
0.105952013997
0.264391873158
0.102711104038
0.17301630786
0.0561102804793
0.0376916557977
0.242269186995
0.231715905954
0.134578752958
0.0378416888436
0.0379269811839
0.151944303241
0.128672083753
0.0532519798484
0.23305988519
0.155390433216
0.13918155924
0.149409469959
0.0436517670637
0.12332825349
0.124538527197
0.0377285756823
0.491682076622
0.109611377883
0.130695665566
0.141503931065
0.25358054438
0.103922051503
0.115610888772
0.499872140073
0.154404617697
0.0952633857563
0.0376705363215
0.0377444864869
0.12350033808
0.0446700896905
0.103531591665
0.115831363649
0.487995040112
0.110382870073
0.14427130114
0.0874259106383
0.470338563253
0.181528079808
0.0385118305914
0.127133544759
0.208167160171
0.231526231779
0.215098607778
0.499706496705
0.235717234357
0.180855654491
0.147346621926
0.157106937682
0.487841922706
0.214401147392
0.0466876311793
0.145519591616
0.131731236593
0.0939866891648
0.0775011901564
0.210283084074
0.142815909343
0.0376869761063
0.0377238903566
0.0668640226258
0.125628504263
0.326462511599
0.242777633146
0.48348358905
0.0482743035128
0.0437514312862
0.209692647756
0.1687174029
0.0465463655286
0.0630137565432
0.49995741681
0.125533318595
0.193047385596
0.0377943187427
0.0380100124028
0.499956388874
0.499852572276
0.0376768825623
0.0789381998139
0.104434100163
0.111423635312
0.459847231368
0.19988169935
0.168705965426
0.231201340461
0.131677518592
0.499835848652
0.0449822269018
0.104982024723
0.100715743884
0.0840791970727
0.0388153365284
0.178023742409
0.125549679624
0.129903635369
0.125505290628
0.0867208317088
0.216144541851
0.152707517087
0.499927654713
0.499966925832
0.181912903241
0.499875591236
0.181358332976
0.0632755700748
0.0979722158053
0.499809014535
0.0784075665282
0.0879941608884
0.0377523812425
0.258515723202
0.499877444693
0.0377700767913
